# XviD 2pass stat file (core version 1.4.-127)
# Please do not modify this file

i 2 920 0 0 2596 2596
p 2 0 0 920 137 137
p 2 0 0 920 137 137
p 2 0 0 920 137 137
p 2 0 0 920 137 137
p 2 0 0 920 137 137
p 2 0 0 920 137 137
p 2 0 0 920 137 137
p 2 0 0 920 137 137
p 2 0 0 920 137 137
p 2 0 0 920 137 137
p 2 0 0 920 137 137
p 2 0 0 920 137 137
p 2 0 0 920 137 137
p 2 0 0 920 137 137
p 2 0 0 920 137 137
p 2 0 0 920 137 137
p 2 0 0 920 137 137
p 2 0 0 920 137 137
p 2 0 0 920 137 137
p 2 0 0 920 137 137
p 2 0 0 920 137 137
p 2 0 0 920 137 137
p 2 0 0 920 137 137
i 2 920 0 0 15818 3332
p 2 0 575 345 782 667
p 2 0 577 343 2300 859
p 2 0 473 447 710 590
p 2 1 472 447 2243 729
p 2 0 398 522 659 524
p 2 3 416 501 2434 688
p 2 0 351 569 615 484
p 2 0 365 555 2958 691
p 2 0 350 570 631 473
p 2 14 393 513 3100 828
p 2 0 310 610 583 450
p 2 19 372 529 3397 834
p 2 0 337 583 631 467
p 2 12 380 528 4075 804
p 2 0 342 578 690 511
p 2 12 384 524 3064 785
p 2 0 302 618 611 443
p 2 13 365 542 3297 764
p 2 0 324 596 592 450
p 2 1 376 543 2803 697
p 2 0 274 646 565 415
p 2 6 324 590 2670 674
p 2 0 306 614 542 426
p 2 0 360 560 2550 675
p 2 0 283 637 536 407
p 2 47 308 565 2921 826
p 2 0 319 601 577 449
p 2 11 376 533 2802 796
p 2 0 298 622 575 427
p 2 30 349 541 3644 872
p 2 0 302 618 573 436
p 2 18 370 532 3631 864
p 2 0 327 593 626 453
p 2 8 401 511 3283 851
p 2 0 362 558 641 477
p 2 5 411 504 3663 862
p 2 0 327 593 635 453
p 2 1 426 493 3239 803
p 2 0 394 526 749 561
p 2 10 411 499 3670 875
p 2 0 391 529 682 506
p 2 12 407 501 3458 904
p 2 0 362 558 683 496
p 2 12 407 501 3424 878
p 2 0 339 581 602 463
p 2 0 414 506 2103 695
p 2 0 323 597 608 462
p 2 0 380 540 2340 696
p 2 0 357 563 625 486
p 2 4 395 521 2427 712
p 2 0 336 584 636 464
p 2 0 389 531 2747 740
p 2 0 314 606 596 443
p 2 9 362 549 4032 789
p 2 0 336 584 660 473
p 2 9 350 561 3118 753
p 2 0 306 614 593 436
p 2 12 319 589 3458 729
p 2 0 310 610 575 439
p 2 1 342 577 2770 665
p 2 0 258 662 530 398
p 2 25 337 558 3104 755
p 2 0 314 606 559 435
p 2 1 376 543 2241 654
p 2 0 277 643 531 412
p 2 7 345 568 2523 676
p 2 0 318 602 598 450
p 2 37 302 581 3395 824
p 2 0 325 595 608 456
p 2 39 319 562 3022 811
p 2 0 312 608 585 441
p 2 29 328 563 3278 857
p 2 0 308 612 576 434
p 2 56 315 549 4483 963
p 2 0 311 609 603 448
p 2 3 375 542 3372 816
p 2 0 279 641 569 433
p 2 6 381 533 3557 824
p 2 0 328 592 617 461
p 2 20 354 546 2771 771
p 2 0 340 580 617 470
p 2 15 368 537 3119 791
p 2 0 321 599 590 449
p 2 13 370 537 2839 791
p 2 0 292 628 592 431
p 2 64 336 520 3816 1008
p 2 0 317 603 592 448
p 2 25 339 556 3708 882
p 2 0 330 590 617 466
p 2 35 339 546 3623 866
p 2 0 322 598 589 448
p 2 10 384 526 3958 809
p 2 0 322 598 594 445
p 2 10 383 527 3091 776
p 2 0 320 600 588 450
p 2 12 329 579 3278 729
p 2 0 276 644 556 421
p 2 1 347 572 2687 673
p 2 0 232 688 526 400
p 2 5 318 597 2575 672
p 2 0 300 620 576 433
p 2 0 317 603 2558 666
p 2 0 287 633 556 424
p 2 48 303 569 2762 811
p 2 0 297 623 567 425
p 2 12 319 589 2768 750
p 2 0 308 612 543 421
p 2 29 355 536 3713 889
p 2 0 336 584 569 459
p 2 16 372 532 3623 871
p 2 0 338 582 613 460
p 2 6 412 502 3239 844
p 2 0 341 579 585 452
p 2 5 405 510 3546 851
p 2 0 353 567 644 472
p 2 1 415 504 3242 813
p 2 0 369 551 683 523
p 2 8 417 495 3630 865
p 2 0 381 539 697 511
p 2 13 422 485 3487 923
p 2 0 361 559 669 499
p 2 11 392 517 3428 867
p 2 0 351 569 658 493
p 2 0 416 504 2160 708
p 2 0 329 591 614 466
p 2 0 410 510 2323 694
p 2 0 330 590 582 446
p 2 4 383 533 2427 700
p 2 0 342 578 620 472
p 2 0 381 539 2804 717
p 2 0 320 600 579 432
p 2 11 378 531 3952 817
p 2 0 346 574 635 486
p 2 10 367 543 3096 778
p 2 0 327 593 619 457
p 2 13 338 569 3283 746
p 2 0 312 608 601 447
p 2 1 327 592 2780 658
p 2 0 292 628 566 429
p 2 3 330 587 2527 672
p 2 0 261 659 554 404
p 2 1 334 585 2618 682
p 2 0 237 683 510 378
p 2 46 311 563 2886 806
p 2 0 280 640 542 413
p 2 11 310 599 2672 717
p 2 0 292 628 552 412
p 2 26 333 561 3847 877
p 2 0 305 615 585 444
p 2 18 356 546 3723 883
p 2 0 336 584 627 466
p 2 7 380 533 3234 815
p 2 0 353 567 601 463
p 2 3 386 531 3606 828
p 2 0 364 556 653 478
p 2 1 411 508 3267 803
p 2 0 348 572 662 483
p 2 7 394 519 3714 845
p 2 0 373 547 694 498
p 2 12 375 533 3389 883
p 2 0 322 598 625 462
p 2 12 395 513 3447 899
p 2 0 359 561 668 486
p 2 0 399 521 2218 697
p 2 0 373 547 658 498
p 2 0 394 526 2457 705
p 2 0 314 606 572 444
p 2 4 378 538 2341 696
p 2 0 301 619 573 440
p 2 0 391 529 2847 727
p 2 0 304 616 610 438
p 2 12 405 503 3934 833
p 2 0 310 610 617 447
p 2 10 363 547 3160 774
p 2 0 337 583 593 458
p 2 12 373 535 3285 767
p 2 0 270 650 536 407
p 2 1 361 558 2764 680
p 2 0 285 635 556 418
p 2 26 319 575 3132 742
p 2 0 284 636 568 427
p 2 1 329 590 2192 609
p 2 0 274 646 588 420
p 2 7 312 601 2425 638
p 2 0 302 618 561 442
p 2 39 299 582 3307 819
p 2 0 307 613 590 437
p 2 40 331 549 2931 819
p 2 0 299 621 559 424
p 2 26 346 548 3325 854
p 2 0 302 618 558 432
p 2 57 317 546 4452 950
p 2 0 315 605 609 456
p 2 3 374 543 3325 790
p 2 0 298 622 581 428
p 2 5 375 540 3583 826
p 2 0 306 614 608 454
p 2 18 355 547 2736 753
p 2 0 303 617 567 430
p 2 15 342 563 3043 752
p 2 0 296 624 589 437
p 2 14 350 556 2745 781
p 2 0 302 618 590 440
p 2 62 341 517 3709 982
p 2 0 306 614 593 440
p 2 24 355 541 3700 904
p 2 0 317 603 604 445
p 2 35 359 526 3635 888
p 2 0 315 605 561 439
p 2 10 348 562 3859 789
p 2 0 320 600 612 460
p 2 10 374 536 3099 775
p 2 0 310 610 605 451
p 2 12 308 600 3077 704
p 2 0 270 650 562 430
p 2 1 343 576 2754 669
p 2 0 256 664 536 391
p 2 4 306 610 2528 671
p 2 0 268 652 553 403
p 2 0 338 582 2430 654
p 2 0 274 646 494 391
p 2 46 314 560 2926 821
p 2 0 275 645 513 397
p 2 12 325 583 2728 757
p 2 0 291 629 538 416
p 2 26 331 563 3819 853
p 2 0 294 626 570 426
p 2 15 349 556 3644 866
p 2 0 317 603 588 451
p 2 8 402 510 3379 863
p 2 0 333 587 589 453
p 2 3 397 520 3673 844
p 2 0 330 590 597 449
p 2 1 392 527 3245 766
p 2 0 364 556 713 525
p 2 10 403 507 3732 868
p 2 0 376 544 656 493
p 2 14 376 530 3478 879
p 2 0 378 542 688 504
p 2 12 401 507 3497 891
p 2 0 387 533 683 512
p 2 0 406 514 2150 705
p 2 0 346 574 643 477
p 2 0 428 492 2379 719
p 2 0 315 605 599 449
p 2 4 380 536 2370 699
p 2 0 300 620 590 434
p 2 0 376 544 2728 713
p 2 0 331 589 598 450
p 2 10 491 419 4078 913
p 2 0 382 538 714 526
p 2 9 347 564 3033 737
p 2 0 360 560 637 473
p 2 13 354 553 3323 761
p 2 0 306 614 600 451
p 2 1 349 570 2741 655
p 2 0 269 651 527 403
p 2 4 361 555 2555 695
p 2 0 306 614 558 437
p 2 1 330 589 2524 681
p 2 0 294 626 526 418
p 2 46 319 555 2992 834
i 2 920 0 0 36492 3836
p 2 0 843 77 7747 992
p 2 23 821 76 25642 1522
p 2 0 788 132 9103 1044
p 2 1 788 131 19825 1262
p 2 0 720 200 8870 963
p 2 2 797 121 20505 1272
p 2 0 806 114 8962 1017
p 2 5 756 159 14614 1091
p 2 0 748 172 9922 986
p 2 5 811 104 14074 1125
p 2 0 754 166 9806 997
p 2 0 703 217 13748 1011
p 2 0 681 239 9616 934
p 2 0 685 235 13076 1003
p 2 0 797 123 9750 1025
p 2 0 629 291 10406 902
p 2 0 738 182 13320 1054
p 2 0 711 209 10208 962
p 2 0 741 179 10023 972
p 2 0 737 183 10422 972
p 2 0 763 157 10600 1006
p 2 0 743 177 10183 980
p 2 0 763 157 10424 1000
p 2 0 704 216 10073 950
p 2 0 744 176 10285 993
p 2 0 707 213 10547 967
p 2 0 679 241 10366 936
p 2 0 746 174 10450 1007
p 2 0 711 209 10514 971
p 2 0 684 236 10366 939
p 2 0 776 144 10917 1027
p 2 0 738 182 10722 990
p 2 0 773 147 10326 1014
p 2 0 707 213 10910 966
p 2 0 689 231 10448 943
p 2 0 742 178 10383 967
p 2 0 786 134 10970 1018
p 2 0 614 306 10542 894
p 2 0 710 210 10365 971
p 2 0 705 215 11115 963
p 2 0 783 137 10886 1039
p 2 3 681 236 23367 1240
p 2 0 720 200 9470 964
p 2 2 713 205 22893 1279
p 2 0 771 149 9144 1004
p 2 1 767 152 22687 1267
p 2 0 798 122 9497 1054
p 2 0 760 160 19850 1183
p 2 0 727 193 9191 970
p 2 0 720 200 20719 1177
p 2 0 747 173 8727 967
p 2 0 783 137 9689 986
p 2 0 748 172 10318 992
p 2 0 747 173 10370 968
p 2 0 701 219 9861 951
p 2 0 736 184 10559 975
p 2 0 706 214 10377 947
p 2 0 757 163 10226 981
p 2 0 747 173 10769 989
p 2 0 689 231 10245 935
p 2 0 704 216 10415 938
p 2 0 641 279 10224 895
p 2 0 710 210 10497 958
p 2 0 700 220 10623 954
p 2 0 749 171 10072 979
p 2 0 713 207 10723 954
p 2 0 689 231 10215 925
p 2 0 763 157 10367 998
p 2 0 762 158 10369 1002
p 2 0 693 227 10374 938
p 2 0 735 185 10085 965
p 2 0 683 237 10401 928
p 2 0 712 208 10467 961
p 2 0 777 143 10439 1016
p 2 0 689 231 10595 953
p 2 0 675 245 10117 933
p 2 0 744 176 10757 989
p 2 32 755 133 28630 1577
p 2 0 786 134 8986 1031
p 2 7 784 129 24065 1371
p 2 0 744 176 9273 998
p 2 8 802 110 23806 1365
p 2 0 761 159 9107 1002
p 2 4 775 141 23322 1341
p 2 0 776 144 9147 1002
p 2 4 812 104 21043 1306
p 2 0 797 123 9124 1034
p 2 2 753 165 19058 1178
p 2 0 741 179 9036 987
p 2 1 769 150 19199 1176
p 2 0 712 208 9152 964
p 2 0 705 215 10485 948
p 2 0 689 231 10673 955
p 2 0 801 119 10485 1020
p 2 0 767 153 11127 1015
p 2 0 678 242 10247 928
p 2 0 744 176 11124 997
p 2 0 663 257 10773 932
p 2 0 709 211 10715 968
p 2 0 716 204 11267 971
p 2 0 759 161 10381 996
p 2 0 687 233 10992 947
p 2 0 684 236 10789 925
p 2 0 745 175 10697 999
p 2 0 728 192 11169 991
p 2 0 677 243 10819 951
p 2 0 755 165 10961 1017
p 2 0 731 189 10786 990
p 2 0 800 120 10534 1047
p 2 0 686 234 10925 953
p 2 0 704 216 10854 960
p 2 0 754 166 10531 1005
p 2 0 751 169 10896 1003
p 2 0 655 265 10633 936
p 2 0 730 190 10449 1003
p 2 0 733 187 10684 979
p 2 0 747 173 11019 1008
p 2 0 755 165 10392 1011
p 2 0 682 238 10682 949
p 2 0 696 224 10775 961
p 2 0 748 172 10448 1008
p 2 0 710 210 10619 970
p 2 0 737 183 10897 986
p 2 0 710 210 10098 971
p 2 0 701 219 10663 977
p 2 0 731 189 10596 977
p 2 0 756 164 10419 1014
p 2 0 693 227 10510 962
p 2 0 677 243 10769 954
p 2 0 740 180 10461 991
p 2 0 705 215 10744 968
p 2 1 726 193 19579 1147
p 2 0 741 179 8864 991
p 2 1 722 197 19423 1140
p 2 0 689 231 8960 936
p 2 0 782 138 19186 1197
p 2 0 818 102 8847 1042
p 2 0 660 260 17395 1071
p 2 0 691 229 8870 940
p 2 0 770 150 16229 1104
p 2 0 668 252 8602 906
p 2 0 732 188 9770 953
p 2 0 768 152 10380 1004
p 2 0 725 195 10405 957
p 2 0 731 189 10257 974
p 2 0 770 150 10530 1000
p 2 0 726 194 10547 960
p 2 0 725 195 10265 960
p 2 0 752 168 10545 1001
p 2 0 659 261 10724 939
p 2 0 718 202 10240 971
p 2 0 722 198 10510 959
p 2 0 739 181 10558 983
p 2 0 733 187 10306 958
p 2 0 743 177 10712 994
p 2 0 661 259 10704 914
p 2 0 706 214 10254 966
p 2 0 739 181 10622 984
p 2 0 753 167 10668 992
p 2 0 730 190 10392 969
p 2 0 695 225 10641 955
p 2 0 653 267 10621 913
p 2 0 682 238 9293 925
i 2 920 0 0 17921 3252
p 2 0 460 460 579 540
p 2 0 409 511 524 500
p 2 0 340 580 446 427
p 2 0 308 612 413 397
p 2 0 131 789 261 253
p 2 0 240 680 341 330
p 2 0 158 762 276 272
p 2 0 125 795 247 240
p 2 0 107 813 240 230
p 2 0 91 829 223 219
p 2 0 92 828 229 222
p 2 0 123 797 240 238
p 2 0 121 799 251 245
p 2 0 69 851 198 196
p 2 0 43 877 178 175
p 2 0 62 858 202 193
p 2 0 100 820 224 221
p 2 0 52 868 182 181
p 2 0 76 844 204 201
p 2 0 125 795 242 239
p 2 0 161 759 271 266
p 2 0 52 868 187 183
p 2 0 105 815 231 225
p 2 0 148 772 263 255
p 2 0 43 877 176 174
p 2 0 71 849 208 199
p 2 0 102 818 218 216
p 2 0 70 850 197 193
p 2 0 115 805 237 226
p 2 0 132 788 243 237
p 2 0 30 890 166 164
p 2 0 71 849 199 196
p 2 0 63 857 194 191
p 2 0 25 895 160 159
p 2 0 30 890 165 162
p 2 0 38 882 173 170
p 2 0 30 890 168 162
p 2 0 35 885 176 169
p 2 0 65 855 196 193
p 2 0 23 897 159 158
p 2 0 33 887 173 165
p 2 0 56 864 191 187
p 2 0 56 864 181 180
p 2 0 48 872 179 175
p 2 0 69 851 196 193
p 2 0 23 897 159 157
p 2 0 36 884 175 170
p 2 0 89 831 213 207
p 2 0 20 900 155 154
p 2 0 44 876 178 176
p 2 0 37 883 168 168
p 2 0 39 881 175 172
p 2 0 34 886 171 167
p 2 0 93 827 212 210
p 2 0 18 902 152 152
p 2 0 24 896 165 160
p 2 0 79 841 200 198
p 2 0 30 890 162 161
p 2 0 61 859 191 187
p 2 0 110 810 225 221
p 2 0 39 881 168 167
p 2 0 57 863 184 179
p 2 0 56 864 183 182
p 2 0 35 885 170 166
p 2 0 42 878 177 173
p 2 0 45 875 177 176
p 2 0 20 900 155 154
p 2 0 38 882 176 172
p 2 0 43 877 176 175
p 2 0 15 905 150 150
p 2 0 24 896 162 158
p 2 0 35 885 168 167
p 2 0 18 902 154 154
p 2 0 38 882 177 170
p 2 0 25 895 163 160
p 2 0 32 888 162 160
p 2 0 21 899 155 155
p 2 0 61 859 188 186
p 2 0 52 868 185 181
p 2 0 12 908 149 148
p 2 0 21 899 155 154
p 2 0 38 882 177 170
p 2 0 19 901 156 155
p 2 0 34 886 168 165
p 2 0 41 879 177 174
p 2 0 38 882 168 167
p 2 0 69 851 189 187
p 2 0 51 869 186 179
p 2 0 73 847 194 192
p 2 0 76 844 193 193
p 2 0 48 872 181 180
p 2 0 142 778 242 238
p 2 0 25 895 162 159
p 2 0 49 871 182 180
p 2 0 85 835 202 199
p 2 0 25 895 159 157
p 2 0 36 884 175 169
p 2 0 23 897 158 158
p 2 0 18 902 151 151
p 2 0 79 841 206 201
p 2 0 64 856 183 182
p 2 0 36 884 170 168
p 2 0 31 889 167 165
p 2 0 18 902 152 152
p 2 0 51 869 183 179
p 2 0 79 841 200 197
p 2 0 139 781 235 231
p 2 0 21 899 160 156
p 2 0 77 843 202 194
i 2 920 0 0 44744 3972
p 2 2 888 30 11188 1249
p 2 0 887 33 11325 1182
p 2 1 840 79 14379 1223
p 2 0 880 40 11712 1189
p 2 0 848 72 14279 1223
p 2 0 876 44 11754 1186
p 2 3 792 125 14794 1209
p 2 0 866 54 11735 1189
p 2 0 819 101 14225 1196
p 2 0 869 51 11832 1187
p 2 0 841 79 14560 1235
p 2 0 834 86 11722 1174
p 2 0 857 63 12198 1197
p 2 0 816 104 14323 1202
p 2 0 859 61 11947 1194
p 2 1 863 56 14313 1234
p 2 0 827 93 12349 1200
p 2 4 844 72 14991 1267
p 2 0 874 46 12163 1210
p 2 2 869 49 14729 1266
p 2 0 859 61 12439 1224
p 2 3 894 23 14612 1271
p 2 0 871 49 12282 1212
p 2 0 876 44 12694 1210
p 2 0 827 93 12658 1185
p 2 0 882 38 12661 1212
p 2 1 856 63 15094 1250
p 2 0 878 42 12308 1234
p 2 2 858 60 14739 1260
p 2 0 881 39 12143 1216
p 2 4 813 103 15305 1263
p 2 0 880 40 11900 1215
p 2 1 853 66 14552 1233
p 2 0 847 73 12004 1197
p 2 1 829 90 14449 1231
p 2 0 858 62 11761 1200
p 2 0 881 39 12317 1234
p 2 1 885 34 14611 1262
p 2 0 856 64 12137 1223
p 2 0 856 64 14774 1263
p 2 0 869 51 12501 1237
p 2 4 861 55 15682 1296
p 2 0 874 46 12729 1230
p 2 2 861 57 15805 1291
p 2 0 836 84 12940 1227
p 2 3 843 74 15034 1274
p 2 0 873 47 12794 1249
p 2 0 889 31 13072 1244
p 2 0 870 50 12846 1232
p 2 0 870 50 13367 1219
p 2 0 858 62 12764 1228
p 2 1 878 41 15607 1277
p 2 0 870 50 12688 1233
p 2 0 875 45 14611 1272
p 2 0 865 55 14597 1266
p 2 0 887 33 13042 1245
p 2 0 862 58 12784 1236
p 2 1 885 34 15209 1297
p 2 0 849 71 12826 1240
p 2 0 885 35 14654 1269
p 2 0 836 84 14788 1256
p 2 0 895 25 12922 1235
p 2 0 871 49 12813 1236
p 2 2 872 46 15366 1292
p 2 0 873 47 13030 1251
p 2 0 881 39 15050 1266
p 2 0 873 47 15021 1259
p 2 0 894 26 13133 1247
p 2 0 883 37 12931 1244
p 2 2 838 80 15475 1256
p 2 0 865 55 12755 1222
p 2 1 835 84 14827 1260
p 2 0 860 60 12746 1228
p 2 0 889 31 15016 1287
p 2 0 812 108 12773 1203
p 2 0 881 39 15149 1300
p 2 0 826 94 13019 1229
p 2 0 878 42 14936 1296
p 2 0 863 57 13051 1243
p 2 0 872 48 14849 1284
p 2 0 838 82 12959 1240
p 2 0 889 31 13068 1283
p 2 1 869 50 15367 1299
p 2 1 893 26 13477 1289
p 2 2 845 73 15169 1300
p 2 0 886 34 13589 1276
p 2 3 877 40 16440 1313
p 2 0 895 25 13611 1275
p 2 2 834 84 16510 1303
p 2 0 882 38 13124 1279
p 2 4 867 49 15844 1323
p 2 0 901 19 13291 1281
p 2 1 849 70 15858 1296
p 2 0 883 37 13202 1271
p 2 2 877 41 15420 1321
p 2 0 840 80 13244 1254
p 2 3 830 87 16020 1313
p 2 0 882 38 13098 1274
p 2 2 891 27 15567 1311
p 2 0 896 24 13215 1275
p 2 0 861 59 15471 1277
p 2 0 902 18 13253 1266
p 2 0 853 67 13448 1240
p 2 0 889 31 13424 1269
p 2 1 882 37 15781 1287
p 2 0 897 23 13257 1267
p 2 2 830 88 16069 1298
p 2 0 858 62 13388 1234
p 2 0 871 49 13524 1248
p 2 0 879 41 15889 1298
p 2 0 872 48 13453 1250
p 2 2 883 35 15654 1295
p 2 0 868 52 16028 1292
p 2 0 895 25 13232 1255
p 2 0 888 32 13557 1254
p 2 0 893 27 15892 1303
p 2 0 846 74 13185 1223
p 2 2 892 26 15677 1299
p 2 0 859 61 16110 1275
p 2 1 890 29 13310 1258
p 2 0 894 26 13632 1244
p 2 0 878 42 15854 1287
p 2 0 866 54 13351 1252
p 2 2 873 45 15330 1263
p 2 2 882 36 15820 1293
p 2 0 890 30 13394 1234
p 2 0 842 78 13848 1220
p 2 1 887 32 15810 1296
p 2 0 878 42 13376 1215
p 2 15 875 30 24757 1525
p 2 0 861 59 13035 1211
p 2 18 861 41 24806 1533
p 2 0 861 59 13065 1212
p 2 0 892 28 13772 1222
p 2 21 864 35 25745 1566
p 2 0 847 73 12764 1187
p 2 0 860 60 13838 1206
p 2 19 868 33 26433 1549
p 2 0 878 42 13238 1215
p 2 0 878 42 15496 1233
p 2 0 819 101 14292 1192
p 2 0 871 49 15669 1233
p 2 0 866 54 14434 1205
p 2 0 878 42 16250 1241
p 2 0 833 87 14652 1218
p 2 6 878 36 26400 1482
p 2 0 850 70 13586 1204
p 2 5 896 19 24864 1441
p 2 0 842 78 13196 1183
p 2 0 893 27 13925 1226
p 2 0 866 54 22544 1330
p 2 0 867 53 13399 1212
p 2 0 853 67 14139 1216
p 2 1 877 42 22455 1364
p 2 0 883 37 12938 1210
p 2 0 831 89 13826 1180
p 2 1 864 55 18784 1313
p 2 0 898 22 13960 1225
p 2 0 874 46 13540 1207
p 2 0 837 83 20122 1316
p 2 0 868 52 13752 1220
p 2 7 885 28 20544 1371
p 2 0 880 40 13562 1224
p 2 5 883 32 21268 1365
p 2 0 859 61 13793 1225
p 2 9 878 33 21735 1392
p 2 0 894 26 13612 1235
p 2 12 860 48 20701 1407
p 2 0 882 38 13377 1231
p 2 0 900 20 14035 1234
p 2 0 856 64 13955 1223
p 2 0 862 58 14287 1231
p 2 0 868 52 19276 1323
p 2 0 878 42 14087 1232
p 2 0 862 58 18887 1295
p 2 0 889 31 13863 1236
p 2 0 870 50 17466 1289
p 2 0 894 26 13680 1240
p 2 0 829 91 18284 1301
p 2 0 894 26 13871 1244
p 2 1 885 34 17871 1297
p 2 0 865 55 13886 1228
p 2 4 843 73 18852 1322
p 2 2 848 70 13769 1221
p 2 4 838 78 18776 1290
p 2 1 871 48 13517 1211
p 2 0 858 62 14009 1193
p 2 0 854 66 13919 1189
p 2 0 852 68 13935 1201
p 2 1 855 64 14226 1197
p 2 1 891 28 13726 1193
p 2 0 846 74 14156 1179
p 2 4 867 49 26814 1476
p 2 0 831 89 13181 1154
p 2 3 886 31 26242 1455
p 2 0 878 42 12908 1193
p 2 5 859 56 25390 1450
p 2 0 900 20 13402 1203
p 2 1 880 39 23288 1361
p 2 0 898 22 13479 1207
p 2 4 856 60 24816 1379
p 2 0 891 29 13119 1203
p 2 0 867 53 16308 1225
p 2 0 873 47 13749 1190
p 2 0 847 73 16563 1216
p 2 0 893 27 13968 1216
p 2 0 884 36 14515 1231
p 2 0 894 26 14273 1219
p 2 0 837 83 14687 1195
p 2 0 881 39 14123 1197
p 2 0 896 24 14502 1211
p 2 0 862 58 14293 1187
p 2 0 846 74 14500 1200
p 2 0 888 32 14266 1213
p 2 0 870 50 14511 1210
p 2 0 897 23 14172 1216
p 2 0 875 45 14518 1212
p 2 0 898 22 14300 1216
i 2 920 0 0 20735 3260
p 2 0 906 14 5351 1024
p 2 0 880 40 6107 1020
p 2 0 875 45 6981 1035
p 2 0 891 29 6091 1032
p 2 0 891 29 6412 1025
p 2 0 893 27 6875 1052
p 2 0 888 32 6207 1026
p 2 0 876 44 6215 1018
p 2 0 866 54 6728 1040
p 2 0 893 27 6192 1028
p 2 0 884 36 6149 1010
p 2 0 839 81 6607 1014
p 2 0 889 31 6101 1007
p 2 0 874 46 6017 990
p 2 0 880 40 7008 1040
p 2 0 879 41 6106 1002
p 2 0 867 53 6224 995
p 2 0 837 83 5753 967
p 2 0 883 37 5979 1019
p 2 0 878 42 5579 1004
p 2 0 863 57 6128 997
p 2 0 872 48 5788 1004
p 2 0 885 35 6149 1009
p 2 0 891 29 6855 1031
p 2 0 874 46 6425 1013
p 2 0 869 51 6118 998
p 2 0 886 34 6934 1028
p 2 0 894 26 6043 994
p 2 0 869 51 6274 1012
p 2 0 851 69 6647 1002
p 2 0 846 74 6263 991
p 2 0 866 54 6292 1000
p 2 0 882 38 6328 1015
p 2 0 862 58 6394 985
p 2 0 879 41 6226 1010
p 2 0 872 48 6654 996
p 2 0 877 43 6394 997
p 2 0 866 54 6526 997
p 2 0 893 27 6167 999
p 2 0 848 72 6560 991
p 2 0 854 66 6379 997
p 2 0 891 29 6447 1016
p 2 0 847 73 6418 974
p 2 0 874 46 6657 1017
p 2 0 873 47 8366 1047
p 2 0 895 25 6813 1017
p 2 0 865 55 6849 987
p 2 0 888 32 8636 1041
p 2 0 881 39 6451 1002
p 2 0 874 46 7167 995
p 2 0 894 26 8091 1036
p 2 0 869 51 7111 1001
p 2 0 865 55 6725 993
p 2 0 883 37 8775 1073
p 2 0 879 41 6971 1014
p 2 0 856 64 6840 992
p 2 0 861 59 8541 1051
p 2 0 880 40 6887 1021
p 2 0 865 55 6657 1008
p 2 0 879 41 8256 1055
p 2 0 872 48 6639 1009
p 2 0 871 49 6901 1030
p 2 2 905 13 9880 1143
p 2 0 880 40 6939 1012
p 2 0 842 78 6934 989
p 2 1 889 30 9205 1088
p 2 0 865 55 7055 1006
p 2 0 866 54 7210 1007
p 2 0 881 39 9009 1084
p 2 0 873 47 6892 1020
p 2 0 874 46 6814 1013
p 2 0 858 62 8796 1056
p 2 0 841 79 7071 998
p 2 0 852 68 7001 997
p 2 0 885 35 10327 1101
p 2 0 863 57 7372 1019
p 2 0 848 72 7382 1002
p 2 0 885 35 9787 1092
p 2 0 873 47 7772 1028
p 2 0 872 48 7687 1031
p 2 0 868 52 9626 1072
p 2 0 823 97 7362 1001
p 2 0 862 58 7419 1013
p 2 0 890 30 9461 1071
p 2 0 865 55 7613 1017
p 2 0 884 36 7728 1027
p 2 0 887 33 8991 1070
p 2 0 874 46 7593 1012
p 2 0 857 63 7833 1024
p 2 0 857 63 9158 1013
p 2 0 841 79 7876 989
p 2 0 867 53 7915 998
p 2 0 872 48 8000 1017
p 2 0 850 70 7804 1018
p 2 0 846 74 7916 1007
p 2 0 819 101 7726 969
p 2 0 887 33 7817 1015
p 2 0 852 68 7919 985
p 2 0 813 107 8895 982
p 2 0 880 40 7778 1007
p 2 0 873 47 7984 1014
p 2 0 882 38 9502 1048
p 2 0 865 55 8089 1006
p 2 0 857 63 7888 985
p 2 0 857 63 9091 1013
p 2 0 803 117 7814 952
p 2 0 842 78 7767 977
p 2 0 825 95 9616 1021
p 2 0 860 60 7759 991
p 2 0 864 56 7429 993
p 2 3 834 83 10685 1078
p 2 0 813 107 7622 967
p 2 0 849 71 7573 1009
p 2 0 746 174 9849 1014
p 2 0 802 118 7411 956
p 2 0 806 114 7695 978
p 2 0 807 113 9386 1041
p 2 0 756 164 7621 939
p 2 0 796 124 7649 947
p 2 0 780 140 9139 986
p 2 0 719 201 7045 895
p 2 0 708 212 6760 867
p 2 0 692 228 8280 896
p 2 0 716 204 6188 848
p 2 0 628 292 6418 793
p 2 0 643 277 7467 824
p 2 0 635 285 5354 756
p 2 0 571 349 4894 695
p 2 0 570 350 4381 700
p 2 0 545 375 3711 668
p 2 0 375 545 1764 484
p 2 3 483 434 17483 894
p 2 0 411 509 916 499
p 2 1 397 522 14132 731
p 2 0 326 594 951 460
p 2 7 345 568 14096 718
p 2 0 318 602 851 445
p 2 40 427 453 23338 1278
p 2 0 357 563 923 496
p 2 34 408 478 20146 1138
p 2 0 359 561 1099 503
p 2 16 436 468 19450 1023
p 2 0 339 581 1015 482
p 2 15 427 478 20477 977
p 2 0 343 577 1177 482
p 2 24 430 466 24558 1096
p 2 0 335 585 1036 475
p 2 7 487 426 21476 958
p 2 0 301 619 1036 441
p 2 8 369 543 22661 901
p 2 0 305 615 1002 444
p 2 0 362 558 18670 727
p 2 0 286 634 1033 422
p 2 0 350 570 17785 697
p 2 0 291 629 942 424
p 2 0 181 739 449 303
p 2 0 97 823 268 224
p 2 0 135 785 381 258
p 2 0 153 767 395 272
p 2 0 220 700 7633 431
p 2 0 156 764 623 287
p 2 0 267 653 8637 468
p 2 0 195 725 626 318
p 2 0 161 759 471 281
p 2 0 195 725 482 306
p 2 0 220 700 6898 399
p 2 0 148 772 568 277
p 2 0 228 692 8451 442
p 2 0 252 668 676 365
p 2 0 227 693 7330 431
p 2 0 228 692 747 349
p 2 0 184 736 470 300
p 2 0 192 728 384 299
p 2 0 227 693 7440 432
p 2 0 195 725 607 319
p 2 40 270 610 12981 755
p 2 0 265 655 766 386
p 2 35 268 617 7058 668
p 2 0 225 695 594 343
p 2 18 266 636 8381 624
p 2 0 219 701 603 341
p 2 27 338 555 14720 793
p 2 0 225 695 756 351
p 2 19 319 582 16347 770
p 2 0 234 686 854 370
p 2 71 294 555 16821 967
p 2 0 242 678 827 376
p 2 95 382 443 19251 1297
p 2 0 341 579 811 466
p 2 128 351 441 24143 1535
p 2 0 289 631 820 429
p 2 258 447 215 49997 2780
p 2 0 395 525 1177 543
p 2 97 551 272 47056 2000
p 2 0 426 494 1370 574
p 2 136 503 281 43190 2134
p 2 0 455 465 1317 624
p 2 105 537 278 39349 1982
p 2 0 445 475 1235 570
p 2 0 361 559 830 475
p 2 23 581 316 35260 1421
p 2 0 482 438 1548 629
p 2 1 576 343 29811 1190
p 2 0 467 453 1513 615
p 2 5 547 368 30576 1182
p 2 0 472 448 1591 616
p 2 0 255 665 598 380
p 2 77 513 330 36645 1805
p 2 0 468 452 1399 611
p 2 6 578 336 30744 1282
p 2 0 458 462 1543 606
p 2 0 283 637 634 398
p 2 0 548 372 26012 1113
p 2 0 414 506 1317 558
p 2 0 360 560 862 468
p 2 0 498 422 27256 1076
p 2 0 439 481 1453 581
p 2 0 271 649 758 399
p 2 0 241 679 676 365
p 2 0 201 719 559 326
p 2 0 202 718 562 328
p 2 0 167 753 503 293
p 2 0 180 740 539 303
p 2 0 227 693 593 346
p 2 0 192 728 538 312
p 2 0 165 755 529 293
p 2 0 176 744 502 300
p 2 0 393 527 968 493
i 2 920 0 0 21556 3519
p 2 0 873 47 5441 1185
p 2 0 891 29 6083 1130
p 2 0 868 52 6243 1135
p 2 0 877 43 6500 1144
p 2 0 867 53 6280 1150
p 2 0 881 39 6310 1128
p 2 0 880 40 6222 1135
p 2 0 859 61 6138 1131
p 2 0 872 48 6436 1144
p 2 0 870 50 6269 1136
p 2 0 877 43 6476 1160
p 2 0 856 64 6394 1130
p 2 0 880 40 6653 1169
p 2 0 880 40 6365 1147
p 2 0 871 49 6711 1146
p 2 0 886 34 6439 1177
p 2 0 887 33 6688 1155
p 2 0 886 34 6321 1127
p 2 0 882 38 6568 1159
p 2 0 892 28 6560 1146
p 2 0 884 36 6706 1148
p 2 0 866 54 6320 1133
p 2 0 889 31 6588 1150
p 2 0 895 25 6277 1127
p 2 0 891 29 6361 1158
p 2 0 868 52 6499 1125
p 2 0 892 28 6238 1162
p 2 0 848 72 6351 1126
p 2 0 881 39 6564 1182
p 2 0 886 34 6370 1164
p 2 0 900 20 6602 1192
p 2 0 873 47 6625 1135
p 2 0 886 34 6329 1186
p 2 0 869 51 6658 1151
p 2 0 897 23 6390 1153
p 2 0 875 45 6429 1121
p 2 0 882 38 6410 1147
p 2 0 884 36 6595 1149
p 2 0 875 45 6150 1136
p 2 0 868 52 6550 1152
p 2 0 877 43 6144 1139
p 2 0 864 56 6382 1129
p 2 0 872 48 6365 1153
p 2 0 880 40 6333 1142
p 2 0 881 39 6321 1134
p 2 0 878 42 6663 1136
p 2 0 884 36 6375 1157
p 2 0 887 33 6633 1129
p 2 0 867 53 6674 1169
p 2 256 664 0 28558 3006
p 2 232 688 0 37038 3029
p 2 232 688 0 41208 3007
p 2 248 672 0 44164 3003
p 2 252 668 0 45528 3003
p 2 255 665 0 46978 2909
p 2 0 903 17 18272 1459
p 2 0 913 7 18739 1421
p 2 0 913 7 19190 1416
p 2 0 907 13 19227 1400
p 2 0 908 12 19387 1397
p 2 0 908 12 19853 1422
p 2 0 908 12 19374 1409
p 2 0 905 15 19540 1406
p 2 0 911 9 19629 1414
p 2 0 909 11 19469 1419
p 2 0 908 12 19613 1422
p 2 0 905 15 19452 1406
p 2 0 905 15 19888 1431
p 2 0 907 13 19301 1412
p 2 0 907 13 19670 1438
p 2 0 908 12 19317 1427
p 2 0 905 15 19524 1427
p 2 0 911 9 19524 1427
p 2 0 910 10 19654 1423
p 2 0 912 8 19854 1417
p 2 0 906 14 19331 1409
p 2 0 913 7 19521 1398
p 2 0 914 6 20004 1419
p 2 0 909 11 19904 1419
p 2 0 911 9 20151 1417
p 2 0 915 5 20170 1420
p 2 0 912 8 20351 1443
p 2 0 907 13 20060 1408
p 2 0 914 6 19784 1429
p 2 0 916 4 19784 1431
p 2 0 911 9 19768 1428
p 2 0 910 10 20033 1423
p 2 0 915 5 20190 1429
p 2 0 915 5 19641 1419
p 2 0 915 5 19776 1436
p 2 0 909 11 19880 1415
p 2 0 915 5 19972 1426
p 2 0 906 14 19901 1422
p 2 0 916 4 20080 1428
p 2 0 911 9 20231 1437
p 2 0 910 10 19405 1424
p 2 0 910 10 19625 1418
p 2 0 910 10 19792 1424
p 2 0 918 2 19847 1447
p 2 0 911 9 19716 1427
p 2 0 914 6 19940 1434
p 2 0 917 3 20042 1462
p 2 406 514 0 43907 3216
p 2 371 549 0 45939 3218
p 2 364 556 0 46479 3186
p 2 350 570 0 44039 3157
p 2 270 650 0 40556 3173
p 2 212 708 0 35593 3072
p 2 0 887 33 10630 1423
p 2 0 894 26 10957 1403
p 2 0 875 45 11173 1376
p 2 0 893 27 11031 1335
p 2 0 878 42 11010 1292
p 2 0 889 31 11184 1301
p 2 0 877 43 11251 1285
p 2 0 884 36 11117 1290
p 2 0 879 41 10994 1282
p 2 0 880 40 11044 1280
p 2 0 879 41 11198 1287
p 2 0 879 41 11147 1285
p 2 0 881 39 11175 1305
p 2 0 890 30 11171 1292
p 2 0 880 40 11362 1296
p 2 0 888 32 10961 1265
p 2 0 879 41 11009 1272
p 2 0 888 32 11082 1294
p 2 0 875 45 10925 1278
p 2 0 885 35 11130 1278
p 2 0 881 39 11106 1289
p 2 0 886 34 11140 1318
p 2 0 883 37 11173 1290
p 2 0 888 32 11266 1282
p 2 0 879 41 11215 1289
p 2 0 888 32 11131 1280
p 2 0 887 33 11250 1295
p 2 0 889 31 11200 1285
p 2 0 879 41 11430 1300
p 2 0 891 29 11026 1286
p 2 0 877 43 11033 1276
p 2 0 887 33 11083 1274
p 2 0 880 40 11086 1302
p 2 0 886 34 11031 1288
p 2 0 882 38 10757 1282
p 2 0 886 34 11051 1282
p 2 0 871 49 11147 1274
p 2 0 891 29 11042 1280
p 2 0 891 29 11212 1297
p 2 0 892 28 11172 1291
p 2 0 884 36 11141 1285
p 2 0 877 43 11126 1254
p 2 0 880 40 11271 1271
p 2 0 879 41 11332 1274
p 2 0 884 36 11414 1286
p 2 0 884 36 10983 1282
p 2 0 881 39 11184 1267
p 2 0 890 30 11024 1274
p 2 360 560 0 32776 2999
p 2 337 583 0 38686 3111
p 2 317 603 0 41637 3126
p 2 306 614 0 41258 3130
p 2 290 630 0 43268 3124
p 2 301 619 0 40020 2992
p 2 2 877 41 16723 1336
p 2 0 854 66 12742 1160
p 2 7 873 40 15953 1268
p 2 0 884 36 15535 1235
p 2 0 875 45 11850 1178
p 2 4 881 35 16463 1300
p 2 0 880 40 12035 1181
p 2 1 877 42 15712 1245
p 2 1 871 48 12286 1186
p 2 6 878 36 16020 1289
p 2 2 883 35 15203 1254
p 2 0 873 47 11703 1170
p 2 2 868 50 16110 1264
p 2 0 884 36 11960 1169
p 2 1 889 30 15476 1235
p 2 0 881 39 12088 1167
p 2 3 870 47 15724 1242
p 2 0 892 28 15092 1238
p 2 0 882 38 11743 1157
p 2 5 874 41 16002 1250
p 2 0 876 44 11919 1170
p 2 3 885 32 16234 1264
p 2 0 885 35 12091 1165
p 2 3 880 37 16486 1265
p 2 0 872 48 11911 1162
p 2 3 884 33 16180 1258
p 2 0 871 49 11507 1163
p 2 3 869 48 14913 1245
p 2 1 871 48 14122 1229
p 2 0 877 43 11460 1169
p 2 2 862 56 14871 1235
p 2 0 883 37 11431 1174
p 2 1 867 52 14454 1235
p 2 0 879 41 11622 1151
p 2 3 861 56 14472 1207
p 2 0 877 43 14041 1228
p 2 0 881 39 11296 1165
p 2 2 881 37 14141 1225
p 2 0 869 51 11183 1148
p 2 1 886 33 14175 1220
p 2 0 854 66 11456 1136
p 2 3 880 37 14252 1223
p 2 0 864 56 13589 1202
p 2 0 883 37 11230 1167
p 2 1 855 64 13987 1207
p 2 0 886 34 11375 1166
p 2 0 870 50 14030 1208
p 2 0 872 48 11661 1176
p 2 3 858 59 14197 1231
p 2 0 883 37 11428 1169
p 2 0 844 76 13650 1212
p 2 0 880 40 11359 1168
p 2 0 869 51 11471 1171
p 2 0 881 39 11215 1183
p 2 0 856 64 11460 1183
p 2 0 865 55 11305 1163
p 2 31 843 46 27425 1641
p 2 0 873 47 11934 1139
p 2 53 825 42 26791 1709
p 2 0 880 40 12167 1164
p 2 2 886 32 21892 1402
p 2 0 877 43 12279 1157
p 2 1 864 55 23030 1422
p 2 0 881 39 12184 1159
p 2 0 878 42 11990 1163
p 2 0 872 48 11499 1159
p 2 0 872 48 11907 1171
p 2 0 887 33 11537 1178
p 2 0 871 49 11757 1168
p 2 0 872 48 11807 1155
p 2 0 850 70 12049 1150
i 2 920 0 0 54209 4203
p 2 0 165 755 401 295
p 2 326 352 242 43588 2756
p 2 0 327 593 1158 475
p 2 15 362 543 15313 903
p 2 152 421 347 30326 1834
p 2 8 494 418 16914 1051
p 2 0 301 619 936 451
p 2 3 466 451 20936 958
p 2 0 330 590 1158 472
p 2 0 254 666 3449 409
p 2 3 387 530 18193 833
p 2 2 308 610 4804 490
p 2 0 225 695 767 356
p 2 2 383 535 20641 851
p 2 2 503 415 10546 866
p 2 0 382 538 3864 544
p 2 3 440 477 17775 870
p 2 3 500 417 12314 858
p 2 12 480 428 21698 1098
p 2 0 503 417 11402 829
p 2 0 305 615 931 435
p 2 0 273 647 3469 419
p 2 12 436 472 21364 1021
p 2 2 510 408 12027 857
p 2 0 349 571 1111 484
p 2 4 410 506 21055 911
p 2 1 483 436 9247 799
p 2 3 489 428 20562 942
p 2 0 333 587 1149 472
p 2 119 329 472 31711 1613
p 2 3 507 410 13583 1003
p 2 120 505 295 29226 1796
p 2 121 401 398 16817 1452
p 2 73 558 289 32881 1764
p 2 9 515 396 11418 973
p 2 192 455 273 33789 2187
p 2 7 466 447 9936 833
p 2 106 455 359 28722 1666
p 2 0 474 446 9966 837
p 2 7 506 407 21238 1062
p 2 0 360 560 1267 515
p 2 26 532 362 29296 1416
p 2 0 422 498 1495 578
p 2 88 413 419 15683 1309
p 2 47 460 413 21990 1277
p 2 47 556 317 28940 1471
p 2 0 404 516 1311 572
p 2 27 648 245 38806 1558
p 2 0 504 416 1780 652
p 2 0 342 578 9664 544
p 2 16 590 314 28851 1378
p 2 0 495 425 9901 722
p 2 0 344 576 1124 473
p 2 28 609 283 37838 1592
p 2 0 448 472 1565 598
p 2 0 384 536 9045 578
p 2 13 598 309 27876 1340
p 2 0 481 439 9912 702
p 2 0 270 650 835 396
p 2 291 428 201 47602 2812
p 2 0 405 515 1410 570
p 2 13 636 271 32326 1448
p 2 0 480 440 1662 639
p 2 6 637 277 31338 1419
p 2 0 485 435 1748 637
p 2 17 642 261 34697 1563
p 2 0 478 442 1701 648
p 2 10 628 282 26517 1390
p 2 3 517 400 6605 742
p 2 10 640 270 27690 1414
p 2 0 470 450 1504 620
p 2 2 345 573 5631 535
p 2 0 317 603 876 440
p 2 0 278 642 4557 444
p 2 0 264 656 803 392
p 2 0 215 705 4836 378
p 2 0 216 704 689 345
p 2 45 287 588 13362 767
p 2 0 261 659 883 398
p 2 39 300 581 9651 760
p 2 0 296 624 867 426
i 2 920 0 0 58345 4378
p 2 0 132 788 321 263
p 2 10 312 598 18889 673
p 2 0 182 738 667 312
p 2 495 351 74 47012 3525
p 2 0 359 561 1150 498
p 2 139 667 114 54918 2494
p 2 0 518 402 1821 702
p 2 13 495 412 28251 1040
p 2 0 354 566 1158 486
p 2 0 209 711 526 331
p 2 4 454 462 23364 825
p 2 0 277 643 964 407
p 2 0 385 535 21883 739
p 2 0 295 625 1071 417
p 2 0 249 671 769 372
p 2 0 221 699 700 345
p 2 5 422 493 21407 776
p 2 0 289 631 961 410
p 2 0 212 708 739 338
p 2 0 392 528 21301 729
p 2 0 306 614 1140 434
p 2 0 256 664 831 378
p 2 13 425 482 27467 942
p 2 0 283 637 1074 415
p 2 0 243 677 741 363
p 2 5 421 494 27058 896
p 2 0 338 582 1186 469
p 2 0 418 502 1430 545
i 2 920 0 0 47170 4009
p 2 3 903 14 13914 1281
p 2 0 913 7 13175 1189
p 2 1 906 13 13163 1199
p 2 3 896 21 13965 1224
p 2 2 909 9 13499 1219
p 2 0 912 8 14044 1207
p 2 0 908 12 13545 1182
p 2 0 913 7 14039 1208
p 2 0 912 8 13592 1188
p 2 1 906 13 14289 1212
p 2 1 908 11 13593 1214
p 2 0 914 6 14458 1228
p 2 0 912 8 13089 1195
p 2 0 913 7 13915 1203
p 2 0 914 6 13124 1191
p 2 0 910 10 13566 1187
p 2 0 910 10 12970 1183
p 2 0 906 14 12534 1150
p 2 0 917 3 13178 1173
p 2 0 914 6 12708 1159
p 2 0 911 9 10932 1157
p 2 2 909 9 9873 1123
p 2 1 914 5 7179 1082
p 2 0 913 7 4119 1027
p 2 0 900 20 3065 990
p 2 0 895 25 4547 993
p 2 0 904 16 10104 1062
p 2 0 910 10 13644 1157
p 2 0 888 32 13587 1155
p 2 0 899 21 13478 1172
p 2 0 894 26 13192 1174
p 2 0 898 22 13842 1173
p 2 25 878 17 21969 1371
p 2 0 900 20 9574 1099
p 2 18 872 30 16510 1240
p 2 0 882 38 8220 1069
p 2 0 878 42 20664 1279
p 2 0 827 93 12195 1096
p 2 5 802 113 20200 1222
p 2 0 738 182 13916 997
p 2 15 752 153 20066 1191
p 2 0 562 358 3927 708
p 2 0 438 482 1423 551
p 2 85 486 349 37644 1676
p 2 0 370 550 1369 512
p 2 171 356 393 28905 1941
p 2 0 307 613 917 453
p 2 5 480 435 19522 1079
p 2 0 368 552 1221 513
p 2 8 470 442 17508 1058
p 2 0 361 559 1042 490
p 2 19 443 458 20287 1164
p 2 0 344 576 1024 491
i 2 920 0 0 37274 3909
p 2 0 884 36 8924 1148
p 2 165 734 21 21271 2154
p 2 0 905 15 7359 1166
p 2 247 666 7 28063 2505
p 2 0 897 23 8100 1124
p 2 0 910 10 8384 1154
p 2 57 851 12 26346 1983
p 2 0 901 19 9313 1205
p 2 41 862 17 23003 1830
p 2 0 896 24 9257 1205
p 2 121 776 23 25446 2150
p 2 0 882 38 7969 1105
p 2 0 825 95 8335 1068
p 2 229 622 69 31277 2508
p 2 0 784 136 8907 1085
p 2 120 669 131 27891 2048
p 2 0 766 154 8603 1071
p 2 121 705 94 26375 2047
p 2 0 742 178 7728 1008
p 2 177 621 122 25224 2123
p 2 0 752 168 7385 981
p 2 224 596 100 28604 2380
p 2 26 774 120 22264 1603
p 2 6 793 121 20300 1435
p 2 4 819 97 22671 1490
p 2 0 806 114 7960 1027
p 2 248 582 90 40600 2690
p 2 325 557 38 50767 3177
p 2 332 556 32 42291 3202
p 2 233 658 29 43145 2901
p 2 288 611 21 51651 3174
p 2 325 558 37 43671 3136
p 2 230 657 33 43605 2877
p 2 290 603 27 51952 3168
p 2 324 578 18 43717 3161
p 2 172 712 36 29384 2583
p 2 101 752 67 23519 1979
p 2 0 789 131 7189 1014
p 2 47 736 137 22040 1684
p 2 0 762 158 7108 992
p 2 67 739 114 22863 1776
p 2 0 785 135 7536 1016
p 2 163 648 109 23896 2176
p 2 0 684 236 6629 980
p 2 75 714 131 21983 1762
p 2 0 725 195 6825 969
p 2 22 727 171 17293 1372
p 2 0 766 154 6733 989
p 2 13 768 139 14974 1357
p 2 0 728 192 6828 981
p 2 6 735 179 13941 1215
p 2 0 720 200 6700 935
p 2 0 742 178 12619 1095
p 2 0 757 163 13183 1120
i 2 920 0 0 42786 4195
p 2 46 351 523 16990 1161
p 2 41 301 578 12743 1010
p 2 34 294 592 13054 961
p 2 65 271 584 16718 1131
p 2 52 263 605 11328 986
p 2 30 276 614 12528 918
p 2 66 249 605 16476 1127
p 2 52 263 605 11607 1001
p 2 33 284 603 12798 953
p 2 66 264 590 16091 1139
p 2 41 271 608 11108 978
p 2 25 279 616 11287 909
p 2 34 271 615 16555 1026
p 2 41 263 616 11714 949
p 2 19 291 610 13219 912
p 2 63 259 598 15802 1144
p 2 46 269 605 12706 1028
p 2 25 275 620 14224 954
p 2 26 300 594 17459 968
i 2 920 0 0 43665 3704
p 2 13 516 391 27423 948
p 2 7 520 393 26335 900
p 2 6 522 392 27493 909
p 2 7 509 404 28932 905
p 2 3 541 376 29947 918
p 2 3 531 386 30768 910
p 2 6 535 379 30126 912
p 2 5 541 374 31259 922
p 2 3 551 366 30129 926
p 2 3 553 364 29186 927
p 2 10 548 362 28286 953
p 2 9 543 368 28929 956
p 2 5 552 363 27364 944
p 2 5 552 363 27310 942
p 2 3 557 360 27378 945
p 2 2 561 357 26775 929
p 2 7 558 355 26887 968
p 2 2 562 356 26645 934
p 2 2 573 345 25940 949
p 2 4 569 347 25608 951
p 2 7 574 339 25646 992
p 2 3 567 350 23128 926
p 2 5 572 343 23188 957
p 2 9 561 350 24352 996
p 2 19 569 332 24605 1036
p 2 10 564 346 26314 985
p 2 5 586 329 27672 984
p 2 8 568 344 27629 984
p 2 9 568 343 27401 965
p 2 13 555 352 27375 983
p 2 5 588 327 25680 969
p 2 5 578 337 25772 966
p 2 2 586 332 25981 961
p 2 4 569 347 25902 971
p 2 4 591 325 24318 980
p 2 1 590 329 25495 968
p 2 3 589 328 25579 957
p 2 3 592 325 25375 965
p 2 1 600 319 25906 959
p 2 5 588 327 26052 971
p 2 7 586 327 26851 974
p 2 2 597 321 28453 967
p 2 3 591 326 28735 982
p 2 7 590 323 29494 1009
p 2 10 606 304 30215 1052
p 2 4 591 325 28950 984
p 2 6 613 301 28438 1021
p 2 4 594 322 30706 995
p 2 7 611 302 31394 1039
p 2 8 591 321 32271 1019
p 2 8 614 298 32981 1084
p 2 11 590 319 32900 1048
p 2 6 617 297 33416 1026
p 2 9 602 309 32329 1019
p 2 8 618 294 31925 1036
p 2 6 606 308 30865 1010
p 2 4 635 281 30761 1023
p 2 10 619 291 30005 1043
p 2 5 631 284 29781 1046
p 2 10 625 285 29294 1042
p 2 9 633 278 29567 1058
p 2 10 628 282 29503 1044
p 2 6 640 274 28518 1052
p 2 7 640 273 27844 1069
p 2 5 636 279 27782 1047
p 2 4 636 280 27327 1029
p 2 4 641 275 27612 1046
p 2 4 632 284 27260 1025
p 2 10 652 258 26827 1078
p 2 2 642 276 26667 1036
p 2 5 646 269 26913 1071
p 2 4 637 279 27695 1063
p 2 4 649 267 28060 1048
p 2 3 650 267 28186 1023
p 2 2 662 256 29241 1016
p 2 4 648 268 29563 1010
p 2 7 664 249 28594 1048
p 2 6 662 252 28776 1016
p 2 7 663 250 28421 1029
p 2 5 652 263 28307 1024
p 2 0 665 255 29385 1004
p 2 2 654 264 29021 1017
p 2 0 670 250 29395 1048
p 2 6 658 256 29335 1060
p 2 3 670 247 27801 1048
p 2 1 673 246 27842 1054
p 2 8 668 244 27324 1106
p 2 4 687 229 25772 1082
p 2 0 685 235 25260 1056
p 2 3 680 237 25978 1103
p 2 1 680 239 25001 1072
p 2 2 684 234 24870 1081
p 2 5 679 236 24019 1092
p 2 1 691 228 23618 1073
p 2 2 695 223 23688 1094
p 2 4 689 227 24839 1098
p 2 4 694 222 23781 1106
p 2 5 693 222 23174 1086
p 2 4 711 205 24068 1099
p 2 7 690 223 24350 1088
p 2 3 717 200 23942 1106
p 2 2 697 221 25172 1090
p 2 3 701 216 25181 1108
p 2 4 683 233 26168 1088
p 2 3 705 212 26327 1116
p 2 3 694 223 26587 1098
p 2 3 706 211 27749 1126
p 2 3 694 223 27329 1096
p 2 4 713 203 27328 1119
p 2 5 711 204 28376 1142
p 2 4 712 204 27257 1133
p 2 9 713 198 27220 1147
p 2 7 706 207 28679 1173
p 2 4 722 194 29101 1155
p 2 6 731 183 29288 1177
p 2 10 718 192 28939 1201
p 2 9 723 188 28435 1185
p 2 5 726 189 29036 1170
p 2 6 737 177 29249 1185
p 2 5 709 206 30130 1158
p 2 7 728 185 32606 1208
p 2 7 727 186 33492 1209
p 2 7 724 189 33279 1222
p 2 6 723 191 34613 1199
p 2 9 734 177 34474 1236
p 2 2 739 179 35061 1172
p 2 6 747 167 35630 1231
p 2 6 735 179 35002 1215
p 2 2 759 159 34839 1213
p 2 1 749 170 34837 1176
p 2 6 759 155 35224 1234
p 2 7 740 173 36390 1231
p 2 7 750 163 36545 1253
p 2 14 748 158 36948 1283
p 2 4 764 152 36110 1221
p 2 9 755 156 35266 1218
p 2 4 769 147 36504 1243
p 2 10 758 152 36628 1248
p 2 7 771 142 36444 1207
p 2 4 761 155 36185 1186
p 2 5 778 137 37112 1249
p 2 13 772 135 34875 1270
p 2 10 772 138 36545 1299
p 2 19 755 146 37978 1347
p 2 14 771 135 36827 1325
p 2 15 759 146 38086 1301
p 2 10 784 126 38479 1313
p 2 8 780 132 38426 1311
p 2 5 792 123 38372 1311
p 2 10 779 131 37199 1286
p 2 10 789 121 36047 1299
p 2 8 789 123 37029 1275
p 2 3 805 112 38351 1279
p 2 7 789 124 38196 1267
p 2 10 803 107 38132 1296
p 2 9 797 114 37635 1268
p 2 7 809 104 37376 1280
p 2 7 801 112 38533 1292
p 2 12 802 106 41186 1314
p 2 10 798 112 41115 1286
p 2 12 811 97 40167 1320
p 2 16 797 107 40794 1296
p 2 12 807 101 41319 1294
p 2 17 787 116 41358 1325
p 2 8 822 90 42847 1307
p 2 9 820 91 43790 1329
p 2 18 810 92 41198 1356
p 2 10 827 83 40503 1339
p 2 7 821 92 40323 1283
p 2 5 815 100 40034 1277
p 2 9 818 93 39145 1320
p 2 13 808 99 40012 1330
p 2 9 828 83 39539 1359
p 2 3 827 90 40639 1329
p 2 5 846 69 40517 1366
p 2 10 822 88 38976 1317
p 2 9 842 69 39646 1344
p 2 4 839 77 38839 1303
p 2 6 851 63 38122 1306
p 2 3 836 81 40105 1320
p 2 11 844 65 40651 1373
p 2 13 832 75 40396 1361
p 2 5 855 60 40670 1351
p 2 10 845 65 41659 1394
p 2 16 844 60 40845 1410
p 2 9 828 83 41322 1364
p 2 8 855 57 43065 1377
p 2 11 829 80 42759 1370
p 2 8 853 59 43036 1370
p 2 11 841 68 43819 1407
p 2 11 855 54 43163 1403
p 2 7 847 66 43144 1394
p 2 11 861 48 43350 1420
p 2 11 859 50 43377 1399
p 2 9 865 46 43390 1417
p 2 6 854 60 43668 1401
p 2 8 874 38 42679 1449
p 2 9 866 45 42889 1421
p 2 7 869 44 41530 1426
p 2 10 865 45 42700 1439
p 2 10 865 45 42290 1434
p 2 7 867 46 44034 1455
p 2 8 869 43 43830 1465
p 2 11 861 48 43312 1478
p 2 8 874 38 44156 1485
p 2 8 870 42 42616 1480
p 2 9 870 41 42185 1500
p 2 11 864 45 42762 1473
p 2 15 860 45 44197 1520
p 2 10 864 46 40798 1449
p 2 10 863 47 41957 1464
p 2 13 865 42 42750 1479
p 2 5 871 44 41241 1428
p 2 9 867 44 40735 1457
p 2 14 867 39 41041 1488
p 2 16 862 42 40224 1483
p 2 258 662 0 51183 2749
p 2 345 575 0 52009 3038
p 2 368 552 0 50972 3134
p 2 375 545 0 49976 3176
p 2 399 521 0 47601 3187
p 2 434 486 0 45413 3302
p 2 446 474 0 43512 3331
p 2 456 464 0 41395 3363
p 2 471 449 0 38941 3394
p 2 448 472 0 35696 3326
p 2 446 474 0 32176 3368
p 2 406 514 0 27171 3243
p 2 0 804 116 9257 1297
p 2 0 808 112 9771 1261
p 2 0 791 129 9561 1243
p 2 0 786 134 9914 1247
p 2 0 796 124 9531 1250
p 2 0 799 121 9758 1232
p 2 0 792 128 9657 1230
p 2 0 818 102 10085 1267
p 2 0 809 111 16999 1446
p 2 0 803 117 14322 1360
p 2 0 794 126 14567 1333
p 2 54 774 92 30762 2304
p 2 32 813 75 34775 2259
p 2 21 829 70 33328 2147
p 2 0 701 219 2354 992
p 2 5 821 94 28931 1843
p 2 0 660 260 2055 871
p 2 6 820 94 31056 1905
p 2 0 663 257 2243 867
p 2 0 729 191 18151 1363
p 2 0 585 335 1810 771
p 2 0 675 245 16028 1207
p 2 0 572 348 1662 747
p 2 0 651 269 14108 1124
p 2 0 566 354 1784 746
p 2 0 348 572 906 488
p 2 0 400 520 934 524
p 2 0 302 618 747 432
p 2 0 239 681 607 369
p 2 0 225 695 551 352
p 2 0 232 688 595 363
p 2 0 220 700 530 348
p 2 0 279 641 679 407
p 2 0 259 661 677 389
p 2 0 260 660 684 388
p 2 0 315 605 757 436
i 2 920 0 0 72714 4829
p 2 0 912 8 24580 1415
p 2 0 916 4 25836 1397
p 2 0 914 6 26521 1471
p 2 0 915 5 27615 1432
p 2 0 913 7 27094 1469
p 2 0 911 9 27587 1453
p 2 0 915 5 27247 1474
p 2 0 916 4 28039 1479
p 2 0 916 4 27302 1486
p 2 0 916 4 28307 1465
p 2 0 914 6 27881 1477
p 2 0 913 7 27328 1479
p 2 0 916 4 27664 1457
p 2 0 916 4 27476 1478
p 2 0 916 4 27295 1466
p 2 0 915 5 28091 1459
p 2 0 915 5 27970 1468
p 2 0 916 4 27364 1482
p 2 0 913 7 27569 1440
p 2 0 915 5 27523 1478
p 2 0 917 3 27646 1478
p 2 0 917 3 27844 1458
p 2 0 915 5 27347 1466
p 2 0 915 5 27384 1460
p 2 0 912 8 27494 1437
p 2 0 914 6 27404 1453
p 2 0 914 6 28225 1469
p 2 0 915 5 27415 1468
p 2 0 912 8 27873 1468
p 2 0 915 5 27693 1463
p 2 0 915 5 27282 1443
p 2 0 913 7 27867 1457
p 2 0 913 7 27520 1463
p 2 0 915 5 27421 1461
p 2 0 915 5 27034 1470
p 2 0 916 4 27238 1451
p 2 0 911 9 26984 1437
p 2 0 916 4 27557 1448
p 2 0 912 8 26556 1447
p 2 0 915 5 27017 1446
p 2 0 912 8 26845 1458
p 2 0 914 6 26663 1454
p 2 0 912 8 26787 1442
p 2 0 913 7 26673 1433
p 2 0 914 6 26140 1428
p 2 0 914 6 26316 1439
p 2 0 913 7 26375 1437
p 2 0 915 5 26862 1447
p 2 0 913 7 26677 1448
p 2 0 912 8 26091 1431
p 2 0 911 9 25928 1422
p 2 0 915 5 25376 1417
p 2 0 915 5 25915 1451
p 2 0 912 8 26049 1431
p 2 0 909 11 26357 1451
p 2 0 913 7 25681 1446
p 2 0 912 8 25898 1430
p 2 0 916 4 25612 1432
p 2 0 915 5 25583 1441
p 2 0 915 5 26068 1428
p 2 0 913 7 25405 1435
p 2 0 915 5 24927 1449
p 2 0 912 8 25016 1425
p 2 0 917 3 24995 1435
p 2 0 911 9 25312 1425
p 2 0 916 4 24980 1428
p 2 0 912 8 25177 1442
p 2 0 914 6 24615 1443
p 2 0 914 6 24883 1431
p 2 0 916 4 24612 1435
p 2 0 914 6 24640 1427
p 2 0 915 5 24447 1427
p 2 0 912 8 25145 1440
p 2 0 912 8 24469 1442
p 2 0 912 8 24139 1413
p 2 0 915 5 24418 1429
p 2 0 915 5 24826 1449
p 2 0 913 7 24451 1424
p 2 0 911 9 24678 1415
p 2 0 914 6 24611 1442
p 2 0 912 8 24290 1432
p 2 0 916 4 24489 1425
p 2 0 914 6 24473 1435
p 2 0 915 5 24113 1426
p 2 0 912 8 24793 1445
p 2 0 916 4 24532 1448
p 2 0 916 4 25031 1438
p 2 0 913 7 23964 1424
p 2 0 916 4 24291 1429
p 2 0 914 6 25120 1418
p 2 0 912 8 24649 1415
p 2 0 913 7 24913 1444
p 2 0 912 8 24669 1429
p 2 0 915 5 24276 1438
p 2 0 911 9 24434 1432
p 2 0 913 7 24627 1432
p 2 0 915 5 24953 1442
p 2 0 912 8 25274 1442
p 2 0 914 6 24569 1459
p 2 0 914 6 23994 1425
p 2 0 917 3 24182 1434
p 2 0 912 8 24985 1423
p 2 0 910 10 24832 1431
p 2 0 910 10 24700 1441
p 2 0 912 8 24769 1432
p 2 0 915 5 24452 1429
p 2 0 913 7 24603 1422
p 2 0 915 5 25191 1430
p 2 0 911 9 25774 1434
p 2 0 909 11 24933 1422
p 2 0 915 5 24542 1430
p 2 0 913 7 24939 1442
p 2 0 913 7 25133 1441
p 2 0 911 9 24852 1414
p 2 0 913 7 25176 1439
p 2 0 908 12 24824 1417
p 2 0 912 8 24811 1437
p 2 0 912 8 25191 1431
p 2 0 910 10 25237 1434
p 2 0 912 8 25870 1441
p 2 0 911 9 25368 1422
p 2 0 913 7 24960 1399
p 2 0 916 4 25309 1442
p 2 0 915 5 25970 1432
p 2 0 915 5 25954 1442
p 2 0 912 8 26010 1440
p 2 0 913 7 25958 1446
p 2 0 914 6 26313 1442
p 2 0 915 5 25755 1432
p 2 0 915 5 25922 1448
p 2 0 913 7 25598 1444
p 2 0 914 6 24882 1426
p 2 0 911 9 25067 1428
p 2 0 913 7 25004 1421
p 2 0 914 6 25045 1437
p 2 0 914 6 25402 1426
p 2 0 914 6 24928 1436
p 2 0 913 7 25003 1428
p 2 0 912 8 24689 1410
p 2 0 915 5 25478 1447
p 2 0 914 6 24932 1439
p 2 0 914 6 25171 1433
p 2 0 915 5 24550 1435
p 2 0 912 8 24260 1424
p 2 0 913 7 24612 1433
p 2 0 915 5 24411 1439
p 2 0 913 7 24686 1442
p 2 0 911 9 23912 1434
p 2 0 913 7 24111 1432
p 2 0 915 5 23952 1414
p 2 0 912 8 24831 1430
p 2 0 913 7 20534 1372
i 2 920 0 0 52784 4482
p 2 0 278 642 514 391
p 2 0 154 766 290 274
p 2 0 121 799 266 247
p 2 0 84 836 228 214
p 2 0 97 823 242 222
p 2 0 62 858 209 193
p 2 0 54 866 189 182
p 2 0 49 871 203 184
p 2 0 62 858 204 195
p 2 0 39 881 183 172
p 2 0 49 871 204 182
p 2 0 48 872 197 179
p 2 0 54 866 197 182
p 2 0 62 858 213 192
p 2 0 65 855 210 195
p 2 0 41 879 185 174
p 2 0 52 868 207 183
p 2 0 41 879 194 175
p 2 0 39 881 200 174
p 2 0 45 875 206 181
p 2 0 46 874 201 180
p 2 0 32 888 176 165
p 2 0 57 863 228 191
p 2 0 36 884 187 171
p 2 0 39 881 187 170
p 2 0 36 884 193 171
p 2 0 221 699 8257 477
p 2 0 149 771 634 286
p 2 0 132 788 430 257
p 2 0 447 473 19472 854
p 2 0 320 600 1154 456
p 2 0 211 709 590 328
p 2 0 443 477 20038 867
p 2 0 331 589 1212 464
p 2 0 357 563 12172 637
p 2 0 250 670 879 390
p 2 0 316 604 11693 596
p 2 0 257 663 900 390
p 2 0 208 712 3188 369
p 2 0 176 744 608 308
p 2 0 152 768 433 271
p 2 0 157 763 3074 324
p 2 0 144 776 553 278
p 2 0 119 801 434 248
p 2 0 130 790 409 254
p 2 0 123 797 409 248
p 2 0 119 801 388 244
p 2 0 96 824 358 226
p 2 0 99 821 334 225
p 2 0 103 817 373 236
p 2 0 73 847 288 205
p 2 0 88 832 305 216
p 2 0 89 831 337 222
p 2 0 89 831 312 217
p 2 0 212 708 632 338
i 2 920 0 0 33630 3829
p 2 0 317 603 510 434
p 2 4 819 97 25292 1571
p 2 0 550 370 1478 694
p 2 5 777 138 24788 1547
p 2 0 513 407 1507 659
p 2 16 733 171 25461 1576
p 2 0 478 442 1469 630
p 2 10 714 196 26803 1546
p 2 0 503 417 1366 650
p 2 0 429 491 7144 758
p 2 0 362 558 1250 499
p 2 1 380 539 7492 730
p 2 0 369 551 1041 493
p 2 0 332 588 5654 604
p 2 0 296 624 811 425
p 2 0 370 550 5099 605
p 2 0 280 640 744 408
p 2 0 347 573 5312 620
p 2 0 469 451 1183 588
p 2 0 747 173 11318 1075
p 2 0 836 84 4706 969
p 2 0 843 77 8596 1043
p 2 0 867 53 4334 1004
p 2 0 881 39 8777 1056
p 2 0 889 31 8555 1074
p 2 0 885 35 9458 1097
p 2 0 891 29 6013 1045
p 2 0 884 36 3960 991
p 2 0 890 30 8119 1087
p 2 0 888 32 8264 1109
p 2 0 895 25 9230 1104
p 2 0 894 26 9181 1131
p 2 0 895 25 9714 1130
p 2 1 891 28 11057 1182
p 2 0 893 27 11090 1192
p 2 3 893 24 9900 1170
p 2 1 902 17 10103 1195
p 2 0 898 22 8852 1160
p 2 1 895 24 9450 1144
p 2 1 887 32 8523 1107
p 2 0 907 13 8660 1096
p 2 2 899 19 7529 1083
p 2 0 902 18 8571 1106
p 2 1 896 23 8511 1094
p 2 0 904 16 8715 1130
p 2 1 900 19 8399 1114
p 2 0 908 12 8562 1136
p 2 0 908 12 8395 1117
p 2 1 907 12 8649 1144
p 2 1 908 11 9047 1148
p 2 2 904 14 8637 1151
p 2 0 908 12 8762 1148
p 2 0 910 10 8338 1159
p 2 0 901 19 8012 1147
p 2 0 906 14 7916 1152
p 2 1 908 11 8350 1148
p 2 0 910 10 7959 1141
p 2 1 910 9 7660 1137
p 2 0 910 10 5398 1086
p 2 1 902 17 3695 1050
p 2 0 910 10 5698 1065
p 2 0 913 7 6683 1059
p 2 0 908 12 6907 1064
p 2 0 908 12 6464 1084
p 2 0 909 11 7089 1097
p 2 0 911 9 3747 1015
p 2 0 906 14 5022 1048
p 2 0 916 4 5393 1038
p 2 0 907 13 6065 1024
p 2 0 905 15 3470 967
p 2 0 879 41 5207 994
p 2 0 597 323 4430 749
p 2 0 467 453 1322 565
p 2 0 254 666 531 368
p 2 0 215 705 446 329
p 2 0 174 746 665 303
p 2 0 175 745 383 291
p 2 0 182 738 406 301
p 2 0 175 745 721 296
p 2 0 144 776 339 262
p 2 0 156 764 358 276
p 2 0 117 803 492 247
p 2 0 110 810 285 236
p 2 0 122 798 298 246
p 2 0 99 821 535 230
p 2 0 92 828 267 220
p 2 0 107 813 288 233
p 2 0 72 848 435 205
p 2 0 89 831 272 215
p 2 0 114 806 286 239
p 2 0 90 830 254 216
p 2 0 130 790 295 255
p 2 0 87 833 260 217
p 2 0 73 847 238 201
p 2 0 91 829 265 215
p 2 0 113 807 286 239
p 2 0 85 835 249 214
p 2 9 102 809 3319 351
p 2 0 120 800 325 245
p 2 9 111 800 3880 341
p 2 0 120 800 359 246
p 2 0 142 778 3388 299
p 2 0 96 824 333 228
p 2 0 77 843 251 207
p 2 0 81 839 253 212
p 2 0 96 824 265 221
p 2 0 60 860 228 191
p 2 0 69 851 239 200
p 2 0 68 852 231 198
p 2 0 93 827 253 219
p 2 0 102 818 273 227
p 2 0 103 817 260 227
p 2 0 72 848 236 198
p 2 0 96 824 259 222
p 2 0 96 824 251 217
p 2 0 73 847 232 204
p 2 0 83 837 254 210
p 2 0 78 842 235 206
p 2 0 132 788 280 250
p 2 0 77 843 240 203
p 2 0 70 850 228 200
p 2 0 89 831 250 217
p 2 0 146 774 342 262
p 2 0 79 841 282 211
p 2 0 62 858 267 194
p 2 0 136 784 359 257
i 2 920 0 0 12703 2986
p 2 0 716 204 767 732
p 2 0 549 371 623 602
p 2 125 365 430 5706 1036
p 2 0 430 490 572 505
p 2 0 336 584 432 412
p 2 166 328 426 9423 1327
p 2 0 199 721 411 317
p 2 0 226 694 350 323
p 2 3 342 575 6863 699
p 2 0 201 719 523 328
p 2 0 158 762 455 284
p 2 11 421 488 7972 815
p 2 0 267 653 630 397
p 2 0 175 745 357 293
p 2 70 339 511 10893 1038
p 2 0 244 676 559 376
p 2 0 206 714 363 313
p 2 151 184 585 11816 1238
p 2 0 170 750 452 311
p 2 188 269 463 15496 1537
p 2 0 218 702 566 362
p 2 228 261 431 19597 1792
p 2 0 226 694 606 362
p 2 5 429 486 15378 1007
p 2 0 295 625 831 444
p 2 7 421 492 15229 988
p 2 0 295 625 869 447
p 2 7 420 493 13397 992
p 2 0 293 627 795 440
p 2 8 412 500 12734 931
p 2 0 322 598 808 446
p 2 2 381 537 9955 784
p 2 0 347 573 831 476
p 2 0 419 501 9032 808
p 2 0 336 584 796 473
p 2 0 396 524 9407 812
p 2 0 278 642 788 428
p 2 0 385 535 10011 766
p 2 0 298 622 767 433
p 2 114 329 477 18069 1497
p 2 0 226 694 621 382
p 2 12 426 482 12041 1001
p 2 0 277 643 747 443
p 2 2 391 527 10119 856
p 2 0 317 603 888 477
p 2 0 436 484 10067 880
p 2 0 320 600 858 471
i 2 920 0 0 27700 3532
p 2 0 542 378 690 599
p 2 0 450 470 544 521
p 2 0 579 341 14772 841
p 2 0 389 531 987 501
p 2 0 329 591 646 425
p 2 1 426 493 14462 725
p 2 0 318 602 915 438
p 2 8 399 513 15724 737
p 2 0 271 649 861 399
p 2 6 362 552 15846 701
p 2 0 249 671 884 380
p 2 2 346 572 13942 639
p 2 0 262 658 842 383
p 2 0 179 741 435 292
p 2 2 337 581 13521 610
p 2 0 232 688 916 368
p 2 0 228 692 587 344
p 2 0 111 809 364 240
p 2 0 141 779 380 262
p 2 0 162 758 415 279
p 2 0 90 830 320 223
p 2 0 118 802 354 242
p 2 0 116 804 327 238
p 2 0 94 826 306 224
p 2 0 146 774 379 265
p 2 0 130 790 376 254
p 2 0 96 824 304 221
p 2 0 143 777 333 254
p 2 0 118 802 281 235
p 2 0 77 843 244 203
p 2 0 147 773 326 260
p 2 0 85 835 244 208
p 2 0 66 854 234 194
p 2 0 114 806 282 232
p 2 0 114 806 268 230
p 2 0 80 840 244 205
p 2 0 103 817 279 226
p 2 0 116 804 272 229
p 2 0 125 795 267 235
p 2 0 79 841 255 206
p 2 0 130 790 283 240
p 2 0 54 866 222 184
p 2 0 70 850 228 198
p 2 0 91 829 257 215
p 2 0 123 797 314 243
i 2 920 0 0 24920 3521
p 2 0 536 384 767 644
p 2 0 469 451 596 564
p 2 0 363 557 477 454
p 2 0 451 469 545 522
p 2 0 270 650 378 366
p 2 0 411 509 505 479
p 2 0 288 632 397 377
p 2 0 372 548 444 433
p 2 0 307 613 398 386
p 2 0 260 660 364 351
p 2 0 245 675 354 342
p 2 11 267 642 4179 498
p 2 0 309 611 471 392
p 2 16 246 658 5027 513
p 2 0 322 598 501 396
p 2 1 222 697 4678 405
p 2 0 305 615 529 392
p 2 0 296 624 417 376
p 2 0 203 717 302 294
p 2 0 157 763 287 267
p 2 0 253 667 360 334
p 2 0 173 747 304 278
p 2 0 127 793 256 241
p 2 0 152 768 292 260
p 2 0 235 685 342 319
p 2 0 129 791 248 239
p 2 0 238 682 320 309
p 2 0 76 844 228 209
p 2 0 148 772 278 256
p 2 0 148 772 278 257
p 2 0 128 792 263 240
p 2 0 205 715 311 296
p 2 0 152 768 265 257
p 2 0 127 793 258 242
p 2 0 168 752 285 266
p 2 0 100 820 249 229
p 2 0 145 775 268 252
p 2 0 107 813 243 226
p 2 0 96 824 235 221
p 2 0 81 839 224 209
p 2 0 156 764 283 265
p 2 0 205 715 315 298
p 2 0 154 766 266 254
p 2 0 133 787 258 246
p 2 0 144 776 277 257
p 2 0 131 789 245 239
p 2 0 148 772 274 258
p 2 0 149 771 280 266
p 2 0 123 797 254 235
p 2 0 178 742 292 276
p 2 0 156 764 276 260
p 2 0 150 770 265 255
p 2 0 244 676 332 321
p 2 0 134 786 263 246
p 2 0 81 839 214 208
p 2 0 187 733 282 276
p 2 0 207 713 304 292
p 2 0 111 809 234 229
p 2 0 92 828 218 212
p 2 0 96 824 235 221
p 2 0 130 790 255 243
p 2 0 196 724 300 287
p 2 3 622 295 14731 1121
p 2 0 439 481 1216 585
p 2 0 669 251 13356 1122
p 2 0 373 547 1088 529
p 2 0 536 384 15868 1141
p 2 0 480 440 1207 618
p 2 5 691 224 16320 1304
p 2 0 423 497 1185 582
p 2 0 573 347 15268 1110
p 2 0 519 401 1258 646
p 2 10 584 326 14136 1095
p 2 0 462 458 1144 591
p 2 0 691 229 13796 1146
p 2 0 546 374 1353 665
p 2 0 299 621 633 409
p 2 0 344 576 672 446
p 2 0 257 663 472 359
p 2 0 252 668 437 349
p 2 0 196 724 406 308
p 2 0 208 712 398 312
p 2 0 265 655 458 358
p 2 0 125 795 337 251
p 2 0 118 802 334 245
p 2 0 229 691 389 325
p 2 0 182 738 364 290
p 2 0 186 734 359 284
p 2 0 208 712 379 307
p 2 0 130 790 289 240
p 2 0 114 806 282 232
p 2 0 150 770 335 268
p 2 0 101 819 295 230
p 2 0 65 855 241 199
p 2 0 151 769 325 266
p 2 0 97 823 264 221
p 2 0 105 815 271 226
p 2 0 143 777 286 253
p 2 0 174 746 341 282
p 2 0 186 734 320 284
p 2 0 180 740 315 281
p 2 0 142 778 289 258
p 2 0 128 792 285 250
p 2 0 195 725 332 295
p 2 0 157 763 297 266
p 2 0 134 786 266 242
p 2 0 109 811 276 234
p 2 0 337 583 534 436
p 2 40 872 8 6645 1755
p 2 31 889 0 7839 1902
p 2 23 893 4 8527 1869
p 2 20 895 5 8837 1879
p 2 27 890 3 9213 1861
p 2 20 899 1 9573 1850
p 2 18 899 3 9433 1843
p 2 22 897 1 9837 1831
p 2 20 896 4 10146 1870
p 2 18 899 3 10206 1855
p 2 20 896 4 10350 1857
p 2 18 901 1 10677 1870
p 2 17 898 5 10431 1838
p 2 18 902 0 10589 1850
p 2 16 902 2 10552 1857
p 2 18 898 4 9927 1816
p 2 17 899 4 10687 1870
p 2 20 896 4 10418 1823
p 2 25 890 5 10583 1831
p 2 23 895 2 10540 1828
p 2 31 886 3 10818 1866
p 2 28 888 4 10742 1851
p 2 29 884 7 10590 1820
p 2 33 885 2 10631 1855
p 2 30 889 1 10252 1865
p 2 34 883 3 10544 1837
p 2 40 877 3 10462 1886
p 2 50 869 1 10644 1902
p 2 47 870 3 10383 1929
p 2 48 872 0 10513 1897
p 2 42 876 2 10340 1928
p 2 50 868 2 10442 1963
p 2 60 855 5 10153 1968
p 2 64 853 3 9759 1948
p 2 63 853 4 9660 2012
p 2 94 826 0 9643 2068
p 2 0 638 282 1615 827
p 2 0 465 455 907 613
p 2 0 353 567 618 476
p 2 0 310 610 556 435
p 2 0 306 614 548 424
p 2 0 282 638 492 399
p 2 0 609 311 14644 1174
p 2 0 462 458 1165 627
p 2 1 615 304 11132 1052
p 2 0 424 496 1088 576
p 2 10 560 350 14156 1073
p 2 0 442 478 1232 597
p 2 1 539 380 14222 1014
p 2 0 372 548 1071 511
p 2 1 511 408 12647 960
p 2 0 403 517 1161 554
p 2 0 513 407 11623 921
p 2 0 339 581 991 484
p 2 0 487 433 12393 920
p 2 0 360 560 1095 506
p 2 0 234 686 633 365
p 2 0 186 734 504 316
p 2 0 161 759 396 287
p 2 0 165 755 375 282
p 2 0 146 774 426 277
p 2 0 151 769 401 279
p 2 0 131 789 347 253
p 2 0 137 783 396 264
p 2 0 122 798 325 248
p 2 0 111 809 323 237
p 2 0 134 786 380 260
p 2 0 130 790 329 253
p 2 0 88 832 297 220
p 2 0 94 826 300 226
p 2 0 88 832 266 217
p 2 0 84 836 262 214
p 2 0 101 819 297 227
p 2 0 122 798 293 242
p 2 0 85 835 248 215
p 2 0 96 824 279 222
p 2 0 110 810 289 235
p 2 0 77 843 250 208
p 2 0 86 834 250 211
p 2 0 124 796 306 245
p 2 0 73 847 252 206
p 2 0 178 742 438 301
i 2 920 0 0 60597 4301
p 2 0 151 769 356 278
p 2 0 224 696 13684 507
p 2 0 248 672 5936 445
p 2 4 303 613 19609 695
p 2 0 297 623 4365 465
p 2 3 322 595 20402 703
p 2 0 250 670 3456 415
p 2 0 312 608 19155 641
p 2 0 257 663 2168 410
p 2 1 263 656 10929 506
p 2 0 263 657 7448 459
p 2 0 182 738 733 315
p 2 0 180 740 703 313
p 2 0 209 711 736 341
p 2 0 198 722 656 323
p 2 0 152 768 546 282
p 2 0 200 720 678 328
p 2 0 204 716 668 328
p 2 0 155 765 548 282
p 2 0 185 735 587 308
p 2 0 136 784 490 266
p 2 0 173 747 564 299
p 2 0 189 731 625 317
p 2 0 223 697 720 347
p 2 0 258 662 804 388
i 2 920 0 0 51533 4079
p 2 13 907 0 17304 1709
p 2 5 915 0 18844 1675
p 2 7 912 1 18592 1674
p 2 10 909 1 20113 1745
p 2 9 909 2 17861 1631
p 2 7 907 6 18434 1632
p 2 13 900 7 17728 1632
p 2 4 908 8 17956 1588
p 2 9 901 10 17640 1600
p 2 14 896 10 16793 1607
p 2 6 903 11 16205 1574
p 2 12 897 11 19791 1661
p 2 10 899 11 12811 1576
p 2 7 901 12 12536 1478
p 2 9 898 13 9724 1421
p 2 9 898 13 8611 1392
p 2 7 900 13 10325 1446
p 2 9 898 13 12449 1490
p 2 11 897 12 15071 1556
p 2 6 901 13 11159 1509
p 2 3 905 12 17170 1591
p 2 4 900 16 16941 1701
p 2 6 901 13 16599 1671
p 2 6 901 13 16146 1643
p 2 4 903 13 16715 1707
p 2 7 902 11 17537 1746
p 2 4 906 10 17031 1657
p 2 6 905 9 16581 1666
p 2 5 906 9 13349 1511
p 2 6 908 6 11337 1393
p 2 4 912 4 7623 1391
p 2 4 911 5 5585 1256
p 2 7 913 0 9734 1343
p 2 7 909 4 11590 1461
p 2 4 915 1 12017 1472
p 2 2 916 2 10545 1440
p 2 3 916 1 10811 1452
p 2 7 911 2 7207 1353
p 2 7 913 0 5597 1334
p 2 1 918 1 9044 1327
p 2 2 916 2 9195 1352
p 2 4 912 4 8669 1392
p 2 5 907 8 6854 1383
p 2 5 909 6 5938 1323
p 2 3 908 9 7369 1380
p 2 2 907 11 7564 1330
p 2 2 902 16 4291 1207
p 2 4 896 20 6526 1301
p 2 2 894 24 6511 1288
p 2 2 883 35 4388 1210
p 2 1 887 32 5639 1246
p 2 0 868 52 4686 1164
p 2 3 857 60 4160 1156
p 2 2 854 64 4632 1145
p 2 3 833 84 3717 1084
p 2 3 848 69 4127 1101
p 2 2 828 90 3668 1067
p 2 2 845 73 3695 1090
p 2 2 837 81 2879 1024
p 2 1 838 81 2757 1029
p 2 2 817 101 2307 971
p 2 1 817 102 2256 987
p 2 0 789 131 2094 969
p 2 0 801 119 2043 934
p 2 2 789 129 2113 987
p 2 0 784 136 1841 932
p 2 0 761 159 1832 930
p 2 0 787 133 1796 934
p 2 1 751 168 1723 899
p 2 0 767 153 1710 918
p 2 0 748 172 1718 903
p 2 0 755 165 1516 878
p 2 0 726 194 1499 848
p 2 0 730 190 1472 862
p 2 0 723 197 1455 852
p 2 0 752 168 1306 853
p 2 0 709 211 1320 833
p 2 0 724 196 1122 804
p 2 0 699 221 1018 758
p 2 0 714 206 1005 756
p 2 0 677 243 1110 770
p 2 0 691 229 1143 779
p 2 0 618 302 1148 731
p 2 0 684 236 1196 775
p 2 0 566 354 1133 682
p 2 0 678 242 1203 756
p 2 0 629 291 1178 721
p 2 0 674 246 1223 761
p 2 0 595 325 1222 716
p 2 0 619 301 1127 709
p 2 0 563 357 1112 680
p 2 0 608 312 1089 711
p 2 0 489 431 981 623
p 2 0 585 335 1014 675
p 2 0 406 514 843 548
p 2 0 507 413 906 613
p 2 0 410 510 852 545
p 2 0 337 583 728 474
p 2 0 382 538 648 481
p 2 0 305 615 647 440
p 2 0 422 498 703 512
p 2 0 265 655 498 375
p 2 0 307 613 528 412
p 2 0 256 664 473 372
p 2 0 205 715 344 307
p 2 0 251 669 376 335
p 2 0 168 752 323 284
p 2 0 183 737 296 283
p 2 0 178 742 329 289
p 2 0 206 714 324 303
p 2 0 94 826 236 217
p 2 0 122 798 272 241
p 2 0 136 784 271 252
p 2 0 88 832 216 208
p 2 0 95 825 248 225
p 2 0 156 764 274 264
p 2 0 164 756 292 275
p 2 0 170 750 295 274
p 2 0 177 743 298 277
p 2 0 114 806 241 234
p 2 0 133 787 257 247
i 2 920 0 0 2596 2596
p 2 0 0 920 137 137
p 2 0 0 920 137 137
p 2 0 0 920 137 137
p 2 0 0 920 137 137
p 2 0 0 920 137 137
p 2 0 0 920 137 137
p 2 0 0 920 137 137
p 2 0 0 920 137 137
p 2 0 0 920 137 137
p 2 0 0 920 137 137
p 2 0 0 920 137 137
p 2 0 0 920 137 137
p 2 0 0 920 137 137
p 2 0 0 920 137 137
p 2 0 0 920 137 137
p 2 0 0 920 137 137
p 2 0 0 920 137 137
p 2 0 0 920 137 137
p 2 0 0 920 137 137
p 2 0 0 920 137 137
p 2 0 0 920 137 137
p 2 0 0 920 137 137
p 2 0 0 920 137 137
