# XviD 2pass stat file (core version 1.4.-127)
# Please do not modify this file

i 2 920 0 0 2596 2596
p 2 0 0 920 137 137
p 2 0 0 920 137 137
p 2 0 0 920 137 137
p 2 0 0 920 137 137
p 2 0 0 920 137 137
p 2 0 0 920 137 137
p 2 0 0 920 137 137
p 2 0 0 920 137 137
p 2 0 0 920 137 137
p 2 0 0 920 137 137
p 2 0 0 920 137 137
p 2 0 0 920 137 137
p 2 0 0 920 137 137
p 2 0 0 920 137 137
p 2 0 0 920 137 137
p 2 0 0 920 137 137
p 2 0 0 920 137 137
p 2 0 0 920 137 137
p 2 0 0 920 137 137
p 2 0 0 920 137 137
p 2 0 0 920 137 137
p 2 0 0 920 137 137
p 2 0 0 920 137 137
i 2 920 0 0 54056 4269
p 2 136 784 0 54339 3119
p 2 142 778 0 52209 3139
p 2 141 779 0 51674 3138
p 2 127 792 1 51949 3118
p 2 127 793 0 51323 3104
p 2 102 817 1 53668 3027
p 2 110 810 0 52351 3031
p 2 107 812 1 53214 3135
p 2 100 820 0 50630 2985
p 2 112 807 1 47432 3042
p 2 71 848 1 45897 2860
p 2 73 846 1 46059 2932
p 2 97 822 1 47708 3020
p 2 98 821 1 49237 2995
p 2 99 819 2 52168 2963
p 2 113 806 1 51882 3047
p 2 123 796 1 51731 3038
p 2 139 778 3 51696 3097
p 2 138 780 2 50920 3132
p 2 115 802 3 51538 3102
p 2 140 780 0 52090 3153
p 2 117 802 1 52207 3049
p 2 136 784 0 52998 3126
p 2 123 797 0 51633 3081
p 2 177 743 0 54005 3329
p 2 144 776 0 53668 3249
p 2 133 786 1 55363 3218
p 2 131 789 0 54139 3189
p 2 186 734 0 57749 3390
p 2 193 727 0 57356 3427
p 2 118 801 1 49027 3009
p 2 113 806 1 47177 2970
p 2 101 819 0 45890 2941
p 2 88 831 1 46035 2886
p 2 97 821 2 48299 2926
p 2 105 815 0 50093 3033
p 2 102 817 1 51961 3031
p 2 120 796 4 53067 3037
p 2 113 806 1 51984 2979
p 2 118 802 0 51383 3044
p 2 113 805 2 51737 3084
p 2 112 807 1 52117 3026
p 2 146 774 0 51691 3153
p 2 120 800 0 53884 3073
p 2 131 788 1 52402 3054
p 2 121 799 0 50930 3037
p 2 113 807 0 52634 3034
p 2 133 786 1 51918 3094
p 2 158 762 0 54624 3276
p 2 136 784 0 57166 3227
p 2 137 783 0 55684 3109
p 2 136 783 1 53845 3162
p 2 114 806 0 52380 3098
p 2 91 829 0 47173 2935
p 2 80 840 0 46483 2920
p 2 119 800 1 48192 3013
p 2 100 820 0 48844 2923
p 2 91 828 1 50362 2985
p 2 114 806 0 53529 3034
p 2 130 787 3 53316 3047
p 2 119 801 0 52270 3035
p 2 127 790 3 52527 3075
p 2 106 814 0 52082 3066
p 2 131 787 2 52852 3177
p 2 135 785 0 52917 3126
p 2 123 796 1 53476 3052
p 2 117 801 2 52258 3032
p 2 123 795 2 52238 3067
p 2 142 777 1 52187 3146
p 2 130 790 0 51928 3100
p 2 101 819 0 53129 3060
p 2 88 831 1 54112 2959
p 2 101 818 1 52732 3036
p 2 109 811 0 52104 2952
p 2 110 809 1 49018 2995
p 2 89 830 1 46832 2934
p 2 108 812 0 47285 3012
p 2 107 811 2 48014 2974
p 2 116 803 1 49190 3005
p 2 100 820 0 51157 3030
p 2 100 819 1 53443 3004
p 2 137 781 2 52226 3096
p 2 136 783 1 51406 3085
p 2 150 766 4 52241 3112
p 2 104 816 0 52547 3070
p 2 134 786 0 53526 3166
p 2 111 809 0 53017 3043
p 2 121 799 0 54283 3072
p 2 136 783 1 52224 3115
p 2 143 777 0 52137 3117
p 2 136 784 0 52160 3123
p 2 123 795 2 51862 3067
p 2 98 821 1 53391 2993
p 2 101 818 1 53663 2989
p 2 95 824 1 52731 2952
p 2 118 802 0 52598 3091
i 2 920 0 0 18541 3716
p 2 130 790 0 18311 3055
i 2 920 0 0 21188 3827
p 2 93 825 2 14406 2465
p 2 495 425 0 25373 3935
p 2 42 812 66 10296 1972
p 2 118 802 0 23422 2937
p 2 39 874 7 10681 1976
p 2 34 879 7 18567 2417
p 2 47 846 27 11588 2057
p 2 43 871 6 15119 2247
p 2 36 862 22 10131 1992
p 2 26 886 8 16537 2218
p 2 28 888 4 10441 1961
p 2 89 826 5 19373 2572
i 2 920 0 0 39743 3993
p 2 0 890 30 10940 1367
p 2 0 912 8 11072 1324
p 2 1 903 16 11769 1362
p 2 3 900 17 11467 1350
p 2 1 897 22 11761 1393
p 2 0 901 19 11612 1369
p 2 1 901 18 11784 1419
p 2 0 910 10 11603 1383
p 2 0 895 25 12147 1386
p 2 0 906 14 12083 1394
p 2 1 900 19 12414 1426
p 2 0 908 12 11890 1385
p 2 0 890 30 11728 1415
p 2 0 910 10 11626 1396
p 2 0 900 20 12261 1436
p 2 0 914 6 11710 1411
p 2 0 909 11 11917 1414
p 2 0 902 18 11764 1406
p 2 0 891 29 11619 1398
p 2 0 914 6 11820 1388
p 2 1 901 18 11728 1390
p 2 1 911 8 12236 1398
p 2 1 893 26 12374 1457
p 2 0 910 10 12054 1434
p 2 0 898 22 12412 1439
p 2 0 912 8 11873 1407
p 2 0 910 10 11628 1396
p 2 1 909 10 11946 1400
p 2 2 892 26 11484 1432
p 2 0 909 11 11136 1401
p 2 0 899 21 10923 1400
p 2 0 913 7 11821 1411
p 2 0 897 23 11496 1403
p 2 0 896 24 11769 1406
p 2 2 892 26 11956 1420
p 2 0 909 11 11830 1409
p 2 0 903 17 11525 1419
p 2 0 913 7 11316 1399
p 2 0 902 18 11312 1384
p 2 1 900 19 11637 1409
p 2 0 901 19 12213 1426
p 2 0 908 12 11670 1414
p 2 0 896 24 11416 1394
p 2 0 911 9 11810 1417
p 2 1 904 15 12507 1435
p 2 1 910 9 12676 1415
p 2 1 910 9 12209 1429
p 2 0 910 10 12067 1392
p 2 0 903 17 12294 1429
p 2 0 917 3 11883 1424
p 2 3 900 17 12546 1449
p 2 3 912 5 11978 1432
p 2 2 897 21 11908 1418
p 2 0 906 14 11594 1406
p 2 0 900 20 11337 1420
p 2 0 906 14 11901 1398
p 2 0 911 9 11595 1402
p 2 0 910 10 11621 1396
p 2 1 901 18 11822 1434
p 2 0 909 11 11331 1403
p 2 0 895 25 11438 1419
p 2 0 915 5 11072 1410
p 2 0 912 8 11457 1430
p 2 0 909 11 11192 1396
p 2 1 904 15 11644 1449
p 2 0 914 6 10991 1398
p 2 0 907 13 11202 1414
p 2 1 897 22 10949 1391
p 2 0 896 24 11794 1413
p 2 0 911 9 12219 1416
p 2 0 909 11 11873 1425
p 2 0 911 9 11818 1408
p 2 0 901 19 11554 1424
p 2 0 899 21 11277 1401
p 2 0 898 22 11766 1426
p 2 1 913 6 11263 1413
p 2 2 892 26 12027 1454
p 2 0 913 7 11678 1422
p 2 0 910 10 11588 1440
p 2 0 902 18 11606 1395
p 2 0 905 15 11827 1441
p 2 0 911 9 11883 1405
p 2 1 896 23 12411 1427
p 2 1 910 9 11749 1413
p 2 0 904 16 11621 1397
p 2 1 911 8 11913 1396
p 2 0 898 22 11838 1409
p 2 1 907 12 11987 1422
p 2 1 898 21 12107 1435
p 2 1 911 8 11854 1404
p 2 0 907 13 12215 1417
p 2 1 916 3 12106 1394
p 2 1 901 18 12415 1382
p 2 0 906 14 12767 1398
p 2 1 905 14 13054 1446
p 2 0 914 6 12586 1407
p 2 0 901 19 11946 1407
p 2 0 903 17 12033 1377
p 2 2 890 28 12357 1416
p 2 3 908 9 11560 1399
p 2 1 897 22 11849 1420
p 2 0 908 12 10713 1365
p 2 0 899 21 11114 1372
p 2 0 910 10 11443 1391
p 2 2 905 13 11323 1419
p 2 0 909 11 11797 1391
p 2 2 900 18 11965 1430
p 2 0 902 18 11257 1409
p 2 0 893 27 11650 1407
p 2 0 914 6 10813 1387
p 2 0 897 23 11555 1449
p 2 0 914 6 11087 1400
p 2 0 898 22 11444 1424
p 2 0 920 0 11488 1437
p 2 0 904 16 10493 1370
p 2 1 912 7 11050 1408
p 2 0 896 24 11598 1391
p 2 1 910 9 11372 1390
p 2 2 898 20 12121 1438
i 2 920 0 0 56178 4352
p 2 154 766 0 55788 3208
p 2 131 788 1 52976 3078
p 2 132 788 0 52815 3129
p 2 132 786 2 53692 3112
p 2 94 826 0 52296 3025
p 2 106 814 0 55119 3034
p 2 102 817 1 53888 3009
p 2 92 828 0 53839 2956
p 2 125 795 0 51588 3037
p 2 148 772 0 50959 3241
p 2 105 815 0 49639 3088
p 2 100 820 0 49389 3083
p 2 139 781 0 51081 3179
p 2 145 775 0 52921 3243
p 2 89 831 0 52649 2982
p 2 83 837 0 53753 2962
p 2 115 805 0 52926 3050
p 2 141 779 0 52642 3083
p 2 144 776 0 52458 3148
p 2 143 777 0 52577 3122
p 2 142 777 1 52327 3153
p 2 128 792 0 53975 3130
p 2 118 802 0 53761 3052
p 2 121 798 1 51451 3088
p 2 120 800 0 53050 3115
p 2 127 793 0 51410 3090
p 2 124 793 3 52822 3098
p 2 118 802 0 53804 3077
i 2 920 0 0 22130 3777
p 2 62 831 27 11443 2048
p 2 362 558 0 25917 3813
p 2 57 858 5 14762 2377
p 2 262 658 0 24619 3583
p 2 77 790 53 14045 2553
p 2 95 787 38 21714 2874
p 2 41 834 45 13260 2303
p 2 130 789 1 21894 2977
p 2 61 855 4 13861 2428
p 2 51 868 1 22194 2761
p 2 40 856 24 12119 2263
p 2 208 706 6 23879 3284
p 2 32 875 13 12277 2199
p 2 92 819 9 12048 2349
p 2 171 749 0 23323 3173
p 2 55 863 2 12776 2206
p 2 43 856 21 12947 2153
p 2 207 713 0 25319 3314
p 2 30 863 27 12501 2015
p 2 56 859 5 20739 2551
p 2 36 863 21 10758 1978
p 2 71 845 4 20431 2666
p 2 33 875 12 10611 2014
p 2 75 837 8 20884 2669
p 2 34 875 11 10714 1998
p 2 31 889 0 17287 2319
p 2 32 876 12 10122 1913
p 2 60 855 5 16455 2253
p 2 56 854 10 10848 1975
p 2 38 873 9 15658 2174
i 2 920 0 0 18597 4099
p 2 652 268 0 20059 4436
p 2 412 508 0 19335 4098
p 2 77 843 0 10371 2616
p 2 62 858 0 6972 2187
p 2 11 909 0 6252 1922
p 2 9 910 1 4956 1782
p 2 3 917 0 4185 1640
p 2 1 915 4 3243 1399
p 2 0 899 21 2449 1232
p 2 0 893 27 1922 1149
p 2 0 884 36 1967 1105
p 2 0 895 25 1989 1077
p 2 0 885 35 2086 1099
p 2 0 880 40 2079 1077
p 2 0 868 52 2148 1096
p 2 0 871 49 2049 1057
p 2 0 859 61 2147 1096
p 2 0 852 68 2072 1054
p 2 0 859 61 1941 1046
p 2 0 856 64 2012 1041
p 2 0 846 74 1967 1056
p 2 0 858 62 1894 1026
p 2 0 873 47 2059 1104
i 2 920 0 0 49207 4323
p 2 2 915 3 16053 1453
p 2 1 915 4 17272 1431
p 2 4 914 2 17951 1469
p 2 0 915 5 18577 1433
p 2 1 914 5 19827 1500
p 2 10 909 1 20291 1539
p 2 5 913 2 19872 1531
p 2 7 909 4 19788 1535
p 2 4 915 1 20794 1557
p 2 8 911 1 20987 1567
p 2 3 916 1 20959 1541
p 2 2 917 1 21037 1522
p 2 2 917 1 21305 1555
p 2 0 920 0 20897 1527
p 2 2 918 0 21264 1531
p 2 3 917 0 21483 1523
p 2 2 918 0 21933 1556
p 2 4 916 0 21940 1545
p 2 2 918 0 22043 1559
p 2 6 914 0 21478 1542
p 2 2 918 0 20735 1541
p 2 3 917 0 19515 1504
p 2 2 918 0 20037 1509
p 2 2 918 0 19915 1510
p 2 2 918 0 20268 1548
p 2 5 915 0 20306 1545
p 2 4 916 0 21118 1554
p 2 3 917 0 22079 1536
p 2 3 917 0 21395 1540
p 2 5 915 0 21410 1535
p 2 7 912 1 22604 1570
p 2 6 914 0 22073 1564
p 2 4 916 0 22771 1608
p 2 13 907 0 23198 1627
p 2 7 913 0 23143 1596
p 2 8 912 0 21619 1574
p 2 5 915 0 21552 1577
i 2 920 0 0 14862 3004
p 2 0 201 719 2454 350
p 2 0 227 693 3370 385
p 2 0 247 673 3785 406
p 2 0 217 703 3885 382
p 2 0 239 681 4135 413
p 2 0 218 702 4034 388
p 2 0 229 691 3879 399
p 2 0 214 706 4116 390
p 2 0 229 691 4094 401
p 2 103 188 629 13044 1061
p 2 1 264 655 6252 515
p 2 0 240 680 2598 389
p 2 1 246 673 6365 467
p 2 0 223 697 2640 375
p 2 1 242 677 6865 476
p 2 0 215 705 2570 372
p 2 0 256 664 5788 463
p 2 0 219 701 2724 375
p 2 0 262 658 5919 471
p 2 0 211 709 2881 370
p 2 1 248 671 6277 468
p 2 0 236 684 2825 391
p 2 123 169 628 15817 1177
p 2 0 261 659 4255 483
p 2 0 254 666 4946 457
p 2 2 247 671 7001 502
p 2 0 256 664 4778 443
p 2 0 241 679 5150 443
p 2 2 247 671 7821 505
p 2 0 237 683 4991 443
p 2 0 236 684 5182 439
p 2 8 223 689 8138 532
p 2 0 249 671 4837 446
p 2 0 216 704 5174 429
p 2 101 189 630 14047 1159
p 2 0 264 656 3063 467
p 2 0 255 665 3821 446
p 2 0 228 692 3450 403
p 2 0 246 674 3622 437
p 2 0 214 706 3889 405
p 2 0 250 670 3470 418
p 2 0 217 703 3715 397
p 2 0 235 685 4148 416
p 2 0 216 704 3698 398
p 2 0 248 672 3750 425
p 2 0 213 707 4255 403
p 2 0 229 691 3662 411
p 2 138 179 603 15107 1239
p 2 0 286 634 3143 458
p 2 4 298 618 9765 664
p 2 0 299 621 3692 473
p 2 6 276 638 9464 651
p 2 0 291 629 3652 478
p 2 0 283 637 7815 588
p 2 0 309 611 6678 589
p 2 0 264 656 5720 504
p 2 0 291 629 5943 522
p 2 0 268 652 3783 455
p 2 0 306 614 4106 494
p 2 0 248 672 4153 437
p 2 0 270 650 4283 464
p 2 0 277 643 4393 463
i 2 920 0 0 8026 2908
p 2 0 256 664 2009 414
p 2 0 271 649 2535 429
p 2 0 255 665 2409 423
p 2 0 257 663 2552 426
p 2 0 235 685 2553 399
p 2 0 247 673 2578 418
p 2 0 266 654 2614 442
p 2 0 245 675 2618 409
p 2 0 276 644 2518 439
p 2 0 223 697 2633 393
p 2 0 269 651 2752 431
p 2 203 165 552 19317 1502
p 2 79 266 575 20899 1205
p 2 59 290 571 22384 1179
p 2 46 302 572 21491 1084
p 2 37 308 575 23426 1040
p 2 11 336 573 22255 906
p 2 0 341 579 16603 720
p 2 0 337 583 5489 545
p 2 0 303 617 5312 481
p 2 159 211 550 20755 1390
p 2 0 354 566 6654 571
p 2 26 322 572 16073 817
p 2 15 303 602 11473 711
p 2 13 331 576 14831 753
p 2 12 322 586 14145 742
p 2 5 357 558 15117 740
p 2 4 332 584 12102 673
p 2 3 378 539 14077 681
p 2 7 334 579 14462 673
p 2 0 363 557 12117 600
i 2 920 0 0 14519 3000
p 2 0 294 626 4407 471
p 2 0 289 631 5301 478
p 2 0 294 626 5334 480
p 2 0 295 625 5330 481
p 2 0 305 615 5541 490
p 2 0 298 622 5423 489
p 2 0 313 607 5473 503
p 2 0 288 632 5528 488
p 2 0 312 608 5654 522
p 2 0 315 605 5723 513
p 2 0 332 588 5952 529
p 2 0 313 607 5892 520
p 2 197 190 533 25709 1665
p 2 0 361 559 5701 539
p 2 0 381 539 7052 566
p 2 0 353 567 7376 556
p 2 0 365 555 7522 557
p 2 0 350 570 7775 552
p 2 0 382 538 7937 575
p 2 0 344 576 7847 545
p 2 0 391 529 8145 587
p 2 0 354 566 8106 554
p 2 0 388 532 8431 591
p 2 0 365 555 7935 562
p 2 0 394 526 8261 596
p 2 0 355 565 8241 562
p 2 0 377 543 8360 581
p 2 196 224 500 24038 1773
p 2 0 417 503 6368 636
p 2 0 387 533 7555 634
p 2 0 414 506 7439 654
p 2 0 390 530 7948 625
p 2 0 397 523 7607 638
p 2 0 374 546 7657 626
p 2 0 422 498 7759 663
p 2 0 384 536 7757 628
p 2 0 423 497 8028 669
p 2 0 383 537 7856 639
p 2 0 425 495 8237 684
i 2 920 0 0 21694 3205
p 2 0 408 512 5535 581
p 2 1 394 525 10579 662
p 2 0 418 502 6644 629
p 2 0 397 523 10527 675
p 2 0 438 482 6930 660
p 2 0 402 518 10911 671
p 2 0 431 489 6762 638
p 2 0 382 538 7309 589
p 2 0 441 479 11074 718
p 2 0 411 509 6872 622
p 2 0 455 465 7458 664
p 2 0 405 515 7636 616
p 2 0 447 473 7878 673
p 2 0 421 499 7556 653
p 2 0 468 452 7808 678
p 2 0 415 505 7671 635
p 2 0 461 459 8089 680
p 2 247 279 394 16178 1804
p 2 0 466 454 4448 678
p 2 0 445 475 4793 627
p 2 0 463 457 4867 610
p 2 0 427 493 4692 578
p 2 0 452 468 4854 597
p 2 0 429 491 5021 573
p 2 0 461 459 4607 588
p 2 0 399 521 4892 546
p 2 0 465 455 4638 603
p 2 0 366 554 4799 519
p 2 0 402 518 4585 558
p 2 0 390 530 4851 546
p 2 0 447 473 4735 588
p 2 0 373 547 4675 534
p 2 0 421 499 4350 558
p 2 0 341 579 4385 507
p 2 0 424 496 4379 572
p 2 0 317 603 4028 478
p 2 0 411 509 4228 561
p 2 0 320 600 3885 472
p 2 0 388 532 3553 537
p 2 0 402 518 3926 597
p 2 32 461 427 7277 1089
p 2 33 465 422 9129 1106
p 2 24 499 397 9440 1059
p 2 23 471 426 9813 1032
p 2 21 504 395 9987 1019
p 2 20 455 445 9655 987
p 2 23 522 375 10183 1033
p 2 23 480 417 10262 1007
p 2 24 538 358 10450 1050
p 2 23 467 430 10557 992
p 2 22 535 363 10485 1039
p 2 24 493 403 10587 997
p 2 23 565 332 10671 1060
p 2 23 497 400 10726 983
p 2 23 550 347 10035 1020
p 2 22 507 391 10804 993
p 2 22 597 301 10751 1064
p 2 23 534 363 10889 1032
p 2 24 601 295 10708 1073
p 2 22 519 379 10972 1008
p 2 21 617 282 10951 1085
p 2 22 552 346 11123 1050
p 2 20 608 292 11155 1091
p 2 15 541 364 8219 986
p 2 0 531 389 1956 704
p 2 0 416 504 2185 603
p 2 0 412 508 1358 560
p 2 0 339 581 1147 487
p 2 0 317 603 1019 457
p 2 0 275 645 955 417
p 2 0 318 602 975 450
p 2 0 265 655 885 399
p 2 0 233 687 807 370
p 2 0 233 687 732 359
p 2 0 229 691 720 362
p 2 0 219 701 702 350
p 2 0 222 698 762 360
p 2 0 156 764 559 288
p 2 0 195 725 590 324
p 2 0 171 749 577 302
p 2 0 156 764 517 288
p 2 0 169 751 570 303
p 2 0 175 745 541 303
p 2 0 130 790 449 260
p 2 0 173 747 503 298
p 2 0 122 798 431 253
p 2 0 134 786 442 262
p 2 0 153 767 500 283
p 2 0 142 778 452 269
p 2 0 98 822 374 230
p 2 0 124 796 424 257
p 2 0 110 810 396 243
p 2 0 88 832 338 222
p 2 0 131 789 410 259
p 2 0 115 805 383 242
p 2 0 94 826 328 224
p 2 0 98 822 318 228
p 2 0 117 803 359 242
p 2 0 109 811 359 240
i 2 920 0 0 19214 3433
p 2 0 512 408 677 595
p 2 110 546 264 15210 1572
p 2 0 404 516 752 520
p 2 145 408 367 17730 1689
p 2 0 288 632 711 430
p 2 255 343 322 22074 2156
p 2 0 364 556 841 511
p 2 117 467 336 23008 1903
p 2 0 407 513 993 560
p 2 43 528 349 17311 1477
p 2 0 438 482 1057 595
p 2 12 555 353 14698 1302
p 2 0 468 452 1157 623
p 2 0 283 637 522 396
p 2 5 591 324 11641 1163
p 2 0 434 486 1205 610
p 2 0 276 644 578 407
p 2 0 257 663 525 379
p 2 0 199 721 421 319
p 2 0 133 787 324 259
p 2 0 156 764 387 282
p 2 0 130 790 328 253
p 2 0 114 806 318 241
p 2 0 175 745 400 293
p 2 0 154 766 373 277
p 2 0 153 767 358 268
p 2 0 247 673 505 360
i 2 920 0 0 35796 4065
p 2 0 255 665 501 391
p 2 0 197 723 380 330
p 2 0 101 819 261 234
p 2 0 71 849 225 204
p 2 0 61 859 223 194
p 2 0 55 865 205 188
p 2 0 56 864 221 191
p 2 0 42 878 194 177
p 2 0 35 885 186 169
p 2 0 57 863 213 189
p 2 0 51 869 216 186
p 2 0 34 886 187 169
p 2 0 63 857 215 194
p 2 0 29 891 180 163
p 2 0 33 887 198 169
p 2 0 73 847 252 206
p 2 0 38 882 192 171
p 2 0 41 879 197 175
p 2 0 51 869 222 186
p 2 0 40 880 197 175
p 2 0 50 870 211 183
p 2 0 43 877 197 175
p 2 0 76 844 253 209
p 2 0 32 888 189 167
p 2 0 55 865 222 187
p 2 0 67 853 247 200
p 2 0 43 877 202 178
p 2 5 386 529 17559 1008
p 2 0 331 589 1138 483
p 2 0 218 702 686 354
p 2 1 429 490 14491 949
p 2 0 308 612 1181 463
p 2 0 425 495 12226 869
p 2 0 412 508 12091 801
p 2 0 320 600 1093 469
p 2 0 225 695 681 350
p 2 0 419 501 12050 777
p 2 0 299 621 1155 440
p 2 0 186 734 597 318
p 2 0 166 754 520 295
p 2 0 129 791 437 261
p 2 0 119 801 416 248
p 2 0 103 817 366 234
p 2 0 154 766 510 283
p 2 0 167 753 502 299
p 2 0 153 767 458 280
i 2 920 0 0 28424 3908
p 2 0 280 640 516 401
p 2 3 214 703 1982 386
p 2 0 121 799 334 252
p 2 2 133 785 1879 305
p 2 0 57 863 239 191
p 2 1 88 831 1565 247
p 2 0 49 871 249 185
p 2 0 50 870 1628 213
p 2 0 65 855 290 202
p 2 0 67 853 1628 228
p 2 0 62 858 274 198
p 2 0 88 832 1346 238
p 2 0 41 879 234 178
p 2 0 71 849 1244 226
p 2 0 45 875 227 179
p 2 0 55 865 1175 204
p 2 0 54 866 247 189
p 2 0 63 857 1053 209
p 2 0 52 868 247 188
p 2 0 49 871 847 198
p 2 0 58 862 258 193
p 2 0 69 851 907 216
p 2 0 45 875 227 181
p 2 0 43 877 729 189
p 2 0 61 859 255 195
p 2 0 36 884 696 186
p 2 0 48 872 244 185
p 2 0 36 884 643 181
p 2 0 28 892 199 163
p 2 0 54 866 602 193
p 2 0 26 894 189 161
p 2 0 25 895 539 172
p 2 0 44 876 222 179
p 2 0 35 885 548 179
p 2 0 40 880 203 173
p 2 0 32 888 474 173
p 2 0 22 898 177 157
p 2 0 50 870 490 191
p 2 0 19 901 168 155
p 2 0 25 895 392 165
p 2 0 21 899 178 158
p 2 0 42 878 409 181
p 2 0 45 875 210 178
p 2 0 94 826 451 227
i 2 920 0 0 23092 3521
p 2 0 433 487 712 567
p 2 1 386 533 1254 509
p 2 0 159 761 328 284
p 2 5 194 721 1714 363
p 2 0 102 818 284 235
p 2 1 162 757 1871 327
p 2 0 106 814 324 243
p 2 4 120 796 1560 301
p 2 0 117 803 320 247
p 2 1 127 792 1711 289
p 2 0 96 824 286 228
p 2 3 112 805 1775 299
p 2 0 122 798 332 253
p 2 1 86 833 1788 263
p 2 0 93 827 319 232
p 2 3 113 804 1858 301
p 2 0 72 848 276 208
p 2 4 111 805 1894 305
p 2 0 62 858 267 201
p 2 3 78 839 1848 274
p 2 0 65 855 266 201
p 2 3 90 827 1778 271
p 2 0 94 826 288 225
p 2 1 101 818 1873 288
p 2 0 52 868 264 194
p 2 3 104 813 1513 292
p 2 0 63 857 258 199
p 2 2 87 831 1103 245
p 2 0 48 872 224 182
p 2 1 59 860 644 210
p 2 0 55 865 229 190
i 2 920 0 0 6251 3201
p 2 0 890 30 1643 1038
p 2 0 886 34 1704 986
p 2 0 838 82 1769 959
p 2 0 895 25 1941 1001
p 2 0 879 41 2036 984
p 2 0 887 33 2346 964
p 2 0 854 66 1317 914
p 2 0 898 22 1374 924
p 2 0 785 135 1221 856
p 2 0 878 42 1286 894
p 2 0 876 44 1272 880
p 2 0 894 26 1197 902
p 2 0 833 87 1201 871
p 2 0 792 128 1269 854
p 2 0 776 144 1452 850
i 2 920 0 0 32218 3905
p 2 66 545 309 4847 1441
p 2 129 783 8 26245 2656
p 2 2 771 147 4199 1424
p 2 92 821 7 20986 2357
p 2 56 804 60 4711 1702
i 2 920 0 0 30169 3868
p 2 118 458 344 4967 1347
p 2 524 389 7 30334 3529
p 2 22 734 164 3991 1378
p 2 167 742 11 24789 2533
p 2 10 794 116 4313 1431
p 2 112 805 3 18275 2278
p 2 17 838 65 4428 1482
i 2 920 0 0 37774 4162
p 2 79 430 411 4295 1185
p 2 479 439 2 36706 3665
p 2 25 711 184 4538 1395
p 2 131 786 3 27680 2501
p 2 16 802 102 4066 1352
p 2 67 853 0 18183 2131
p 2 4 859 57 3390 1375
i 2 920 0 0 27772 3692
p 2 11 558 351 4308 1147
p 2 308 605 7 30232 3176
p 2 31 726 163 5118 1481
p 2 157 755 8 22536 2498
p 2 12 800 108 5105 1439
p 2 79 841 0 16716 2024
p 2 6 857 57 4580 1371
i 2 920 0 0 40826 4247
p 2 34 487 399 5988 1183
p 2 414 504 2 41498 3714
p 2 21 698 201 7631 1479
p 2 155 763 2 27589 2726
p 2 3 806 111 4737 1330
p 2 71 849 0 19149 2042
p 2 6 844 70 4712 1321
i 2 920 0 0 30149 3836
p 2 31 567 322 7842 1305
p 2 390 530 0 35638 3628
p 2 190 730 0 17570 2755
p 2 306 614 0 28679 3464
p 2 223 697 0 16628 2942
p 2 311 609 0 23164 3314
p 2 265 655 0 14861 3035
i 2 920 0 0 31480 3935
p 2 249 671 0 15053 2528
p 2 577 343 0 29606 3821
p 2 352 568 0 14226 2921
p 2 556 364 0 19654 3511
p 2 433 487 0 12320 3036
p 2 535 385 0 14255 3231
p 2 489 431 0 10264 3054
i 2 920 0 0 13874 3228
p 2 332 588 0 10963 2766
p 2 638 282 0 12825 3442
p 2 430 490 0 9651 2953
p 2 509 411 0 9418 3135
p 2 624 296 0 7044 3123
p 2 683 237 0 5831 3168
p 2 817 103 0 4148 3149
p 2 920 0 0 3131 3131
p 2 0 0 920 137 137
p 2 0 0 920 137 137
p 2 0 0 920 137 137
p 2 0 0 920 137 137
p 2 0 0 920 137 137
p 2 0 0 920 137 137
p 2 0 0 920 137 137
p 2 21 123 776 753 351
p 2 11 199 710 1546 473
p 2 4 214 702 1869 447
p 2 5 213 702 2721 517
p 2 1 246 673 2181 439
p 2 24 279 617 5078 715
p 2 1 293 626 2546 493
p 2 25 281 614 6787 736
p 2 2 308 610 3007 529
p 2 28 277 615 8467 757
p 2 7 293 620 3110 544
p 2 0 236 684 5697 461
p 2 0 211 709 714 342
p 2 0 206 714 4703 419
p 2 0 181 739 545 300
p 2 0 179 741 4900 438
p 2 0 171 749 523 290
p 2 3 175 742 6845 504
p 2 0 148 772 556 296
p 2 17 166 737 9397 620
p 2 0 155 765 594 289
p 2 29 163 728 9022 656
p 2 0 154 766 524 284
p 2 36 173 711 10968 719
p 2 0 153 767 542 291
p 2 37 197 686 12472 831
p 2 0 149 771 531 290
p 2 8 234 678 10174 717
p 2 0 167 753 614 311
p 2 9 249 662 10180 730
p 2 0 182 738 602 329
p 2 38 241 641 12205 899
p 2 0 184 736 642 347
p 2 62 290 568 15102 1142
p 2 0 235 685 812 424
p 2 15 325 580 13331 930
p 2 0 259 661 809 410
p 2 8 353 559 13861 916
p 2 0 300 620 1012 472
p 2 14 391 515 17582 1110
p 2 0 295 625 943 466
p 2 80 373 467 22336 1543
p 2 0 304 616 988 490
p 2 4 465 451 16586 1123
p 2 0 358 562 1138 535
p 2 3 482 435 15888 1112
p 2 0 348 572 1099 516
p 2 37 469 414 18662 1371
p 2 0 378 542 1149 540
p 2 47 482 391 24241 1616
p 2 0 410 510 1285 590
p 2 8 509 403 17532 1265
p 2 0 376 544 1167 532
p 2 1 533 386 15858 1211
p 2 0 410 510 1279 566
p 2 25 522 373 20193 1515
p 2 0 386 534 1182 552
p 2 65 542 313 23567 1812
p 2 0 457 463 1320 693
p 2 6 594 320 16177 1339
p 2 0 466 454 1381 636
p 2 10 595 315 17306 1349
p 2 0 433 487 1225 592
i 2 920 0 0 6678 2754
p 2 0 73 847 238 205
p 2 16 148 756 5734 470
p 2 0 78 842 333 211
p 2 3 148 769 5389 392
p 2 0 86 834 381 227
p 2 3 137 780 5884 411
p 2 0 87 833 436 228
p 2 4 167 749 6188 446
p 2 0 140 780 490 274
p 2 5 147 768 6559 449
p 2 0 124 796 505 261
p 2 9 174 737 6283 501
p 2 0 122 798 453 256
p 2 5 184 731 6132 495
p 2 0 113 807 495 255
p 2 1 160 759 6555 463
p 2 0 107 813 497 250
p 2 6 178 736 8121 540
p 2 0 117 803 519 260
p 2 13 220 687 10660 658
p 2 0 132 788 574 269
p 2 34 242 644 12943 847
p 2 0 205 715 767 339
p 2 92 318 510 16967 1268
p 2 0 241 679 882 390
p 2 40 412 468 15590 1221
p 2 0 306 614 1018 477
p 2 14 439 467 14787 1133
p 2 0 302 618 1002 453
p 2 34 446 440 19391 1363
p 2 0 309 611 1069 468
p 2 32 474 414 20118 1397
p 2 0 326 594 1098 478
p 2 9 491 420 15590 1145
p 2 0 355 565 1169 495
p 2 9 507 404 16946 1148
p 2 0 372 548 1259 515
p 2 54 480 386 23119 1571
p 2 0 366 554 1299 529
p 2 76 490 354 22180 1669
p 2 0 362 558 1245 516
p 2 46 525 349 19125 1540
p 2 0 400 520 1349 546
p 2 21 585 314 19345 1441
p 2 0 409 511 1338 566
p 2 15 597 308 18991 1512
p 2 0 409 511 1311 559
p 2 11 638 271 18070 1485
p 2 0 462 458 1473 642
p 2 8 661 251 18396 1488
p 2 0 456 464 1433 632
p 2 5 671 244 20653 1524
p 2 0 459 461 1398 613
p 2 6 698 216 20048 1622
p 2 0 471 449 1440 666
p 2 12 694 214 19089 1595
p 2 0 479 441 1423 632
p 2 28 711 181 24196 1903
p 2 0 473 447 1495 672
p 2 39 703 178 24909 1980
p 2 0 526 394 1760 730
i 2 920 0 0 13559 3052
p 2 0 236 684 2415 490
p 2 0 207 713 2353 445
p 2 4 175 741 3842 500
p 2 5 196 719 4030 549
p 2 2 191 727 3753 492
p 2 1 207 712 3945 509
p 2 0 194 726 4153 511
p 2 2 205 713 3139 507
p 2 10 225 685 5013 651
p 2 5 242 673 5015 651
p 2 4 260 656 4873 685
p 2 0 262 658 5048 668
p 2 0 171 749 560 337
p 2 0 247 673 4166 597
p 2 0 204 716 585 345
p 2 6 278 636 6559 747
p 2 0 182 738 547 324
p 2 4 271 645 7189 766
p 2 0 206 714 639 349
p 2 0 260 660 4698 598
p 2 0 207 713 645 360
p 2 0 262 658 5194 615
p 2 0 175 745 554 312
p 2 2 261 657 5521 657
p 2 0 203 717 609 343
p 2 0 259 661 5062 614
p 2 0 193 727 632 340
p 2 104 462 354 8439 1364
p 2 100 509 311 6607 1373
p 2 114 476 330 8892 1450
p 2 117 510 293 6388 1382
p 2 133 476 311 7225 1450
p 2 133 486 301 6010 1407
p 2 147 476 297 6639 1542
p 2 151 474 295 5295 1475
p 2 172 463 285 5290 1584
p 2 179 449 292 3776 1599
p 2 161 448 311 2830 1555
p 2 0 293 627 606 594
p 2 0 290 630 506 502
p 2 0 197 723 368 366
p 2 0 216 704 348 343
p 2 0 165 755 291 291
p 2 0 150 770 270 267
i 2 920 0 0 44900 4025
p 2 0 891 29 13601 1324
p 2 0 913 7 13615 1279
p 2 0 909 11 13960 1269
p 2 0 912 8 13887 1293
p 2 0 897 23 14151 1276
p 2 0 905 15 13712 1274
p 2 0 908 12 13910 1269
p 2 0 906 14 13767 1276
p 2 0 898 22 13853 1285
p 2 0 899 21 13711 1278
p 2 0 898 22 13764 1271
p 2 0 906 14 13951 1286
p 2 0 906 14 13637 1277
p 2 0 902 18 14072 1291
p 2 0 906 14 13804 1274
p 2 0 904 16 14023 1288
p 2 0 907 13 13942 1287
p 2 0 900 20 14012 1290
p 2 0 903 17 13667 1258
p 2 0 907 13 13778 1266
p 2 0 897 23 13717 1273
p 2 0 907 13 13622 1278
p 2 0 900 20 13606 1263
p 2 0 897 23 13673 1285
p 2 0 901 19 13495 1276
p 2 0 904 16 13750 1282
p 2 0 899 21 13504 1270
p 2 0 907 13 13997 1276
p 2 0 904 16 13458 1277
p 2 0 906 14 13781 1282
p 2 0 907 13 13479 1281
p 2 0 908 12 13613 1282
p 2 0 899 21 13271 1264
p 2 0 907 13 13298 1254
p 2 0 897 23 13454 1278
p 2 0 896 24 13363 1283
p 2 0 890 30 13530 1268
p 2 0 891 29 13160 1264
p 2 0 903 17 12997 1274
p 2 0 900 20 13281 1267
p 2 0 911 9 13177 1287
p 2 0 909 11 13305 1263
p 2 0 903 17 13180 1266
p 2 0 903 17 13004 1263
p 2 0 901 19 13081 1257
p 2 0 907 13 12894 1278
p 2 0 898 22 13209 1257
i 2 920 0 0 43420 4021
p 2 0 523 397 13514 732
p 2 0 521 399 15625 755
p 2 0 523 397 15189 756
p 2 0 528 392 15895 755
p 2 0 536 384 15696 787
p 2 0 538 382 15575 759
p 2 0 540 380 15588 769
p 2 0 535 385 15660 780
p 2 0 533 387 15439 773
p 2 0 531 389 15317 764
p 2 0 539 381 15834 783
p 2 0 521 399 15848 762
p 2 0 536 384 15809 778
p 2 0 519 401 15770 760
p 2 0 530 390 15716 791
p 2 0 532 388 15551 775
p 2 0 537 383 15970 779
p 2 0 521 399 15950 772
p 2 0 529 391 15912 780
p 2 0 523 397 15915 761
p 2 0 539 381 15838 791
p 2 0 526 394 15423 770
p 2 0 526 394 15271 767
p 2 0 529 391 16005 777
p 2 0 531 389 15795 781
p 2 0 525 395 15883 760
p 2 0 537 383 15788 778
i 2 920 0 0 28505 3785
p 2 0 417 503 621 528
p 2 0 331 589 479 443
p 2 0 264 656 422 381
p 2 0 240 680 389 354
p 2 0 155 765 300 276
p 2 0 172 748 315 288
p 2 0 147 773 290 268
p 2 0 157 763 284 266
p 2 0 140 780 292 262
p 2 0 132 788 277 256
p 2 0 97 823 245 225
p 2 0 421 499 11921 759
p 2 0 350 570 945 475
p 2 0 227 693 626 357
p 2 0 393 527 11103 728
p 2 0 338 582 1043 481
p 2 0 227 693 514 340
p 2 4 410 506 12884 839
p 2 0 339 581 1005 481
p 2 0 244 676 645 376
p 2 8 382 530 12260 797
p 2 0 350 570 1008 490
p 2 0 180 740 528 314
p 2 0 339 581 10465 681
p 2 0 247 673 815 388
p 2 0 281 639 700 395
p 2 0 360 560 11056 693
p 2 0 293 627 964 435
p 2 0 247 673 599 367
p 2 0 166 754 462 296
p 2 0 176 744 424 297
p 2 0 172 748 434 297
p 2 2 361 557 11077 720
p 2 0 280 640 938 424
p 2 0 156 764 469 294
p 2 8 349 563 11046 739
p 2 0 274 646 918 410
p 2 0 202 718 466 320
p 2 7 340 573 12070 733
p 2 0 248 672 874 400
p 2 0 230 690 628 357
p 2 2 349 569 11378 708
p 2 0 281 639 885 420
p 2 0 160 760 474 297
p 2 8 331 581 11307 718
p 2 0 278 642 896 426
p 2 0 181 739 567 318
p 2 1 350 569 11542 698
p 2 0 241 679 896 391
p 2 0 160 760 458 289
p 2 0 176 744 473 299
p 2 0 149 771 383 273
p 2 0 143 777 402 270
p 2 0 112 808 366 244
p 2 0 108 812 339 234
p 2 0 130 790 390 260
p 2 0 130 790 330 248
p 2 0 94 826 335 225
p 2 0 150 770 372 266
p 2 0 282 638 650 407
i 2 920 0 0 28414 3800
p 2 0 918 2 3692 1064
p 2 0 920 0 4860 1109
p 2 0 920 0 4248 1052
p 2 1 919 0 4514 1075
p 2 0 918 2 4981 1101
p 2 0 918 2 4835 1090
p 2 1 918 1 4862 1098
p 2 0 920 0 4971 1106
p 2 0 918 2 5005 1106
p 2 0 920 0 5031 1106
p 2 0 918 2 4919 1117
p 2 0 919 1 5027 1113
p 2 2 917 1 5054 1116
p 2 0 920 0 5062 1104
p 2 0 917 3 5183 1126
p 2 0 920 0 5031 1111
p 2 0 919 1 5189 1128
p 2 0 919 1 4789 1086
p 2 0 920 0 5137 1110
p 2 0 920 0 5221 1106
p 2 0 920 0 5174 1106
p 2 0 920 0 5091 1109
p 2 0 920 0 5114 1114
p 2 0 918 2 5114 1105
p 2 0 920 0 5240 1121
p 2 0 920 0 5207 1120
p 2 0 920 0 5305 1123
p 2 0 920 0 5221 1101
p 2 0 920 0 5394 1117
p 2 0 920 0 5131 1106
p 2 0 919 1 5282 1099
p 2 0 920 0 5302 1117
p 2 0 920 0 5152 1118
p 2 0 918 2 5181 1120
p 2 0 920 0 5160 1119
p 2 0 917 3 4933 1103
p 2 0 920 0 5078 1117
p 2 0 920 0 5082 1098
p 2 0 920 0 5230 1103
p 2 0 920 0 5137 1103
p 2 0 920 0 5115 1126
p 2 0 920 0 5002 1098
p 2 0 920 0 5267 1113
p 2 0 920 0 5218 1109
p 2 0 920 0 5098 1119
p 2 0 920 0 5190 1117
p 2 0 920 0 4969 1119
p 2 0 920 0 5272 1098
p 2 0 920 0 5074 1079
p 2 0 920 0 5167 1111
p 2 0 920 0 5164 1119
p 2 0 920 0 5075 1102
p 2 0 920 0 5028 1107
p 2 0 920 0 5092 1107
p 2 0 920 0 4973 1125
p 2 0 919 1 4787 1099
p 2 0 920 0 4998 1113
p 2 0 920 0 4768 1104
p 2 0 920 0 4976 1115
p 2 0 920 0 4822 1082
i 2 920 0 0 16866 3171
p 2 0 918 2 3454 1114
p 2 0 918 2 3488 1131
p 2 0 919 1 3593 1134
p 2 0 920 0 3770 1110
p 2 0 919 1 3325 1073
p 2 0 918 2 3507 1092
p 2 0 917 3 3752 1119
p 2 0 919 1 3852 1109
p 2 0 917 3 3601 1122
p 2 0 915 5 3737 1111
p 2 0 918 2 3822 1125
p 2 0 916 4 4007 1117
p 2 0 916 4 3982 1117
p 2 0 918 2 4162 1130
p 2 0 918 2 4185 1120
p 2 0 920 0 4023 1113
p 2 0 920 0 4035 1118
p 2 0 920 0 4301 1136
p 2 0 918 2 4058 1129
p 2 0 920 0 4591 1157
p 2 0 919 1 4320 1186
p 2 0 919 1 4058 1139
p 2 0 919 1 4136 1123
p 2 0 919 1 4344 1137
p 2 0 920 0 4262 1133
p 2 0 920 0 4311 1132
p 2 0 919 1 4881 1146
p 2 0 919 1 4558 1186
p 2 1 917 2 4483 1166
p 2 2 913 5 4673 1162
p 2 0 917 3 4269 1146
p 2 2 915 3 4610 1177
p 2 0 917 3 4886 1156
p 2 0 918 2 4229 1141
p 2 0 917 3 4555 1176
p 2 0 918 2 4852 1169
p 2 0 918 2 4332 1155
p 2 0 918 2 4243 1136
p 2 3 913 4 4816 1151
p 2 1 915 4 4416 1134
p 2 0 918 2 4554 1163
p 2 0 918 2 4179 1119
p 2 2 918 0 4540 1164
p 2 1 919 0 4362 1140
p 2 1 919 0 5254 1154
p 2 0 916 4 4308 1111
p 2 0 918 2 4528 1136
p 2 5 911 4 5604 1161
p 2 2 917 1 4167 1111
p 2 1 918 1 3993 1105
p 2 1 917 2 4875 1104
p 2 0 918 2 3885 1110
p 2 0 918 2 3832 1097
p 2 0 918 2 5041 1110
p 2 0 919 1 4212 1117
p 2 0 916 4 4225 1109
p 2 1 918 1 4866 1122
p 2 0 914 6 4310 1121
p 2 0 919 1 4377 1128
p 2 0 917 3 4690 1149
p 2 0 919 1 4609 1138
p 2 0 911 9 4299 1125
p 2 1 919 0 4573 1144
p 2 0 920 0 4090 1126
p 2 0 918 2 3783 1111
p 2 0 916 4 3730 1086
p 2 1 914 5 3754 1090
p 2 1 912 7 3437 1055
p 2 2 917 1 3867 1070
p 2 0 917 3 3820 1044
p 2 0 914 6 3661 1054
p 2 0 912 8 3901 1090
p 2 0 914 6 3731 1081
p 2 0 914 6 2731 1016
p 2 1 915 4 2540 1007
p 2 0 905 15 3048 1016
p 2 0 912 8 3058 1022
p 2 0 904 16 2939 1001
p 2 0 913 7 2524 1033
p 2 1 892 27 1868 954
p 2 0 888 32 2452 994
p 2 0 828 92 2352 910
p 2 0 685 235 2719 836
p 2 0 380 540 963 503
p 2 0 283 637 589 407
p 2 0 214 706 486 339
p 2 0 180 740 424 308
p 2 0 150 770 340 279
p 2 0 128 792 338 259
p 2 0 111 809 281 241
p 2 0 107 813 283 238
p 2 0 135 785 301 256
p 2 0 115 805 278 236
p 2 0 115 805 284 239
p 2 0 89 831 258 223
p 2 0 54 866 215 188
p 2 0 87 833 273 221
p 2 0 96 824 256 224
p 2 0 63 857 216 195
p 2 0 53 867 210 188
p 2 0 79 841 230 209
p 2 0 51 869 202 186
p 2 0 72 848 238 204
p 2 0 70 850 226 202
p 2 0 34 886 187 169
p 2 0 51 869 211 187
p 2 0 74 846 225 206
p 2 0 42 878 187 176
p 2 0 50 870 212 185
p 2 0 72 848 217 202
p 2 0 57 863 198 187
p 2 0 59 861 210 188
p 2 0 47 873 190 181
p 2 0 44 876 189 176
p 2 0 62 858 213 193
p 2 0 68 852 216 198
p 2 0 92 828 253 222
p 2 0 149 771 343 279
i 2 920 0 0 18218 3022
p 2 15 289 616 2426 581
p 2 18 323 579 2790 605
p 2 21 202 697 3215 544
p 2 25 229 666 3845 604
p 2 34 197 689 4521 630
p 2 34 248 638 5185 730
p 2 35 221 664 5707 726
p 2 44 272 604 6376 836
p 2 45 282 593 6966 878
p 2 39 313 568 7382 931
p 2 41 291 588 7588 918
p 2 11 328 581 7140 857
p 2 9 332 579 6717 848
p 2 1 364 555 6012 810
p 2 0 340 580 3779 632
p 2 0 332 588 3190 618
p 2 0 339 581 3615 630
p 2 0 227 693 714 368
p 2 0 228 692 665 359
p 2 0 151 769 492 283
p 2 0 156 764 490 289
p 2 0 164 756 498 291
p 2 0 135 785 433 265
p 2 0 167 753 528 302
p 2 0 148 772 483 282
p 2 0 132 788 452 260
p 2 0 139 781 463 271
p 2 0 151 769 503 283
p 2 0 155 765 483 282
p 2 0 202 718 565 330
i 2 920 0 0 49447 4399
p 2 0 272 648 502 401
p 2 1 507 412 13258 949
p 2 0 381 539 1116 518
p 2 1 439 480 13086 849
p 2 0 328 592 1059 465
p 2 1 424 495 14261 875
p 2 0 302 618 1074 450
p 2 0 409 511 10744 773
p 2 0 427 493 11253 793
p 2 0 325 595 1104 465
p 2 0 172 748 543 305
p 2 0 276 644 7419 562
p 2 0 181 739 639 316
p 2 0 239 681 6440 510
p 2 0 199 721 753 342
p 2 0 229 691 6851 502
p 2 0 193 727 679 332
p 2 0 145 775 481 274
p 2 0 244 676 6403 516
p 2 0 178 742 666 324
p 2 0 157 763 521 288
p 2 0 118 802 375 245
p 2 0 104 816 344 232
p 2 0 102 818 341 231
p 2 0 68 852 276 199
p 2 0 89 831 328 220
p 2 0 79 841 297 210
p 2 0 66 854 272 199
p 2 0 102 818 342 232
p 2 0 72 848 285 202
p 2 0 180 740 552 309
p 2 0 221 699 616 348
i 2 920 0 0 22400 3284
p 2 0 414 506 603 529
p 2 0 451 469 3513 635
p 2 0 252 668 520 380
p 2 0 236 684 403 348
p 2 2 237 681 2890 394
p 2 0 144 776 379 276
p 2 0 131 789 298 254
p 2 0 174 746 3093 351
p 2 0 144 776 376 269
p 2 0 104 816 269 233
p 2 4 139 777 3383 356
p 2 0 108 812 305 234
p 2 0 67 853 267 200
p 2 4 162 754 3608 377
p 2 0 87 833 336 226
p 2 0 82 838 277 217
p 2 2 162 756 3356 368
p 2 0 93 827 349 231
p 2 0 76 844 273 212
p 2 0 132 788 2719 314
p 2 0 86 834 346 226
p 2 0 69 851 257 202
p 2 0 153 767 2946 330
p 2 0 109 811 365 246
p 2 1 106 813 2972 306
p 2 0 95 825 349 232
p 2 1 141 778 2510 318
p 2 0 134 786 392 268
p 2 0 126 794 2540 305
i 2 920 0 0 41255 4287
p 2 0 263 657 489 390
p 2 0 201 719 380 329
p 2 1 702 217 24647 1430
p 2 0 513 407 1649 673
p 2 0 284 636 749 417
p 2 3 716 201 23782 1490
p 2 0 507 413 1598 665
p 2 1 722 197 24660 1486
p 2 0 533 387 1815 698
p 2 0 707 213 21175 1302
p 2 0 474 446 1526 617
p 2 0 699 221 22425 1347
p 2 0 508 412 1710 665
p 2 0 271 649 762 400
p 2 0 335 585 9560 641
p 2 0 276 644 936 416
p 2 0 298 622 8172 589
p 2 0 226 694 796 364
p 2 0 265 655 8962 563
p 2 0 193 727 733 333
p 2 0 171 749 566 301
p 2 0 263 657 8236 560
p 2 0 213 707 775 347
p 2 0 143 777 501 273
p 2 0 169 751 517 295
p 2 0 142 778 449 268
p 2 0 157 763 499 289
p 2 0 125 795 419 257
p 2 0 307 613 949 436
i 2 920 0 0 44480 4181
p 2 0 280 640 534 413
p 2 0 371 549 10515 618
p 2 0 249 671 763 371
p 2 0 261 659 9131 489
p 2 0 207 713 777 337
p 2 0 137 783 404 262
p 2 0 226 694 8905 450
p 2 0 170 750 692 304
p 2 0 134 786 506 265
p 2 0 122 798 420 254
p 2 11 214 695 13500 627
p 2 70 193 657 15862 930
p 2 0 189 731 653 331
p 2 61 228 631 15795 952
p 2 0 212 708 759 356
p 2 1 257 662 10060 536
p 2 0 199 721 716 332
p 2 0 337 583 14320 656
p 2 0 272 648 1043 409
p 2 0 293 627 9929 551
p 2 0 318 602 14031 622
p 2 0 255 665 1019 393
p 2 12 286 622 16164 745
p 2 61 307 552 19119 1079
p 2 0 225 695 924 375
p 2 25 268 627 14368 763
p 2 0 264 656 6723 504
p 2 8 279 633 11068 581
p 2 3 250 667 9053 493
p 2 0 286 634 6461 502
p 2 2 252 666 9562 497
p 2 0 209 711 828 341
p 2 0 194 726 5580 386
p 2 0 184 736 716 321
p 2 0 177 743 597 308
p 2 0 120 800 449 255
p 2 0 123 797 429 253
p 2 0 116 804 421 246
p 2 0 197 723 571 318
p 2 0 183 737 574 310
p 2 0 176 744 565 303
i 2 920 0 0 25831 3657
p 2 0 408 512 581 488
p 2 0 449 471 625 522
p 2 0 672 248 3751 817
p 2 0 817 103 5500 956
p 2 0 830 90 3103 931
p 2 0 886 34 5441 1027
p 2 0 874 46 6130 1034
p 2 1 882 37 4588 1047
p 2 0 899 21 5780 1106
p 2 0 910 10 5077 1087
p 2 0 909 11 5434 1089
p 2 0 911 9 5633 1104
p 2 0 910 10 3949 1083
p 2 0 914 6 5053 1100
p 2 0 914 6 5900 1139
p 2 0 918 2 4032 1098
p 2 1 909 10 5822 1125
p 2 4 916 0 5890 1156
p 2 5 906 9 4106 1144
p 2 1 918 1 4334 1149
p 2 0 912 8 4948 1126
p 2 1 918 1 5308 1198
p 2 0 911 9 4193 1147
p 2 0 917 3 3496 1146
p 2 0 909 11 4094 1121
p 2 0 916 4 3533 1118
p 2 0 912 8 4353 1172
p 2 0 918 2 3426 1112
p 2 1 906 13 3237 1150
p 2 1 919 0 3699 1199
p 2 0 914 6 3376 1140
p 2 0 915 5 3265 1122
p 2 0 916 4 3849 1142
p 2 0 918 2 3852 1205
p 2 2 908 10 3961 1208
p 2 0 919 1 3898 1232
p 2 1 913 6 4045 1269
p 2 0 919 1 4032 1259
p 2 0 913 7 4133 1293
p 2 0 919 1 4159 1341
p 2 0 913 7 4163 1312
p 2 0 919 1 3884 1323
p 2 0 908 12 4250 1354
p 2 1 917 2 4122 1365
p 2 1 911 8 4348 1395
p 2 2 918 0 4093 1316
p 2 0 909 11 3879 1378
p 2 0 917 3 3669 1374
p 2 2 912 6 3611 1359
p 2 1 909 10 3428 1385
p 2 2 911 7 3811 1379
p 2 0 918 2 3453 1358
p 2 0 914 6 3529 1322
p 2 0 916 4 3215 1301
p 2 0 911 9 3700 1360
p 2 0 918 2 3437 1339
p 2 1 916 3 3477 1321
p 2 0 920 0 3408 1321
p 2 0 915 5 3876 1360
p 2 0 915 5 3393 1289
p 2 1 911 8 3320 1299
p 2 0 906 14 3275 1298
p 2 1 906 13 3578 1286
p 2 1 901 18 3222 1265
p 2 0 906 14 3471 1306
p 2 0 898 22 3123 1259
p 2 0 877 43 3942 1343
p 2 0 861 59 3781 1269
p 2 1 867 52 4373 1350
p 2 1 828 91 4285 1295
p 2 6 841 73 4466 1311
p 2 0 843 77 4352 1310
p 2 0 870 50 4279 1312
p 2 0 851 69 4102 1231
p 2 2 843 75 4176 1251
p 2 0 862 58 4204 1281
i 2 920 0 0 15926 3639
p 2 0 744 176 2104 1029
p 2 334 582 4 21159 2750
p 2 0 677 243 2217 900
p 2 218 690 12 21358 2486
p 2 0 799 121 2697 1062
p 2 166 751 3 17580 2286
p 2 0 805 115 2813 1092
p 2 28 891 1 14613 1732
p 2 0 867 53 3202 1197
p 2 14 901 5 13020 1649
p 2 0 870 50 3112 1179
p 2 25 892 3 13424 1713
p 2 0 876 44 3117 1179
p 2 0 841 79 2980 1157
p 2 33 882 5 13414 1720
p 2 0 883 37 3041 1210
p 2 0 857 63 3015 1186
p 2 90 825 5 15703 1978
p 2 68 850 2 16503 2044
p 2 0 885 35 3486 1279
p 2 0 862 58 3332 1210
p 2 8 908 4 10608 1580
p 2 0 888 32 3309 1199
p 2 0 917 3 8227 1439
p 2 0 887 33 3400 1227
p 2 0 864 56 3075 1192
p 2 0 912 8 7850 1390
p 2 0 906 14 3486 1270
p 2 0 867 53 3185 1219
p 2 11 906 3 11261 1636
p 2 0 905 15 3384 1260
p 2 14 901 5 10323 1592
p 2 0 896 24 3573 1269
p 2 17 897 6 9855 1600
p 2 0 902 18 3478 1282
p 2 14 902 4 9176 1554
p 2 0 907 13 3588 1282
p 2 15 897 8 8968 1557
p 2 0 903 17 3108 1251
p 2 15 900 5 8530 1571
p 2 0 905 15 3314 1278
p 2 17 900 3 8310 1568
p 2 0 901 19 3279 1251
p 2 20 896 4 7975 1531
p 2 0 905 15 3372 1263
p 2 17 900 3 7092 1518
p 2 0 896 24 3125 1209
p 2 0 912 8 4845 1248
p 2 0 907 13 3141 1231
p 2 0 915 5 4616 1232
p 2 0 913 7 3070 1221
i 2 920 0 0 18971 3753
p 2 0 740 180 2278 1037
i 2 920 0 0 19020 3700
p 2 0 718 202 2107 993
p 2 203 716 1 17264 2257
p 2 0 758 162 2462 1036
p 2 154 764 2 17870 2183
p 2 0 792 128 2710 1091
p 2 169 750 1 18440 2299
p 2 0 803 117 2761 1098
p 2 296 624 0 29305 2922
p 2 0 694 226 2455 974
p 2 344 573 3 32647 3132
p 2 0 682 238 2663 953
p 2 215 700 5 29045 2826
p 2 0 795 125 2989 1162
p 2 89 818 13 21107 2172
p 2 0 836 84 2916 1160
p 2 64 846 10 18316 2036
p 2 0 858 62 3042 1207
p 2 10 903 7 12238 1642
p 2 0 875 45 3034 1236
p 2 5 901 14 10724 1568
p 2 0 875 45 3031 1248
p 2 0 915 5 10484 1553
p 2 0 873 47 3051 1240
p 2 2 908 10 10150 1581
p 2 0 881 39 3236 1271
p 2 0 842 78 2918 1206
p 2 8 900 12 11134 1634
p 2 0 882 38 3368 1248
p 2 0 831 89 2857 1149
p 2 4 904 12 10585 1568
p 2 0 886 34 3941 1266
p 2 1 858 61 3845 1211
p 2 19 896 5 12798 1712
p 2 0 882 38 3773 1283
p 2 0 842 78 3240 1192
p 2 23 892 5 13576 1796
p 2 0 868 52 3380 1255
p 2 144 774 2 18688 2374
p 2 0 861 59 3232 1205
p 2 127 790 3 19644 2369
p 2 0 839 81 3669 1216
p 2 36 884 0 15178 1851
p 2 0 875 45 3745 1262
p 2 2 893 25 8924 1569
p 2 37 858 25 10406 1595
p 2 0 894 26 8310 1510
p 2 0 856 64 3592 1243
p 2 49 868 3 15356 1901
p 2 0 873 47 3734 1297
p 2 0 857 63 3522 1237
p 2 25 892 3 13363 1815
p 2 0 897 23 3694 1286
p 2 0 852 68 3663 1270
p 2 2 916 2 11919 1665
p 2 0 894 26 3897 1321
p 2 0 893 27 7067 1385
p 2 1 900 19 8052 1571
p 2 4 899 17 8679 1445
p 2 2 875 43 5879 1334
p 2 6 908 6 13359 1648
p 2 0 886 34 5491 1352
p 2 5 892 23 10054 1498
p 2 0 907 13 7739 1466
p 2 20 896 4 12746 1704
p 2 0 887 33 5461 1374
p 2 32 883 5 17555 2069
p 2 1 888 31 6425 1455
p 2 34 884 2 15715 1806
p 2 9 874 37 11338 1775
p 2 89 825 6 18531 2147
p 2 7 829 84 6020 1421
p 2 97 821 2 24810 2545
p 2 2 832 86 5646 1348
p 2 55 862 3 15316 2049
p 2 9 843 68 9024 1636
p 2 37 881 2 12182 1966
p 2 0 867 53 4912 1350
p 2 95 820 5 12127 2215
p 2 1 845 74 4308 1281
p 2 59 851 10 9653 1859
p 2 0 837 83 4346 1355
p 2 225 692 3 10860 2351
p 2 1 901 18 4006 1325
p 2 8 911 1 9740 1607
p 2 0 905 15 3985 1337
p 2 0 891 29 3287 1239
p 2 26 891 3 10919 1608
p 2 0 892 28 3016 1210
p 2 0 881 39 3292 1221
p 2 36 880 4 11836 1641
p 2 1 894 25 3577 1256
p 2 7 909 4 10124 1481
p 2 0 904 16 3538 1245
p 2 11 905 4 10983 1514
p 2 0 899 21 3620 1255
p 2 73 844 3 17201 1936
p 2 0 857 63 3641 1238
p 2 81 833 6 16557 1971
p 2 5 866 49 4765 1317
p 2 68 845 7 17231 1875
p 2 0 856 64 3378 1212
p 2 18 897 5 13509 1630
p 2 0 874 46 3232 1218
p 2 11 904 5 13166 1555
p 2 4 884 32 4405 1271
p 2 154 764 2 19773 2251
p 2 0 802 118 2904 1122
p 2 119 796 5 16391 2048
p 2 0 827 93 2764 1149
p 2 84 836 0 15939 1923
p 2 0 864 56 3327 1220
p 2 20 898 2 14544 1622
p 2 0 862 58 3276 1224
p 2 20 895 5 15649 1700
p 2 0 864 56 3298 1197
i 2 920 0 0 15905 3677
p 2 3 859 58 4502 1284
p 2 0 858 62 2811 1121
p 2 121 788 11 9467 1922
p 2 0 886 34 4930 1249
p 2 0 878 42 3122 1183
p 2 41 873 6 4145 1448
p 2 1 910 9 5194 1302
p 2 0 915 5 2998 1225
p 2 0 910 10 3065 1230
p 2 19 893 8 7729 1458
p 2 0 899 21 3616 1255
p 2 27 885 8 9880 1576
p 2 1 890 29 4129 1281
p 2 5 909 6 8435 1473
p 2 2 902 16 4362 1299
p 2 5 909 6 9491 1501
p 2 0 900 20 4531 1354
p 2 96 821 3 15114 2029
p 2 0 831 89 4417 1244
p 2 140 775 5 15902 2266
p 2 1 820 99 4665 1310
p 2 150 766 4 16170 2377
p 2 0 822 98 4771 1265
p 2 59 852 9 15902 2134
p 2 1 824 95 4471 1249
i 2 920 0 0 22726 3857
p 2 0 585 335 4173 981
i 2 920 0 0 24539 4048
p 2 0 762 158 5365 1199
p 2 290 627 3 13307 2731
p 2 1 863 56 5844 1349
p 2 102 814 4 6661 1762
p 2 0 902 18 5831 1361
p 2 13 900 7 8222 1472
p 2 8 910 2 11138 1554
p 2 2 915 3 9657 1552
p 2 3 905 12 10281 1580
p 2 5 913 2 10616 1550
p 2 11 905 4 10762 1636
p 2 8 907 5 10705 1602
p 2 3 910 7 10513 1588
p 2 6 904 10 10404 1583
p 2 5 907 8 11365 1639
p 2 3 911 6 11069 1589
p 2 1 914 5 11245 1599
p 2 9 905 6 11714 1653
p 2 8 905 7 10334 1647
p 2 4 912 4 9456 1578
p 2 3 910 7 9054 1553
p 2 3 911 6 8369 1475
p 2 4 911 5 8203 1534
p 2 0 915 5 8452 1493
p 2 1 914 5 7768 1500
p 2 3 913 4 7702 1461
p 2 3 906 11 7687 1477
p 2 1 912 7 6586 1426
p 2 2 911 7 6337 1430
p 2 2 914 4 5982 1394
p 2 0 911 9 5589 1378
p 2 1 906 13 5355 1342
p 2 0 912 8 5951 1386
p 2 0 912 8 5271 1319
p 2 0 912 8 5487 1368
p 2 0 914 6 5476 1314
p 2 0 917 3 4897 1326
p 2 0 918 2 4839 1294
p 2 1 912 7 5540 1344
p 2 164 752 4 11524 1922
p 2 0 818 102 4161 1186
p 2 203 707 10 19921 2294
p 2 0 754 166 4014 1089
i 2 920 0 0 22508 3850
p 2 0 698 222 3145 1014
p 2 222 693 5 20682 2473
p 2 0 786 134 3034 1080
p 2 101 809 10 19597 2123
p 2 0 812 108 3217 1130
p 2 168 746 6 23501 2414
p 2 0 804 116 3232 1149
p 2 118 799 3 22184 2257
p 2 0 830 90 3420 1196
p 2 251 667 2 25740 2754
p 2 0 761 159 4468 1163
p 2 283 634 3 26476 2889
p 2 0 747 173 4669 1138
p 2 231 683 6 31785 2890
p 2 1 757 162 4726 1200
p 2 155 763 2 29998 2654
p 2 0 806 114 4301 1195
p 2 55 861 4 28332 2321
p 2 0 818 102 3678 1173
p 2 18 889 13 21900 1935
p 2 0 824 96 3651 1174
p 2 40 871 9 23198 2042
p 2 0 809 111 3621 1143
p 2 10 898 12 20241 1802
p 2 0 841 79 3827 1209
p 2 19 890 11 20496 1844
p 2 0 856 64 3836 1211
p 2 27 879 14 22051 1930
p 2 0 840 80 3940 1213
p 2 22 840 58 12381 1653
p 2 4 857 59 11967 1476
p 2 11 896 13 11220 1637
p 2 0 854 66 3984 1228
p 2 11 900 9 16026 1778
p 2 0 869 51 4037 1255
p 2 0 889 31 8591 1429
p 2 0 857 63 8931 1360
p 2 0 908 12 7952 1422
p 2 0 843 77 3757 1200
p 2 1 913 6 13391 1572
p 2 0 856 64 3967 1235
p 2 16 883 21 11369 1653
p 2 6 865 49 9582 1411
p 2 20 893 7 12110 1695
p 2 0 840 80 3629 1195
p 2 33 875 12 17911 1903
p 2 0 827 93 3227 1173
p 2 51 850 19 16027 1994
p 2 0 851 69 6266 1298
p 2 56 859 5 15308 2059
p 2 0 833 87 3031 1191
p 2 115 801 4 19938 2376
p 2 0 800 120 2896 1134
p 2 118 793 9 18928 2388
p 2 0 793 127 3367 1133
p 2 99 810 11 17895 2305
p 2 0 786 134 2744 1134
p 2 0 904 16 8927 1515
p 2 0 755 165 2464 1020
i 2 920 0 0 24149 3943
p 2 1 858 61 5038 1314
p 2 6 904 10 11208 1578
p 2 1 879 40 6099 1379
p 2 0 842 78 5828 1348
p 2 2 907 11 10562 1529
p 2 1 865 54 6085 1341
p 2 0 870 50 5700 1307
p 2 4 910 6 9678 1457
p 2 2 877 41 6131 1352
p 2 0 873 47 5981 1321
p 2 1 904 15 10637 1451
p 2 1 878 41 6336 1324
p 2 6 893 21 12610 1593
p 2 1 884 35 6412 1345
p 2 2 915 3 13293 1657
p 2 0 877 43 6621 1378
p 2 1 913 6 14048 1680
p 2 1 902 17 7164 1411
p 2 6 905 9 15376 1743
p 2 0 890 30 6922 1411
p 2 191 726 3 19099 2435
p 2 0 843 77 6185 1339
p 2 37 871 12 15658 2000
p 2 0 890 30 6559 1397
p 2 30 875 15 14620 1898
p 2 0 899 21 6198 1338
p 2 187 727 6 18016 2444
p 2 0 904 16 6403 1371
p 2 53 867 0 14278 1837
p 2 0 908 12 6426 1334
p 2 4 915 1 14068 1566
p 2 1 903 16 6785 1325
p 2 9 911 0 15119 1640
p 2 0 903 17 6307 1309
p 2 7 913 0 16637 1701
p 2 0 892 28 6485 1391
p 2 26 894 0 18659 1861
p 2 1 891 28 6793 1421
p 2 9 911 0 18026 1802
p 2 0 873 47 6617 1319
p 2 10 909 1 16797 1772
p 2 0 882 38 6138 1375
p 2 3 917 0 16661 1736
p 2 0 878 42 6599 1374
p 2 15 905 0 20899 1936
p 2 0 859 61 6421 1343
p 2 18 901 1 19891 1905
p 2 1 875 44 6698 1364
p 2 6 914 0 18941 1826
p 2 3 843 74 6232 1382
p 2 154 766 0 30994 2745
p 2 1 787 132 5403 1270
p 2 96 824 0 30215 2595
p 2 0 829 91 5528 1295
i 2 920 0 0 49387 4528
p 2 0 186 734 418 324
p 2 0 130 790 297 265
p 2 3 297 620 11789 643
p 2 0 211 709 799 355
p 2 0 118 802 400 252
p 2 2 253 665 10671 580
p 2 0 191 729 770 333
p 2 0 99 821 350 229
p 2 5 245 670 12341 627
p 2 0 192 728 815 340
p 2 0 107 813 376 239
p 2 2 230 688 11988 610
p 2 0 176 744 731 322
p 2 0 136 784 491 272
p 2 0 241 679 10227 548
p 2 0 178 742 788 325
p 2 0 106 814 427 237
p 2 0 229 691 8794 496
p 2 0 180 740 791 325
p 2 0 123 797 461 257
p 2 0 245 675 7557 491
p 2 0 188 732 852 336
p 2 0 122 798 452 255
p 2 0 223 697 7614 477
p 2 0 167 753 738 310
p 2 0 101 819 383 234
p 2 0 102 818 347 232
p 2 0 70 850 270 202
p 2 0 136 784 437 268
p 2 0 126 794 448 260
p 2 0 118 802 421 252
p 2 0 113 807 375 243
p 2 0 90 830 328 221
p 2 0 104 816 358 234
p 2 0 105 815 379 236
p 2 0 54 866 235 187
p 2 0 40 880 213 173
p 2 0 249 671 585 383
p 2 17 893 10 10106 1706
p 2 10 910 0 13557 1678
p 2 8 911 1 15895 1678
p 2 8 912 0 17405 1662
p 2 6 914 0 18284 1662
p 2 5 915 0 20033 1657
p 2 4 916 0 21368 1646
p 2 3 916 1 22128 1652
p 2 2 918 0 23736 1685
p 2 3 917 0 25479 1674
p 2 2 918 0 25370 1688
p 2 1 919 0 26665 1670
p 2 0 920 0 28298 1698
p 2 1 919 0 26856 1668
p 2 0 920 0 28716 1704
p 2 1 919 0 29814 1694
p 2 0 920 0 30442 1701
p 2 1 919 0 31356 1705
p 2 0 920 0 33074 1717
p 2 2 918 0 32156 1711
p 2 2 918 0 33785 1728
p 2 3 917 0 34310 1727
p 2 3 917 0 36261 1734
p 2 0 913 7 27145 1430
p 2 0 915 5 28126 1421
p 2 0 907 13 27568 1379
p 2 0 911 9 28826 1410
p 2 0 897 23 27219 1388
p 2 0 908 12 28349 1395
p 2 0 901 19 27729 1364
p 2 0 900 20 28625 1392
p 2 0 891 29 27308 1385
p 2 0 896 24 28155 1377
p 2 0 898 22 27664 1368
p 2 0 907 13 28554 1406
p 2 0 896 24 27056 1372
p 2 0 904 16 27562 1391
p 2 0 907 13 27515 1381
p 2 0 891 29 28197 1390
p 2 0 887 33 26971 1378
p 2 0 898 22 27333 1376
p 2 0 903 17 27281 1382
p 2 0 898 22 27750 1382
p 2 0 896 24 26538 1370
p 2 0 890 30 27044 1352
p 2 0 906 14 26902 1374
p 2 0 895 25 27448 1390
p 2 0 885 35 26261 1350
p 2 0 902 18 26815 1373
p 2 0 899 21 26693 1374
p 2 0 898 22 27359 1379
p 2 0 898 22 25971 1376
p 2 0 902 18 26765 1366
p 2 0 897 23 26260 1357
p 2 0 892 28 27032 1374
p 2 0 886 34 25647 1343
p 2 0 897 23 26779 1373
p 2 0 896 24 25898 1353
p 2 0 890 30 26574 1362
p 2 0 891 29 25113 1326
p 2 0 895 25 25282 1336
p 2 0 886 34 25682 1337
p 2 0 893 27 24800 1339
p 2 0 897 23 25590 1334
p 2 0 894 26 24189 1322
p 2 0 879 41 24751 1303
p 2 0 889 31 24319 1330
p 2 0 891 29 24528 1325
p 2 0 869 51 22869 1291
p 2 0 880 40 23241 1294
p 2 0 882 38 22955 1306
p 2 0 884 36 23171 1302
p 2 0 859 61 21189 1242
p 2 0 876 44 21373 1275
p 2 0 865 55 21033 1235
p 2 0 856 64 19900 1226
p 2 0 859 61 19260 1216
p 2 0 853 67 19012 1198
p 2 0 838 82 16394 1140
p 2 0 835 85 15599 1130
p 2 0 834 86 15374 1114
p 2 0 830 90 11886 1079
p 2 0 799 121 10209 1028
p 2 0 667 253 3431 833
p 2 0 616 304 2627 762
p 2 0 535 385 2084 670
p 2 0 535 385 1991 666
p 2 0 523 397 1969 656
p 2 0 371 549 1242 486
p 2 0 366 554 1140 490
p 2 0 275 645 893 397
p 2 0 251 669 844 378
p 2 0 330 590 1054 449
p 2 0 286 634 913 406
p 2 0 233 687 747 357
p 2 0 252 668 783 375
p 2 0 224 696 721 349
p 2 0 201 719 651 325
p 2 0 253 667 763 376
p 2 0 215 705 709 339
p 2 0 171 749 566 295
p 2 0 207 713 666 333
p 2 0 173 747 552 298
p 2 0 138 782 462 263
p 2 0 177 743 551 302
p 2 0 168 752 516 292
p 2 0 140 780 481 266
p 2 0 172 748 537 297
p 2 0 149 771 491 275
p 2 0 147 773 476 273
p 2 0 185 735 560 309
p 2 0 148 772 487 274
p 2 0 115 805 402 244
p 2 0 127 793 441 255
p 2 0 118 802 416 248
p 2 0 106 814 393 232
p 2 0 131 789 436 259
p 2 0 131 789 458 258
p 2 0 85 835 344 215
p 2 0 146 774 493 273
p 2 0 117 803 401 243
p 2 0 81 839 326 212
p 2 0 126 794 425 253
p 2 0 97 823 359 224
p 2 0 72 848 303 204
p 2 0 99 821 370 228
p 2 0 77 843 304 209
p 2 0 70 850 290 201
p 2 0 98 822 354 230
p 2 0 75 845 291 206
p 2 0 41 879 225 173
p 2 0 67 853 262 199
p 2 26 894 0 20412 1764
p 2 40 880 0 25326 1830
p 2 38 882 0 26088 1815
p 2 38 882 0 28630 1860
p 2 40 880 0 29739 1901
p 2 44 876 0 29671 1957
p 2 48 872 0 29656 1988
p 2 57 863 0 29670 2094
p 2 57 863 0 27382 2091
p 2 84 836 0 26307 2247
p 2 53 867 0 25754 2274
p 2 0 807 113 3575 1084
p 2 0 717 203 2509 927
p 2 0 550 370 1759 711
p 2 0 576 344 1806 730
p 2 0 477 443 1483 619
p 2 0 438 482 1418 587
p 2 0 455 465 1436 593
p 2 0 406 514 1341 551
p 2 0 355 565 1228 499
p 2 0 407 513 1337 555
p 2 0 372 548 1188 507
p 2 0 296 624 1045 446
p 2 0 346 574 1145 487
p 2 0 309 611 1052 449
p 2 0 293 627 976 428
p 2 0 333 587 1096 475
p 2 0 323 597 1050 458
p 2 0 242 678 875 380
p 2 0 267 653 886 401
p 2 0 246 674 852 385
p 2 0 213 707 784 351
p 2 0 273 647 929 410
p 2 0 231 689 841 369
p 2 0 196 724 698 333
p 2 0 241 679 811 377
p 2 0 223 697 782 362
p 2 0 191 729 718 331
p 2 0 225 695 809 367
p 2 0 208 712 766 347
p 2 0 156 764 620 296
p 2 0 204 716 721 339
p 2 0 163 757 629 300
p 2 0 145 775 620 281
p 2 0 185 735 698 326
p 2 0 155 765 667 296
p 2 0 155 765 618 295
p 2 0 175 745 674 318
p 2 0 161 759 639 298
p 2 0 137 783 623 283
p 2 0 174 746 671 316
p 2 0 155 765 641 292
p 2 0 120 800 546 264
p 2 0 159 761 657 303
p 2 0 140 780 604 286
p 2 0 127 793 570 271
p 2 0 183 737 710 325
p 2 0 133 787 567 276
p 2 0 118 802 548 263
p 2 0 151 769 635 296
p 2 0 133 787 584 276
p 2 0 123 797 562 266
p 2 0 142 778 642 289
p 2 0 142 778 638 288
p 2 0 115 805 568 262
p 2 0 124 796 616 272
p 2 0 111 809 581 256
p 2 0 103 817 544 248
p 2 0 134 786 662 285
p 2 0 127 793 628 273
p 2 0 108 812 621 261
p 2 0 151 769 734 301
p 2 0 110 810 635 259
p 2 0 116 804 672 261
p 2 0 139 781 730 288
p 2 0 127 793 683 274
p 2 0 146 774 725 287
p 2 0 132 788 715 280
p 2 0 130 790 771 277
p 2 0 494 426 1853 646
p 2 0 159 761 774 307
p 2 0 116 804 670 265
p 2 0 97 823 640 246
p 2 0 94 826 622 243
p 2 0 95 825 678 251
p 2 0 112 808 668 265
p 2 0 132 788 724 285
p 2 0 102 818 615 250
p 2 0 103 817 631 252
p 2 0 122 798 697 271
p 2 0 166 754 775 315
p 2 0 137 783 746 291
p 2 0 130 790 726 285
p 2 0 144 776 766 297
p 2 0 117 803 681 274
p 2 0 174 746 829 325
p 2 0 147 773 785 303
p 2 0 114 806 718 274
p 2 0 148 772 771 300
p 2 0 139 781 753 291
p 2 0 113 807 720 267
p 2 0 164 756 788 312
p 2 0 117 803 713 268
p 2 0 121 799 720 272
p 2 0 164 756 836 318
p 2 0 132 788 773 282
p 2 0 97 823 678 247
p 2 0 134 786 759 286
p 2 0 124 796 722 271
p 2 0 114 806 703 266
p 2 0 151 769 798 303
p 2 0 137 783 807 292
p 2 0 99 821 680 251
p 2 0 140 780 779 292
p 2 0 110 810 704 265
p 2 0 91 829 624 248
p 2 0 129 791 703 282
p 2 0 98 822 623 250
p 2 0 101 819 606 253
p 2 0 130 790 666 281
p 2 0 118 802 637 262
p 2 0 125 795 666 275
p 2 0 126 794 667 274
p 2 0 119 801 634 269
p 2 0 120 800 643 271
p 2 0 120 800 614 268
p 2 0 128 792 696 280
p 2 0 91 829 531 245
p 2 0 123 797 633 272
p 2 0 103 817 598 253
p 2 0 92 828 550 241
p 2 0 145 775 689 291
p 2 0 99 821 607 251
p 2 0 91 829 544 238
p 2 0 103 817 541 245
p 2 0 99 821 586 246
p 2 0 85 835 558 237
p 2 0 127 793 623 274
p 2 0 91 829 581 239
p 2 0 133 787 611 276
p 2 0 189 731 784 333
i 2 920 0 0 2596 2596
p 2 0 0 920 137 137
p 2 0 0 920 137 137
p 2 0 0 920 137 137
p 2 0 0 920 137 137
p 2 0 0 920 137 137
p 2 0 0 920 137 137
p 2 0 0 920 137 137
p 2 0 0 920 137 137
p 2 0 0 920 137 137
p 2 0 0 920 137 137
p 2 0 0 920 137 137
p 2 0 0 920 137 137
p 2 0 0 920 137 137
p 2 0 0 920 137 137
p 2 0 0 920 137 137
p 2 0 0 920 137 137
p 2 0 0 920 137 137
p 2 0 0 920 137 137
p 2 0 0 920 137 137
p 2 0 0 920 137 137
p 2 0 0 920 137 137
p 2 0 0 920 137 137
p 2 0 0 920 137 137
p 2 0 0 920 137 137
p 2 0 0 920 137 137
p 2 0 0 920 137 137
p 2 0 0 920 137 137
p 2 0 0 920 137 137
p 2 0 0 920 137 137
p 2 0 0 920 137 137
p 2 0 0 920 137 137
p 2 0 0 920 137 137
p 2 0 0 920 137 137
p 2 0 0 920 137 137
p 2 0 0 920 137 137
p 2 0 0 920 137 137
p 2 0 0 920 137 137
p 2 0 0 920 137 137
p 2 0 0 920 137 137
p 2 0 0 920 137 137
p 2 0 0 920 137 137
p 2 0 0 920 137 137
p 2 0 0 920 137 137
p 2 0 0 920 137 137
p 2 0 0 920 137 137
p 2 0 0 920 137 137
p 2 0 0 920 137 137
p 2 0 0 920 137 137
p 2 0 0 920 137 137
p 2 0 0 920 137 137
p 2 0 0 920 137 137
p 2 0 0 920 137 137
p 2 0 0 920 137 137
p 2 0 0 920 137 137
p 2 0 0 920 137 137
p 2 0 0 920 137 137
p 2 0 0 920 137 137
p 2 0 0 920 137 137
p 2 0 0 920 137 137
p 2 0 0 920 137 137
p 2 0 0 920 137 137
p 2 0 0 920 137 137
p 2 0 0 920 137 137
p 2 0 0 920 137 137
p 2 0 0 920 137 137
p 2 0 0 920 137 137
p 2 0 0 920 137 137
p 2 0 0 920 137 137
p 2 0 0 920 137 137
i 2 920 0 0 2596 2596
p 2 0 0 920 137 137
p 2 0 0 920 137 137
p 2 0 0 920 137 137
p 2 0 0 920 137 137
p 2 0 0 920 137 137
p 2 0 0 920 137 137
p 2 0 0 920 137 137
p 2 0 0 920 137 137
p 2 0 0 920 137 137
p 2 0 0 920 137 137
p 2 0 0 920 137 137
p 2 0 0 920 137 137
p 2 0 0 920 137 137
p 2 0 0 920 137 137
p 2 0 0 920 137 137
p 2 0 0 920 137 137
p 2 0 0 920 137 137
p 2 0 0 920 137 137
p 2 0 0 920 137 137
p 2 0 0 920 137 137
p 2 0 0 920 137 137
p 2 0 0 920 137 137
p 2 0 0 920 137 137
