# XviD 2pass stat file (core version 1.4.-127)
# Please do not modify this file

i 2 920 0 0 2596 2596
p 2 0 0 920 137 137
p 2 0 0 920 137 137
p 2 0 0 920 137 137
p 2 0 0 920 137 137
p 2 0 0 920 137 137
p 2 0 0 920 137 137
p 2 0 0 920 137 137
p 2 0 0 920 137 137
p 2 0 0 920 137 137
p 2 0 0 920 137 137
p 2 0 0 920 137 137
p 2 0 0 920 137 137
p 2 0 0 920 137 137
p 2 0 0 920 137 137
p 2 0 0 920 137 137
p 2 0 0 920 137 137
p 2 0 0 920 137 137
p 2 0 0 920 137 137
p 2 0 0 920 137 137
p 2 0 0 920 137 137
p 2 0 0 920 137 137
p 2 0 0 920 137 137
p 2 0 0 920 137 137
i 2 920 0 0 54858 4413
p 2 0 168 752 360 293
p 2 0 90 830 234 219
p 2 0 64 856 221 194
p 2 0 77 843 235 208
p 2 0 38 882 179 171
p 2 0 38 882 184 171
p 2 0 30 890 174 164
p 2 0 46 874 200 179
p 2 0 35 885 181 170
p 2 0 19 901 164 154
p 2 0 24 896 169 161
p 2 0 31 889 183 165
p 2 0 17 903 161 152
p 2 0 34 886 189 168
p 2 0 19 901 164 154
p 2 0 24 896 172 160
p 2 0 24 896 174 159
p 2 0 24 896 170 159
p 2 0 11 909 150 146
p 2 0 21 899 171 156
p 2 0 20 900 164 155
p 2 0 22 898 170 158
p 2 0 28 892 179 162
p 2 0 25 895 178 160
p 2 0 17 903 165 155
p 2 0 24 896 178 160
p 2 0 23 897 169 159
p 2 0 14 906 157 150
p 2 0 42 878 201 175
p 2 0 28 892 177 162
p 2 0 12 908 154 148
p 2 0 22 898 171 157
p 2 0 18 902 161 153
p 2 0 17 903 165 153
p 2 0 32 888 186 167
p 2 0 12 908 153 148
p 2 0 15 905 156 151
p 2 0 18 902 170 155
p 2 0 20 900 167 157
p 2 0 13 907 158 149
p 2 0 15 905 160 151
p 2 0 25 895 173 159
p 2 0 14 906 157 149
p 2 0 13 907 158 149
p 2 0 16 904 161 152
p 2 0 12 908 157 148
p 2 0 13 907 157 149
p 2 0 15 905 157 150
p 2 0 15 905 161 151
p 2 0 21 899 170 157
p 2 0 22 898 167 156
p 2 0 15 905 158 150
p 2 0 19 901 165 154
p 2 0 22 898 170 158
p 2 0 14 906 157 149
p 2 0 21 899 169 156
p 2 0 13 907 155 149
p 2 0 13 907 154 147
p 2 0 23 897 173 158
p 2 0 18 902 160 153
p 2 0 10 910 154 146
p 2 0 25 895 179 161
p 2 0 18 902 165 154
p 2 0 15 905 161 151
p 2 0 19 901 166 153
p 2 0 21 899 168 156
p 2 0 23 897 174 159
p 2 0 15 905 160 151
p 2 0 19 901 162 155
p 2 0 21 899 166 157
p 2 0 18 902 162 154
p 2 0 20 900 160 155
p 2 0 12 908 156 148
p 2 0 20 900 167 155
p 2 0 13 907 156 148
p 2 0 13 907 157 149
p 2 0 14 906 158 149
p 2 0 16 904 160 151
p 2 0 9 911 149 145
p 2 0 19 901 164 155
p 2 0 19 901 169 155
p 2 0 14 906 159 150
p 2 0 25 895 174 160
p 2 0 39 881 200 175
p 2 0 204 716 976 371
p 2 0 221 699 1230 405
p 2 0 220 700 1323 394
p 2 0 226 694 1462 415
p 2 0 224 696 1516 401
p 2 0 230 690 1587 412
p 2 0 222 698 1560 393
p 2 0 230 690 1609 411
p 2 0 224 696 1615 392
p 2 0 230 690 1593 390
p 2 0 235 685 1596 391
p 2 0 223 697 1670 391
p 2 0 218 702 1594 371
p 2 0 225 695 1604 382
p 2 0 228 692 1673 377
p 2 0 228 692 1677 383
p 2 0 230 690 1658 384
p 2 0 232 688 1742 387
p 2 0 221 699 1637 374
p 2 0 235 685 1685 394
p 2 0 220 700 1717 374
p 2 0 226 694 1741 386
p 2 0 232 688 1731 381
p 2 0 226 694 1759 379
p 2 0 223 697 1760 375
p 2 0 231 689 1710 388
p 2 0 222 698 1775 372
p 2 0 226 694 1772 384
p 2 0 225 695 1804 380
p 2 0 229 691 1818 385
p 2 0 220 700 1755 372
p 2 0 231 689 1795 386
p 2 0 230 690 1797 387
p 2 0 230 690 1758 387
p 2 0 240 680 1901 402
p 2 0 240 680 1925 402
p 2 0 224 696 1785 377
p 2 0 234 686 1810 391
p 2 0 228 692 1802 384
p 2 0 224 696 1822 386
p 2 0 230 690 1805 388
p 2 0 234 686 1860 391
p 2 0 227 693 1784 380
p 2 0 227 693 1838 389
p 2 0 229 691 1874 387
p 2 0 225 695 1874 391
p 2 0 231 689 1870 389
p 2 0 230 690 1903 397
p 2 0 226 694 1835 383
p 2 0 226 694 1826 391
p 2 0 227 693 1839 377
p 2 0 228 692 1850 398
p 2 0 238 682 1901 400
p 2 0 228 692 1897 395
p 2 0 223 697 1807 377
p 2 0 233 687 1821 398
p 2 0 226 694 1894 383
p 2 0 229 691 1946 396
p 2 0 232 688 1894 388
p 2 0 222 698 1891 385
p 2 0 222 698 1888 388
p 2 0 232 688 1839 401
p 2 0 225 695 1880 388
p 2 0 227 693 1829 390
p 2 0 226 694 1889 388
p 2 0 226 694 1920 396
p 2 0 221 699 1818 379
p 2 0 229 691 1792 391
p 2 0 222 698 1885 384
p 2 0 227 693 1887 399
p 2 0 227 693 1836 392
p 2 0 231 689 1924 401
p 2 0 227 693 1818 389
p 2 0 225 695 1852 398
p 2 0 223 697 1860 389
p 2 0 226 694 1863 398
p 2 0 227 693 1912 400
p 2 0 225 695 1897 394
p 2 0 219 701 1844 384
p 2 0 228 692 1867 395
p 2 0 228 692 1874 395
p 2 0 225 695 1874 399
p 2 0 225 695 1904 398
p 2 0 231 689 1861 401
p 2 0 227 693 1779 394
p 2 0 232 688 1795 406
p 2 0 223 697 1812 397
p 2 0 224 696 1832 402
p 2 0 223 697 1777 394
p 2 0 225 695 1822 401
p 2 0 203 717 1161 372
p 2 0 190 730 771 334
p 2 0 157 763 614 293
p 2 0 135 785 530 269
p 2 0 145 775 533 281
p 2 0 127 793 501 260
p 2 0 83 837 345 217
p 2 0 86 834 332 219
p 2 0 75 845 304 206
p 2 0 77 843 317 209
p 2 0 90 830 349 223
p 2 0 68 852 291 201
p 2 0 51 869 255 184
p 2 0 68 852 297 201
p 2 0 43 877 223 176
p 2 0 50 870 242 183
p 2 0 54 866 256 186
p 2 0 50 870 239 182
p 2 0 40 880 212 173
p 2 0 57 863 261 191
p 2 0 48 872 233 180
p 2 0 44 876 234 178
p 2 0 55 865 242 188
p 2 0 37 883 218 172
p 2 0 28 892 193 162
p 2 0 53 867 249 185
p 2 0 30 890 196 167
p 2 0 33 887 211 168
p 2 0 41 879 227 175
p 2 0 36 884 205 169
p 2 0 25 895 185 160
p 2 0 38 882 220 172
p 2 0 30 890 191 163
p 2 0 29 891 198 164
p 2 0 36 884 204 169
p 2 0 32 888 201 166
p 2 0 21 899 181 156
p 2 0 19 901 170 154
p 2 0 27 893 197 164
p 2 0 24 896 180 158
p 2 0 18 902 174 153
p 2 0 23 897 183 157
p 2 0 13 907 165 149
p 2 0 25 895 186 161
p 2 0 14 906 160 150
p 2 0 16 904 162 151
p 2 0 25 895 185 160
p 2 0 23 897 180 158
p 2 0 17 903 167 153
p 2 0 30 890 191 165
p 2 0 26 894 189 162
p 2 0 14 906 162 150
p 2 0 31 889 198 167
p 2 0 20 900 173 156
p 2 0 11 909 155 146
p 2 0 19 901 171 154
p 2 0 28 892 190 163
p 2 0 21 899 175 157
p 2 0 21 899 177 157
p 2 0 18 902 166 152
p 2 0 20 900 170 155
p 2 0 22 898 178 157
p 2 0 13 907 161 150
p 2 0 17 903 170 153
p 2 0 24 896 181 159
p 2 0 14 906 160 150
p 2 0 18 902 167 153
p 2 0 26 894 187 161
p 2 0 25 895 180 158
p 2 0 12 908 162 148
p 2 0 42 878 213 177
p 2 0 134 786 554 278
p 2 0 142 778 665 287
p 2 0 143 777 756 294
p 2 0 141 779 798 290
p 2 0 424 496 1704 583
p 2 0 207 713 902 351
p 2 0 151 769 838 299
p 2 0 145 775 822 293
p 2 0 145 775 869 294
p 2 0 150 770 869 297
p 2 0 155 765 917 307
p 2 0 144 776 930 295
p 2 0 149 771 970 303
p 2 0 142 778 901 285
p 2 0 157 763 930 309
p 2 0 147 773 962 294
p 2 0 146 774 913 295
p 2 0 154 766 971 301
p 2 0 143 777 989 290
p 2 0 142 778 938 291
p 2 0 160 760 975 307
p 2 0 143 777 954 286
p 2 0 140 780 962 286
p 2 0 147 773 962 294
p 2 0 148 772 988 300
p 2 0 147 773 970 294
p 2 0 155 765 981 302
p 2 0 148 772 940 291
p 2 0 145 775 969 291
p 2 0 150 770 979 293
p 2 0 149 771 1011 300
p 2 0 141 779 967 284
p 2 0 146 774 984 296
p 2 0 149 771 1002 294
p 2 0 142 778 984 288
p 2 0 153 767 1052 298
p 2 0 142 778 1040 294
p 2 0 144 776 981 291
p 2 0 151 769 1031 299
p 2 0 146 774 1026 290
p 2 0 139 781 980 289
p 2 0 144 776 1031 291
p 2 0 148 772 1058 299
p 2 0 143 777 988 287
p 2 0 161 759 1030 310
p 2 0 148 772 1003 295
p 2 0 144 776 1006 294
p 2 0 157 763 1079 304
p 2 0 143 777 1046 294
p 2 0 143 777 1018 291
p 2 0 145 775 1026 297
p 2 0 140 780 1010 288
p 2 0 146 774 1036 301
p 2 0 147 773 1043 298
p 2 0 144 776 1048 296
p 2 0 148 772 981 294
p 2 0 148 772 1050 305
p 2 0 142 778 995 289
p 2 0 145 775 1034 298
p 2 0 146 774 1013 295
p 2 0 149 771 1093 308
p 2 0 137 783 995 284
p 2 0 148 772 1019 305
p 2 0 148 772 1004 296
p 2 0 147 773 1014 299
p 2 0 144 776 1023 298
p 2 0 141 779 1102 302
p 2 0 146 774 982 294
p 2 0 144 776 1056 304
p 2 0 151 769 1012 302
p 2 0 147 773 1033 306
p 2 0 139 781 1012 289
p 2 0 150 770 1011 311
p 2 0 144 776 1003 294
p 2 0 145 775 1001 303
p 2 0 145 775 995 296
p 2 0 141 779 1030 303
p 2 0 151 769 1037 307
p 2 0 144 776 1037 300
p 2 0 147 773 1015 294
p 2 0 152 768 1034 312
p 2 0 152 768 1048 306
p 2 0 150 770 1011 308
p 2 0 152 768 1012 306
p 2 0 154 766 1053 318
p 2 0 141 779 991 298
p 2 0 148 772 969 306
p 2 0 140 780 963 291
p 2 0 144 776 953 307
p 2 0 153 767 1010 307
p 2 0 146 774 868 303
p 2 0 104 816 439 244
p 2 0 101 819 413 240
p 2 0 78 842 316 210
p 2 0 63 857 286 194
p 2 0 79 841 338 213
p 2 0 59 861 268 190
p 2 0 39 881 220 173
p 2 0 65 855 274 199
p 2 0 41 879 216 175
p 2 0 33 887 201 167
p 2 0 60 860 259 194
p 2 0 34 886 213 169
p 2 0 33 887 209 167
p 2 0 54 866 241 186
p 2 0 54 866 241 186
p 2 0 25 895 195 159
p 2 0 60 860 262 192
p 2 0 41 879 219 175
p 2 0 19 901 177 156
p 2 0 46 874 223 179
p 2 0 34 886 202 167
p 2 0 28 892 189 162
p 2 0 41 879 211 173
p 2 0 29 891 186 164
p 2 0 24 896 178 159
p 2 0 32 888 207 166
p 2 0 24 896 178 160
p 2 0 18 902 171 154
p 2 0 44 876 220 177
p 2 0 22 898 178 157
p 2 0 17 903 164 152
p 2 0 32 888 200 167
p 2 0 25 895 178 160
p 2 0 23 897 183 157
p 2 0 34 886 207 169
p 2 0 25 895 182 160
p 2 0 13 907 158 149
p 2 0 30 890 197 165
p 2 0 23 897 178 158
p 2 0 24 896 182 159
p 2 0 35 885 204 169
p 2 0 31 889 200 166
p 2 0 18 902 171 154
p 2 0 21 899 178 156
p 2 0 18 902 170 154
p 2 0 17 903 171 153
p 2 0 44 876 216 179
p 2 0 23 897 175 157
p 2 0 20 900 170 155
p 2 0 18 902 166 152
p 2 0 27 893 182 162
p 2 0 10 910 157 146
p 2 0 30 890 193 165
p 2 0 25 895 182 161
p 2 0 7 913 149 143
p 2 0 22 898 177 157
p 2 0 20 900 175 156
p 2 0 16 904 164 152
p 2 0 26 894 186 160
p 2 0 18 902 166 153
p 2 0 14 906 164 150
p 2 0 26 894 185 160
p 2 0 18 902 164 153
p 2 0 18 902 168 154
p 2 0 33 887 197 167
p 2 0 18 902 165 153
p 2 0 12 908 156 148
p 2 0 29 891 191 165
p 2 0 19 901 167 154
p 2 0 9 911 151 145
p 2 0 22 898 179 157
p 2 0 17 903 169 152
p 2 0 20 900 172 155
p 2 0 54 866 233 186
p 2 0 36 884 199 170
p 2 0 52 868 230 185
p 2 0 159 761 485 291
p 2 0 290 630 1589 507
p 2 0 306 614 1837 523
p 2 0 325 595 1962 567
p 2 0 314 606 2040 536
p 2 0 303 617 2115 553
p 2 0 304 616 2238 546
p 2 0 307 613 2312 574
p 2 0 321 599 2431 563
p 2 0 318 602 2473 582
p 2 0 305 615 2117 522
p 2 0 322 598 2344 574
p 2 0 327 593 2299 548
p 2 0 331 589 2325 566
p 2 0 314 606 2313 527
p 2 0 313 607 2200 529
p 2 0 318 602 2182 501
p 2 0 330 590 2338 540
p 2 0 324 596 2228 501
p 2 0 315 605 2129 505
p 2 0 314 606 2082 486
p 2 0 320 600 2222 508
p 2 0 326 594 2162 485
p 2 0 329 591 2229 514
p 2 0 329 591 2163 486
p 2 0 315 605 2049 481
p 2 0 316 604 2044 463
p 2 0 325 595 2167 494
p 2 0 324 596 2061 461
p 2 0 313 607 2063 475
p 2 0 316 604 2134 462
p 2 0 328 592 2231 500
p 2 0 325 595 2120 466
p 2 0 331 589 2237 496
p 2 0 310 610 1975 447
p 2 0 316 604 2141 481
p 2 0 320 600 2042 470
p 2 0 324 596 2164 487
p 2 0 316 604 2015 447
p 2 0 306 614 2256 479
p 2 0 323 597 2169 470
p 2 0 327 593 2227 491
p 2 0 316 604 2174 459
p 2 0 310 610 2022 473
p 2 0 325 595 2094 466
p 2 0 328 592 2176 502
p 2 0 328 592 2142 465
p 2 0 321 599 2196 481
p 2 0 319 601 2112 461
p 2 0 327 593 2294 505
p 2 0 326 594 2222 473
p 2 0 327 593 2320 501
p 2 0 316 604 2021 449
p 2 0 329 591 2147 496
p 2 0 323 597 2094 468
p 2 0 334 586 2266 505
p 2 0 308 612 2086 453
p 2 0 312 608 2180 484
p 2 0 316 604 2187 466
p 2 0 328 592 2231 508
p 2 0 306 614 2115 447
p 2 0 310 610 2083 481
p 2 0 320 600 2086 468
p 2 0 322 598 2185 506
p 2 0 315 605 2190 463
p 2 0 323 597 2224 500
p 2 0 308 612 2112 454
p 2 0 321 599 2229 506
p 2 0 331 589 2206 483
p 2 0 321 599 2265 499
p 2 0 310 610 1948 452
p 2 0 326 594 2134 514
p 2 0 312 608 2068 463
p 2 0 323 597 2181 513
p 2 0 309 611 2055 458
p 2 0 313 607 2144 496
p 2 0 312 608 2157 467
p 2 0 331 589 2246 526
p 2 0 310 610 2114 460
p 2 0 308 612 2066 498
p 2 0 309 611 2039 473
p 2 0 317 603 2204 510
p 2 0 306 614 2150 471
p 2 0 312 608 2218 512
p 2 0 321 599 2152 484
p 2 0 328 592 2288 522
p 2 0 314 606 2088 474
p 2 0 654 266 3618 875
p 2 0 386 534 2021 550
p 2 0 331 589 1967 518
p 2 0 312 608 2167 486
p 2 0 311 609 1624 488
p 2 0 180 740 550 312
p 2 0 194 726 561 329
p 2 0 133 787 412 262
p 2 0 127 793 402 258
p 2 0 134 786 419 265
p 2 0 125 795 383 254
p 2 0 113 807 386 243
p 2 0 138 782 429 267
p 2 0 117 803 376 245
p 2 0 101 819 355 232
p 2 0 151 769 456 278
p 2 0 97 823 341 228
p 2 0 88 832 318 219
p 2 0 130 790 407 258
p 2 0 98 822 341 226
p 2 0 78 842 306 209
p 2 0 104 816 338 234
p 2 0 82 838 294 213
p 2 0 64 856 276 197
p 2 0 92 828 336 223
p 2 0 85 835 311 216
p 2 0 73 847 284 205
p 2 0 113 807 364 240
p 2 0 76 844 292 207
p 2 0 60 860 257 193
p 2 0 101 819 342 231
p 2 0 67 853 272 199
p 2 0 66 854 265 197
p 2 0 90 830 322 220
p 2 0 70 850 280 201
p 2 0 45 875 228 179
p 2 0 67 853 269 200
p 2 0 40 880 217 175
p 2 0 30 890 195 165
p 2 0 51 869 236 186
p 2 0 57 863 258 190
p 2 0 38 882 213 173
p 2 0 62 858 261 194
p 2 0 45 875 225 179
p 2 0 35 885 201 168
p 2 0 66 854 253 197
p 2 0 49 871 223 181
p 2 0 28 892 192 164
p 2 0 42 878 220 175
p 2 0 38 882 207 173
p 2 0 25 895 184 161
p 2 0 48 872 228 181
p 2 0 37 883 211 171
p 2 0 35 885 205 168
p 2 0 44 876 224 176
p 2 0 37 883 208 172
p 2 0 32 888 207 167
p 2 0 57 863 251 189
p 2 0 44 876 232 178
p 2 0 28 892 199 164
p 2 0 49 871 235 182
p 2 0 30 890 198 165
p 2 0 27 893 194 162
p 2 0 42 878 210 175
p 2 0 47 873 228 180
p 2 0 20 900 175 156
p 2 0 36 884 207 170
p 2 0 21 899 179 156
p 2 0 26 894 177 159
p 2 0 43 877 220 177
p 2 0 29 891 188 163
p 2 0 16 904 162 150
p 2 0 29 891 188 164
p 2 0 33 887 193 168
p 2 0 21 899 172 156
p 2 0 34 886 203 169
p 2 0 27 893 187 162
p 2 0 34 886 196 168
p 2 0 35 885 198 168
p 2 0 25 895 180 160
p 2 0 49 871 221 183
p 2 0 94 826 347 231
p 2 0 101 819 516 251
p 2 0 90 830 580 242
p 2 0 120 800 676 275
p 2 0 100 820 681 256
p 2 0 98 822 676 253
p 2 0 106 814 706 259
p 2 0 107 813 766 267
p 2 0 101 819 749 257
p 2 0 109 811 767 264
p 2 0 100 820 778 257
p 2 0 107 813 783 267
p 2 0 111 809 801 265
p 2 0 113 807 814 271
p 2 0 96 824 764 253
p 2 0 110 810 762 267
p 2 0 103 817 804 259
p 2 0 98 822 765 252
p 2 0 115 805 802 268
p 2 0 104 816 808 258
p 2 0 105 815 805 259
p 2 0 106 814 787 258
p 2 0 108 812 811 259
p 2 0 101 819 762 254
p 2 0 109 811 794 261
p 2 0 98 822 745 249
p 2 0 97 823 779 248
p 2 0 107 813 780 256
p 2 0 100 820 773 251
p 2 0 96 824 792 248
p 2 0 110 810 836 262
p 2 0 111 809 796 261
p 2 0 107 813 778 255
p 2 0 103 817 782 258
p 2 0 110 810 807 261
p 2 0 101 819 770 252
p 2 0 107 813 792 256
p 2 0 108 812 841 265
p 2 0 98 822 779 250
p 2 0 116 804 828 270
p 2 0 106 814 827 257
p 2 0 99 821 789 254
p 2 0 114 806 845 267
p 2 0 107 813 825 261
p 2 0 103 817 804 257
p 2 0 108 812 828 259
p 2 0 105 815 830 258
p 2 0 100 820 786 253
p 2 0 116 804 814 263
p 2 0 114 806 824 267
p 2 0 94 826 781 245
p 2 0 108 812 821 263
p 2 0 105 815 861 258
p 2 0 99 821 804 254
p 2 0 111 809 820 267
p 2 0 103 817 818 256
p 2 0 100 820 817 253
p 2 0 108 812 830 265
p 2 0 105 815 824 258
p 2 0 95 825 815 253
p 2 0 107 813 839 262
p 2 0 102 818 794 259
p 2 0 100 820 818 256
p 2 0 115 805 786 265
p 2 0 104 816 847 258
p 2 0 103 817 797 257
p 2 0 103 817 888 261
p 2 0 100 820 785 252
p 2 0 103 817 814 262
p 2 0 106 814 840 268
p 2 0 101 819 815 253
p 2 0 99 821 839 257
p 2 0 113 807 869 270
p 2 0 110 810 874 268
p 2 0 102 818 829 258
p 2 0 113 807 808 270
p 2 0 105 815 847 266
p 2 0 99 821 836 257
p 2 0 111 809 819 267
p 2 0 103 817 793 258
p 2 0 100 820 790 258
p 2 0 114 806 866 276
p 2 0 103 817 845 260
p 2 0 103 817 804 262
p 2 0 109 811 824 270
p 2 0 101 819 835 260
p 2 0 103 817 830 267
p 2 0 108 812 790 265
p 2 0 105 815 814 268
p 2 0 108 812 832 270
p 2 0 112 808 874 270
p 2 0 106 814 617 260
p 2 0 71 849 339 211
p 2 0 73 847 317 211
p 2 0 61 859 269 195
p 2 0 52 868 258 186
p 2 0 70 850 286 204
p 2 0 53 867 252 187
p 2 0 37 883 213 173
p 2 0 62 858 269 195
p 2 0 41 879 222 176
p 2 0 37 883 205 170
p 2 0 48 872 233 182
p 2 0 32 888 203 167
p 2 0 21 899 179 156
p 2 0 43 877 223 177
p 2 0 29 891 190 163
p 2 0 27 893 185 162
p 2 0 50 870 233 183
p 2 0 32 888 187 165
p 2 0 24 896 175 158
p 2 0 39 881 208 174
p 2 0 25 895 181 161
p 2 0 26 894 191 163
p 2 0 34 886 198 169
p 2 0 28 892 184 163
p 2 0 18 902 167 154
p 2 0 37 883 200 170
p 2 0 25 895 186 159
p 2 0 27 893 185 163
p 2 0 31 889 197 166
p 2 0 33 887 191 167
p 2 0 19 901 170 155
p 2 0 37 883 214 170
p 2 0 27 893 175 161
p 2 0 11 909 160 146
p 2 0 32 888 193 167
p 2 0 36 884 196 169
p 2 0 20 900 174 155
p 2 0 28 892 188 163
p 2 0 17 903 169 153
p 2 0 18 902 170 152
p 2 0 29 891 195 165
p 2 0 24 896 180 159
p 2 0 23 897 179 158
p 2 0 36 884 205 171
p 2 0 27 893 186 162
p 2 0 19 901 172 154
p 2 0 29 891 193 165
p 2 0 24 896 181 159
p 2 0 16 904 168 153
p 2 0 26 894 183 160
p 2 0 24 896 177 159
p 2 0 17 903 169 153
p 2 0 41 879 211 173
p 2 0 14 906 164 150
p 2 0 14 906 161 150
p 2 0 28 892 185 162
p 2 0 17 903 169 153
p 2 0 16 904 168 151
p 2 0 21 899 175 157
p 2 0 27 893 185 163
p 2 0 17 903 166 153
p 2 0 19 901 170 154
p 2 0 15 905 163 150
p 2 0 17 903 168 153
p 2 0 29 891 194 164
p 2 0 17 903 162 153
p 2 0 19 901 171 155
p 2 0 29 891 190 164
p 2 0 25 895 177 161
p 2 0 13 907 158 148
p 2 0 27 893 183 161
p 2 0 19 901 166 154
p 2 0 16 904 166 152
p 2 0 29 891 184 163
p 2 0 22 898 172 157
p 2 0 36 884 196 170
p 2 0 83 837 380 220
p 2 0 466 454 1655 609
p 2 0 136 784 728 279
p 2 0 112 808 667 256
p 2 0 89 831 661 235
p 2 0 95 825 679 241
p 2 0 98 822 705 241
p 2 0 97 823 724 244
p 2 0 89 831 678 236
p 2 0 107 813 741 252
p 2 0 92 828 723 239
p 2 0 98 822 743 245
p 2 0 96 824 730 242
p 2 0 90 830 729 239
p 2 0 91 829 694 233
p 2 0 109 811 753 255
p 2 0 90 830 762 239
p 2 0 99 821 763 246
p 2 0 101 819 782 252
p 2 0 91 829 759 238
p 2 0 91 829 750 241
p 2 0 114 806 761 261
p 2 0 92 828 779 238
p 2 0 85 835 745 236
p 2 0 107 813 794 254
p 2 0 95 825 811 245
p 2 0 90 830 758 238
p 2 0 110 810 775 259
p 2 0 92 828 793 241
p 2 0 102 818 800 255
p 2 0 103 817 846 255
p 2 0 105 815 819 255
p 2 0 87 833 768 237
p 2 0 106 814 804 253
p 2 0 82 838 757 236
p 2 0 98 822 809 250
p 2 0 106 814 798 253
p 2 0 101 819 835 254
p 2 0 94 826 788 244
p 2 0 104 816 793 258
p 2 0 87 833 805 242
p 2 0 88 832 799 240
p 2 0 100 820 771 251
p 2 0 100 820 832 254
p 2 0 85 835 748 237
p 2 0 108 812 822 261
p 2 0 91 829 784 242
p 2 0 93 827 807 249
p 2 0 105 815 846 260
p 2 0 101 819 787 255
p 2 0 90 830 801 250
p 2 0 106 814 810 265
p 2 0 96 824 863 256
p 2 0 100 820 778 256
p 2 0 100 820 799 256
p 2 0 95 825 825 254
p 2 0 83 837 779 242
p 2 0 101 819 809 261
p 2 0 93 827 822 248
p 2 0 93 827 794 251
p 2 0 95 825 810 259
p 2 0 104 816 826 266
p 2 0 87 833 815 250
p 2 0 95 825 802 261
p 2 0 85 835 775 248
p 2 0 86 834 779 248
p 2 0 103 817 798 264
p 2 0 98 822 858 267
p 2 0 91 829 808 257
p 2 0 100 820 855 269
p 2 0 89 831 800 257
p 2 0 94 826 783 261
p 2 0 109 811 840 277
p 2 0 94 826 851 264
p 2 0 85 835 790 260
p 2 0 103 817 820 273
p 2 0 94 826 855 269
p 2 0 92 828 792 265
p 2 0 97 823 854 272
p 2 0 96 824 805 272
p 2 0 84 836 691 252
p 2 0 96 824 720 264
p 2 0 92 828 731 261
p 2 0 86 834 646 251
p 2 0 91 829 438 242
p 2 0 73 847 346 217
p 2 0 50 870 239 186
p 2 0 52 868 250 190
p 2 0 43 877 214 179
p 2 0 31 889 199 170
p 2 0 56 864 258 194
p 2 0 45 875 217 180
p 2 0 40 880 217 176
p 2 0 52 868 233 186
p 2 0 27 893 180 162
p 2 0 26 894 182 161
p 2 0 44 876 219 177
p 2 0 23 897 177 158
p 2 0 23 897 177 158
p 2 0 39 881 211 174
p 2 0 25 895 178 160
p 2 0 23 897 176 158
p 2 0 36 884 208 171
p 2 0 34 886 198 169
p 2 0 18 902 169 155
p 2 0 25 895 181 161
p 2 0 28 892 186 164
p 2 0 20 900 173 156
p 2 0 41 879 214 176
p 2 0 22 898 174 158
p 2 0 12 908 161 147
p 2 0 27 893 180 162
p 2 0 25 895 182 161
p 2 0 9 911 148 146
p 2 0 28 892 187 163
p 2 0 30 890 186 165
p 2 0 22 898 176 158
p 2 0 27 893 185 163
p 2 0 22 898 175 157
p 2 0 18 902 169 154
p 2 0 23 897 176 158
p 2 0 24 896 183 161
p 2 0 16 904 170 153
p 2 0 24 896 182 160
p 2 0 11 909 155 146
p 2 0 18 902 168 153
p 2 0 37 883 197 171
p 2 0 17 903 164 153
p 2 0 14 906 157 149
p 2 0 24 896 184 161
p 2 0 18 902 165 153
p 2 0 17 903 165 152
p 2 0 29 891 195 165
p 2 0 26 894 182 163
p 2 0 10 910 153 146
p 2 0 22 898 177 158
p 2 0 24 896 176 159
p 2 0 13 907 159 150
p 2 0 27 893 188 162
p 2 0 17 903 162 153
p 2 0 15 905 166 150
p 2 0 25 895 184 160
p 2 0 20 900 169 156
p 2 0 22 898 176 157
p 2 0 43 877 213 178
p 2 0 18 902 166 154
p 2 0 11 909 158 147
p 2 0 26 894 182 160
p 2 0 26 894 180 160
p 2 0 17 903 167 153
p 2 0 32 888 194 167
p 2 0 23 897 178 159
p 2 0 8 912 151 143
p 2 0 25 895 179 161
p 2 0 25 895 176 160
p 2 0 16 904 167 153
p 2 0 23 897 179 159
p 2 0 16 904 165 152
p 2 0 11 909 155 146
p 2 0 28 892 189 164
p 2 0 17 903 161 152
p 2 0 20 900 168 156
p 2 0 26 894 184 161
p 2 0 14 906 156 150
p 2 0 18 902 162 153
p 2 0 18 902 170 153
p 2 0 18 902 169 153
p 2 0 59 861 252 190
p 2 0 100 820 412 236
p 2 0 100 820 481 235
p 2 0 96 824 540 234
p 2 0 111 809 619 248
p 2 0 105 815 650 249
p 2 0 97 823 626 235
p 2 0 107 813 653 243
p 2 0 104 816 709 244
p 2 0 96 824 686 236
p 2 0 101 819 705 241
p 2 0 97 823 728 239
p 2 0 99 821 717 238
p 2 0 112 808 739 250
p 2 0 103 817 761 245
p 2 0 99 821 764 242
p 2 0 111 809 782 254
p 2 0 103 817 775 246
p 2 0 104 816 797 250
p 2 0 121 799 844 268
p 2 0 105 815 805 250
p 2 0 97 823 768 239
p 2 0 101 819 813 246
p 2 0 106 814 834 252
p 2 0 106 814 832 250
p 2 0 107 813 823 252
p 2 0 98 822 840 241
p 2 0 94 826 802 239
p 2 0 103 817 837 253
p 2 0 102 818 822 245
p 2 0 98 822 805 240
p 2 0 105 815 833 251
p 2 0 105 815 867 250
p 2 0 101 819 833 246
p 2 0 116 804 844 262
p 2 0 104 816 879 253
p 2 0 99 821 846 246
p 2 0 109 811 867 256
p 2 0 106 814 895 251
p 2 0 97 823 852 245
p 2 0 100 820 855 245
p 2 0 101 819 878 251
p 2 0 100 820 845 246
p 2 0 116 804 902 267
p 2 0 100 820 875 246
p 2 0 101 819 855 249
p 2 0 100 820 813 245
p 2 0 102 818 842 249
p 2 0 101 819 864 246
p 2 0 110 810 874 257
p 2 0 107 813 863 252
p 2 0 105 815 905 254
p 2 0 108 812 908 256
p 2 0 107 813 920 260
p 2 0 104 816 852 251
p 2 0 104 816 892 251
p 2 0 99 821 870 247
p 2 0 101 819 868 250
p 2 0 110 810 916 260
p 2 0 96 824 920 248
p 2 0 97 823 863 244
p 2 0 111 809 900 263
p 2 0 97 823 850 248
p 2 0 99 821 900 252
p 2 0 110 810 911 258
p 2 0 107 813 933 262
p 2 0 99 821 922 250
p 2 0 103 817 933 259
p 2 0 105 815 938 263
p 2 0 109 811 893 266
p 2 0 104 816 942 261
p 2 0 105 815 980 268
p 2 0 98 822 923 255
p 2 0 112 808 942 273
p 2 0 106 814 916 263
p 2 0 102 818 933 267
p 2 0 109 811 898 266
p 2 0 99 821 960 265
p 2 0 102 818 918 261
p 2 0 102 818 909 265
p 2 0 104 816 950 269
p 2 0 97 823 940 262
p 2 0 103 817 925 266
p 2 0 100 820 948 270
p 2 0 449 471 2028 613
p 2 0 171 749 981 335
p 2 0 110 810 850 271
p 2 0 105 815 817 271
p 2 0 112 808 839 272
p 2 0 122 798 801 282
p 2 0 103 817 800 261
p 2 0 110 810 778 269
p 2 0 106 814 614 253
p 2 0 86 834 353 224
p 2 0 101 819 351 232
p 2 0 60 860 255 194
p 2 0 63 857 277 197
p 2 0 75 845 306 211
p 2 0 55 865 250 188
p 2 0 47 873 228 180
p 2 0 78 842 302 210
p 2 0 54 866 236 186
p 2 0 42 878 225 178
p 2 0 63 857 260 198
p 2 0 54 866 242 186
p 2 0 25 895 188 160
p 2 0 64 856 260 198
p 2 0 36 884 203 171
p 2 0 43 877 215 176
p 2 0 60 860 256 193
p 2 0 40 880 215 174
p 2 0 41 879 217 175
p 2 0 59 861 250 189
p 2 0 37 883 209 171
p 2 0 31 889 194 165
p 2 0 61 859 256 193
p 2 0 42 878 221 176
p 2 0 33 887 207 167
p 2 0 41 879 220 175
p 2 0 35 885 202 170
p 2 0 23 897 179 157
p 2 0 47 873 238 181
p 2 0 37 883 208 170
p 2 0 25 895 183 158
p 2 0 39 881 215 172
p 2 0 31 889 188 165
p 2 0 33 887 202 166
p 2 0 32 888 194 167
p 2 0 29 891 197 164
p 2 0 15 905 165 150
p 2 0 38 882 214 172
p 2 0 19 901 171 153
p 2 0 28 892 185 164
p 2 0 39 881 207 172
p 2 0 29 891 189 163
p 2 0 21 899 174 156
p 2 0 28 892 191 164
p 2 0 23 897 181 157
p 2 0 24 896 182 158
p 2 0 48 872 226 181
p 2 0 21 899 172 157
p 2 0 23 897 182 157
p 2 0 37 883 207 170
p 2 0 22 898 177 156
p 2 0 17 903 169 153
p 2 0 33 887 203 168
p 2 0 35 885 202 170
p 2 0 12 908 155 147
p 2 0 29 891 184 163
p 2 0 26 894 181 162
p 2 0 15 905 166 151
p 2 0 32 888 193 167
p 2 0 20 900 169 155
p 2 0 20 900 169 156
p 2 0 30 890 189 164
p 2 0 28 892 184 163
p 2 0 18 902 168 154
p 2 0 36 884 202 171
p 2 0 18 902 168 153
p 2 0 17 903 170 154
p 2 0 26 894 185 161
p 2 0 18 902 170 154
p 2 0 13 907 160 149
p 2 0 21 899 175 156
p 2 0 21 899 171 157
p 2 0 12 908 159 149
p 2 0 22 898 175 158
p 2 0 23 897 179 157
p 2 0 111 809 385 240
p 2 0 214 706 1014 366
p 2 0 199 721 1008 345
p 2 0 209 711 1241 365
p 2 0 210 710 1302 367
p 2 0 216 704 1413 376
p 2 0 214 706 1379 365
p 2 0 224 696 1447 380
p 2 0 213 707 1533 365
p 2 0 222 698 1494 381
p 2 0 218 702 1516 372
p 2 0 222 698 1517 377
p 2 0 217 703 1536 365
p 2 0 224 696 1577 386
p 2 0 217 703 1632 372
p 2 0 221 699 1619 382
p 2 0 219 701 1579 371
p 2 0 223 697 1683 386
p 2 0 220 700 1589 368
p 2 0 224 696 1672 381
p 2 0 222 698 1734 381
p 2 0 226 694 1661 379
p 2 0 231 689 1663 385
p 2 0 233 687 1710 396
p 2 0 221 699 1715 375
p 2 0 229 691 1728 390
p 2 0 222 698 1691 378
p 2 0 220 700 1685 378
p 2 0 229 691 1715 380
p 2 0 227 693 1783 388
p 2 0 224 696 1776 375
p 2 0 231 689 1725 392
p 2 0 228 692 1755 387
p 2 0 225 695 1730 382
p 2 0 236 684 1738 388
p 2 0 229 691 1773 387
p 2 0 223 697 1804 380
p 2 0 233 687 1787 394
p 2 0 225 695 1820 383
p 2 0 222 698 1739 382
p 2 0 232 688 1777 387
p 2 0 233 687 1756 394
p 2 0 224 696 1792 380
p 2 0 228 692 1769 392
p 2 0 236 684 1812 393
p 2 0 227 693 1858 395
p 2 0 224 696 1818 387
p 2 0 222 698 1791 385
p 2 0 231 689 1765 385
p 2 0 231 689 1828 390
p 2 0 225 695 1751 375
p 2 0 232 688 1773 394
p 2 0 225 695 1840 380
p 2 0 240 680 1791 404
p 2 0 231 689 1747 385
p 2 0 226 694 1778 390
p 2 0 223 697 1753 381
p 2 0 222 698 1763 388
p 2 0 232 688 1850 389
p 2 0 230 690 1822 398
p 2 0 226 694 1816 380
p 2 0 235 685 1804 404
p 2 0 228 692 1816 390
p 2 0 224 696 1826 399
p 2 0 225 695 1807 387
p 2 0 234 686 1937 413
p 2 0 237 683 1833 395
p 2 0 232 688 1836 403
p 2 0 223 697 1776 380
p 2 0 228 692 1862 409
p 2 0 236 684 1788 405
p 2 0 230 690 1831 407
p 2 0 225 695 1821 396
p 2 0 231 689 1939 420
p 2 0 233 687 1904 405
p 2 0 232 688 1907 424
p 2 0 228 692 1884 406
p 2 0 238 682 1958 430
p 2 0 240 680 1877 415
p 2 0 235 685 1919 432
p 2 0 230 690 1881 411
p 2 0 235 685 1974 436
p 2 0 242 678 2013 433
p 2 0 228 692 1999 431
p 2 0 237 683 1954 430
p 2 0 232 688 1890 437
p 2 0 244 676 1957 441
p 2 0 228 692 1945 442
p 2 0 236 684 1875 436
p 2 0 234 686 1900 446
p 2 0 226 694 1834 424
p 2 0 216 704 1279 407
p 2 0 184 736 707 338
p 2 0 169 751 576 313
p 2 0 158 762 553 295
p 2 0 157 763 555 302
p 2 0 86 834 317 221
p 2 0 101 819 341 235
p 2 0 78 842 290 209
p 2 0 72 848 285 205
p 2 0 83 837 308 216
p 2 0 73 847 287 208
p 2 0 56 864 245 191
p 2 0 75 845 294 207
p 2 0 58 862 260 193
p 2 0 55 865 241 188
p 2 0 69 851 275 201
p 2 0 74 846 275 206
p 2 0 54 866 250 187
p 2 0 58 862 241 189
p 2 0 54 866 246 189
p 2 0 43 877 218 177
p 2 0 47 873 228 182
p 2 0 40 880 209 175
p 2 0 32 888 195 167
p 2 0 59 861 260 192
p 2 0 25 895 183 160
p 2 0 33 887 200 168
p 2 0 47 873 246 182
p 2 0 31 889 194 165
p 2 0 32 888 203 168
p 2 0 51 869 229 183
p 2 0 48 872 232 184
p 2 0 23 897 181 158
p 2 0 35 885 202 170
p 2 0 24 896 182 159
p 2 0 24 896 181 159
p 2 0 40 880 222 175
p 2 0 38 882 198 171
p 2 0 26 894 187 162
p 2 0 29 891 194 163
p 2 0 26 894 185 162
p 2 0 21 899 177 158
p 2 0 43 877 211 177
p 2 0 31 889 192 165
p 2 0 22 898 172 157
p 2 0 26 894 186 162
p 2 0 22 898 173 158
p 2 0 15 905 162 151
p 2 0 38 882 209 173
p 2 0 28 892 183 162
p 2 0 20 900 176 158
p 2 0 39 881 211 173
p 2 0 30 890 186 165
p 2 0 26 894 178 161
p 2 0 40 880 207 175
p 2 0 29 891 184 164
p 2 0 22 898 171 158
p 2 0 24 896 179 161
p 2 0 11 909 156 147
p 2 0 21 899 174 157
p 2 0 34 886 197 167
p 2 0 27 893 186 162
p 2 0 18 902 171 153
p 2 0 29 891 190 164
p 2 0 15 905 158 150
p 2 0 17 903 166 152
p 2 0 31 889 196 166
p 2 0 19 901 169 154
p 2 0 12 908 155 147
p 2 0 39 881 209 173
p 2 0 22 898 176 158
p 2 0 20 900 171 155
p 2 0 11 909 156 148
p 2 0 25 895 186 159
p 2 0 20 900 170 155
p 2 0 392 528 1300 527
p 2 0 135 785 419 264
p 2 0 49 871 230 184
p 2 0 139 781 580 282
p 2 0 156 764 681 296
p 2 0 146 774 713 292
p 2 0 153 767 812 300
p 2 0 146 774 833 299
p 2 0 148 772 842 294
p 2 0 153 767 841 305
p 2 0 149 771 889 297
p 2 0 147 773 895 297
p 2 0 164 756 937 307
p 2 0 150 770 946 300
p 2 0 152 768 949 300
p 2 0 162 758 1007 313
p 2 0 149 771 972 293
p 2 0 141 779 911 291
p 2 0 153 767 974 299
p 2 0 151 769 1014 306
p 2 0 147 773 987 290
p 2 0 163 757 1020 320
p 2 0 150 770 1041 304
p 2 0 147 773 993 301
p 2 0 153 767 1005 300
p 2 0 151 769 979 301
p 2 0 148 772 1009 294
p 2 0 157 763 1022 309
p 2 0 151 769 1031 294
p 2 0 147 773 1015 299
p 2 0 150 770 1006 294
p 2 0 153 767 1026 302
p 2 0 148 772 1039 299
p 2 0 151 769 1032 299
p 2 0 158 762 1051 301
p 2 0 145 775 1027 297
p 2 0 153 767 1027 295
p 2 0 141 779 1024 294
p 2 0 141 779 1041 292
p 2 0 155 765 1113 314
p 2 0 151 769 1076 296
p 2 0 152 768 1029 297
p 2 0 152 768 1055 298
p 2 0 146 774 1090 303
p 2 0 146 774 1074 294
p 2 0 158 762 1131 317
p 2 0 150 770 1071 295
p 2 0 149 771 1065 299
p 2 0 147 773 1059 297
p 2 0 143 777 1034 294
p 2 0 150 770 1063 297
p 2 0 167 753 1130 324
p 2 0 153 767 1081 301
p 2 0 151 769 1072 302
p 2 0 150 770 1030 293
p 2 0 148 772 1079 299
p 2 0 143 777 1081 291
p 2 0 161 759 1099 319
p 2 0 156 764 1136 312
p 2 0 140 780 1068 291
p 2 0 155 765 1062 303
p 2 0 144 776 1113 297
p 2 0 150 770 1115 303
p 2 0 147 773 1076 304
p 2 0 148 772 1087 295
p 2 0 143 777 1060 294
p 2 0 156 764 1122 307
p 2 0 151 769 1122 305
p 2 0 145 775 1051 294
p 2 0 158 762 1146 316
p 2 0 143 777 1079 292
p 2 0 144 776 1095 301
p 2 0 144 776 1092 297
p 2 0 154 766 1121 311
p 2 0 142 778 1075 288
p 2 0 153 767 1142 319
p 2 0 146 774 1138 293
p 2 0 148 772 1086 302
p 2 0 152 768 1100 302
p 2 0 149 771 1120 308
p 2 0 145 775 1116 295
p 2 0 145 775 1108 305
p 2 0 152 768 1118 303
p 2 0 146 774 1143 304
p 2 0 154 766 1151 308
p 2 0 154 766 1134 310
p 2 0 144 776 1132 300
p 2 0 157 763 1245 321
p 2 0 152 768 1164 308
p 2 0 149 771 1070 310
p 2 0 158 762 1140 319
p 2 0 147 773 1180 317
p 2 0 160 760 1138 315
p 2 0 154 766 1049 320
p 2 0 140 780 546 274
p 2 0 125 795 452 262
p 2 0 93 827 383 227
p 2 0 98 822 377 235
p 2 0 78 842 329 211
p 2 0 88 832 322 220
p 2 0 66 854 288 199
p 2 0 54 866 249 188
p 2 0 69 851 295 203
p 2 0 73 847 307 206
p 2 0 53 867 255 188
p 2 0 61 859 269 192
p 2 0 68 852 291 201
p 2 0 31 889 200 165
p 2 0 44 876 233 178
p 2 0 42 878 217 176
p 2 0 32 888 204 166
p 2 0 54 866 249 188
p 2 0 50 870 232 184
p 2 0 27 893 188 162
p 2 0 54 866 241 187
p 2 0 31 889 200 167
p 2 0 27 893 189 162
p 2 0 40 880 219 175
p 2 0 28 892 190 163
p 2 0 24 896 181 160
p 2 0 45 875 225 178
p 2 0 34 886 202 167
p 2 0 36 884 208 169
p 2 0 44 876 217 179
p 2 0 37 883 209 170
p 2 0 23 897 178 158
p 2 0 45 875 218 178
p 2 0 24 896 177 158
p 2 0 28 892 184 164
p 2 0 40 880 212 174
p 2 0 27 893 183 161
p 2 0 17 903 169 152
p 2 0 37 883 208 172
p 2 0 21 899 171 156
p 2 0 28 892 187 162
p 2 0 46 874 229 180
p 2 0 25 895 184 161
p 2 0 13 907 165 149
p 2 0 31 889 194 164
p 2 0 25 895 178 160
p 2 0 16 904 164 152
p 2 0 29 891 192 164
p 2 0 25 895 186 161
p 2 0 18 902 173 154
p 2 0 42 878 218 176
p 2 0 24 896 178 160
p 2 0 29 891 189 162
p 2 0 42 878 216 175
p 2 0 26 894 178 162
p 2 0 13 907 157 148
p 2 0 23 897 184 158
p 2 0 15 905 158 151
p 2 0 15 905 159 150
p 2 0 30 890 194 166
p 2 0 15 905 161 151
p 2 0 10 910 153 147
p 2 0 32 888 194 166
p 2 0 20 900 174 155
p 2 0 17 903 169 153
p 2 0 25 895 177 160
p 2 0 19 901 173 156
p 2 0 20 900 170 157
p 2 0 17 903 169 153
p 2 0 28 892 187 164
p 2 0 18 902 171 153
p 2 0 29 891 193 165
p 2 0 25 895 181 159
p 2 0 46 874 222 179
p 2 0 94 826 302 223
p 2 0 106 814 341 235
p 2 0 235 685 712 375
p 2 1 295 624 1706 486
p 2 0 311 609 1967 527
p 2 0 321 599 1996 523
p 2 0 315 605 2119 536
p 2 0 311 609 2043 512
p 2 0 310 610 2080 527
p 2 0 314 606 2120 513
p 2 0 316 604 2089 526
p 2 0 311 609 2125 501
p 2 0 308 612 2067 521
p 2 0 313 607 2098 506
p 2 0 320 600 2223 528
p 2 0 312 608 2163 505
p 2 0 316 604 2256 536
p 2 0 327 593 2319 524
p 2 0 321 599 2267 531
p 2 0 318 602 2298 502
p 2 0 310 610 2232 527
p 2 0 319 601 2210 509
p 2 0 313 607 2277 522
p 2 0 308 612 2226 492
p 2 0 313 607 2403 524
p 2 0 316 604 2317 506
p 2 0 323 597 2409 531
p 2 0 312 608 2290 500
p 2 0 314 606 2220 526
p 2 0 316 604 2253 501
p 2 0 316 604 2361 528
p 2 0 316 604 2246 497
p 2 0 307 613 2387 508
p 2 0 308 612 2360 502
p 2 0 312 608 2586 537
p 2 0 316 604 2307 503
p 2 0 311 609 2455 522
p 2 0 313 607 2186 500
p 2 0 317 603 2391 529
p 2 0 318 602 2288 500
p 2 0 314 606 2465 518
p 2 0 308 612 2298 493
p 2 0 313 607 2495 535
p 2 0 309 611 2356 499
p 2 0 317 603 2452 531
p 2 0 309 611 2386 496
p 2 0 307 613 2301 517
p 2 0 312 608 2280 498
p 2 0 324 596 2426 529
p 2 0 315 605 2339 499
p 2 0 308 612 2403 506
p 2 0 311 609 2358 502
p 2 0 310 610 2468 517
p 2 0 321 599 2466 514
p 2 0 309 611 2483 519
p 2 0 308 612 2163 492
p 2 0 311 609 2344 511
p 2 0 320 600 2277 502
p 2 0 319 601 2473 531
p 2 0 315 605 2310 504
p 2 0 307 613 2492 526
p 2 0 315 605 2370 497
p 2 0 317 603 2475 524
p 2 0 317 603 2368 507
p 2 0 311 609 2336 522
p 2 0 313 607 2245 493
p 2 0 315 605 2370 514
p 2 0 309 611 2304 495
p 2 0 302 618 2316 511
p 2 0 312 608 2326 495
p 2 0 308 612 2474 519
p 2 0 315 605 2375 502
p 2 0 309 611 2444 516
p 2 0 305 615 2187 486
p 2 0 305 615 2290 502
p 2 0 319 601 2233 494
p 2 0 310 610 2407 516
p 2 0 309 611 2258 502
p 2 0 304 616 2382 518
p 2 0 311 609 2310 493
p 2 0 314 606 2429 526
p 2 0 306 614 2320 492
p 2 0 651 269 4109 909
p 2 0 398 522 2348 579
p 2 0 323 597 2293 526
p 2 0 328 592 2209 505
p 2 0 321 599 2289 523
p 2 0 307 613 2229 492
p 2 0 311 609 2355 526
p 2 0 308 612 2185 489
p 2 0 313 607 2350 523
p 2 0 307 613 2195 487
p 2 0 324 596 1697 497
p 2 0 311 609 1479 462
p 2 0 292 628 1140 447
p 2 0 177 743 514 303
p 2 0 191 729 540 319
p 2 0 137 783 419 266
p 2 0 122 798 381 248
p 2 0 151 769 470 282
p 2 0 132 788 401 259
p 2 0 115 805 377 241
p 2 0 135 785 425 263
p 2 0 108 812 370 237
p 2 0 84 836 326 214
p 2 0 110 810 379 238
p 2 0 101 819 350 231
p 2 0 93 827 329 223
p 2 0 116 804 374 243
p 2 0 92 828 336 222
p 2 0 90 830 313 218
p 2 0 110 810 365 240
p 2 0 87 833 320 217
p 2 0 66 854 264 196
p 2 0 89 831 318 219
p 2 0 63 857 265 195
p 2 0 52 868 238 184
p 2 0 76 844 291 205
p 2 0 85 835 292 214
p 2 0 70 850 273 201
p 2 0 82 838 301 211
p 2 0 77 843 301 207
p 2 0 69 851 272 198
p 2 0 79 841 297 209
p 2 0 55 865 241 187
p 2 0 48 872 229 182
p 2 0 67 853 282 199
p 2 0 47 873 227 180
p 2 0 37 883 208 171
p 2 0 84 836 297 213
p 2 0 67 853 268 199
p 2 0 42 878 223 176
p 2 0 56 864 247 189
p 2 0 44 876 222 180
p 2 0 33 887 210 168
p 2 0 57 863 257 189
p 2 0 49 871 232 182
p 2 0 18 902 167 152
p 2 0 53 867 240 186
p 2 0 37 883 202 172
p 2 0 18 902 165 154
p 2 0 57 863 247 189
p 2 0 34 886 193 166
p 2 0 35 885 198 168
p 2 0 32 888 200 166
p 2 0 33 887 195 166
p 2 0 28 892 187 162
p 2 0 54 866 249 187
p 2 0 33 887 198 167
p 2 0 27 893 183 162
p 2 0 39 881 209 173
p 2 0 27 893 183 163
p 2 0 27 893 189 162
p 2 0 51 869 237 183
p 2 0 30 890 194 164
p 2 0 15 905 164 151
p 2 0 39 881 212 174
p 2 0 25 895 184 160
p 2 0 23 897 180 157
p 2 0 34 886 204 168
p 2 0 31 889 191 166
p 2 0 27 893 183 162
p 2 0 22 898 183 156
p 2 0 31 889 190 165
p 2 0 21 899 178 157
p 2 0 32 888 199 166
p 2 0 29 891 186 164
p 2 0 39 881 203 174
p 2 0 38 882 201 171
p 2 0 44 876 209 177
p 2 0 72 848 310 208
p 2 0 99 821 429 239
p 2 0 99 821 495 244
p 2 0 102 818 551 246
p 2 0 102 818 602 253
p 2 0 102 818 595 253
p 2 0 95 825 633 245
p 2 0 113 807 699 263
p 2 0 103 817 714 252
p 2 0 95 825 658 245
p 2 0 100 820 679 252
p 2 0 101 819 707 252
p 2 0 93 827 699 244
p 2 0 101 819 716 252
p 2 0 99 821 727 244
p 2 0 97 823 717 244
p 2 0 104 816 722 250
p 2 0 103 817 731 253
p 2 0 92 828 721 239
p 2 0 102 818 818 252
p 2 0 101 819 775 249
p 2 0 96 824 767 246
p 2 0 101 819 727 249
p 2 0 96 824 751 242
p 2 0 95 825 757 242
p 2 0 102 818 764 249
p 2 0 105 815 764 256
p 2 0 95 825 770 243
p 2 0 99 821 754 249
p 2 0 96 824 759 246
p 2 0 96 824 779 243
p 2 0 97 823 771 246
p 2 0 94 826 794 240
p 2 0 93 827 754 241
p 2 0 99 821 757 248
p 2 0 97 823 786 246
p 2 0 97 823 812 251
p 2 0 100 820 796 248
p 2 0 101 819 781 247
p 2 0 99 821 741 245
p 2 0 92 828 783 238
p 2 0 95 825 776 243
p 2 0 99 821 801 243
p 2 0 106 814 852 258
p 2 0 97 823 780 245
p 2 0 95 825 774 246
p 2 0 95 825 770 247
p 2 0 102 818 802 251
p 2 0 101 819 814 248
p 2 0 101 819 794 249
p 2 0 96 824 784 244
p 2 0 100 820 737 248
p 2 0 102 818 800 249
p 2 0 101 819 796 251
p 2 0 103 817 792 251
p 2 0 108 812 851 257
p 2 0 96 824 806 247
p 2 0 93 827 788 244
p 2 0 97 823 809 246
p 2 0 94 826 777 242
p 2 0 98 822 794 244
p 2 0 105 815 814 253
p 2 0 94 826 805 240
p 2 0 94 826 804 247
p 2 0 99 821 820 247
p 2 0 103 817 789 250
p 2 0 94 826 794 239
p 2 0 94 826 840 247
p 2 0 96 824 852 248
p 2 0 96 824 807 245
p 2 0 101 819 845 251
p 2 0 98 822 799 247
p 2 0 99 821 815 246
p 2 0 107 813 846 261
p 2 0 102 818 860 254
p 2 0 101 819 844 256
p 2 0 103 817 842 256
p 2 0 98 822 798 247
p 2 0 98 822 819 246
p 2 0 104 816 834 255
p 2 0 99 821 806 247
p 2 0 99 821 784 250
p 2 0 107 813 798 255
p 2 0 105 815 821 257
p 2 0 93 827 836 244
p 2 0 104 816 821 255
p 2 0 102 818 822 250
p 2 0 97 823 794 250
p 2 0 92 828 767 246
p 2 0 104 816 805 254
p 2 0 101 819 721 249
p 2 0 100 820 606 245
p 2 0 95 825 599 239
p 2 0 75 845 349 208
p 2 0 71 849 343 206
p 2 0 52 868 274 187
p 2 0 58 862 276 193
p 2 0 61 859 279 194
p 2 0 61 859 288 196
p 2 0 46 874 246 179
p 2 0 52 868 252 187
p 2 0 33 887 208 166
p 2 0 38 882 214 171
p 2 0 57 863 259 190
p 2 0 41 879 228 175
p 2 0 19 901 177 156
p 2 0 41 879 224 175
p 2 0 33 887 198 167
p 2 0 23 897 181 158
p 2 0 44 876 221 178
p 2 0 33 887 206 167
p 2 0 28 892 192 163
p 2 0 38 882 213 172
p 2 0 34 886 197 168
p 2 0 22 898 181 157
p 2 0 36 884 211 170
p 2 0 31 889 199 167
p 2 0 24 896 188 158
p 2 0 36 884 217 170
p 2 0 33 887 205 168
p 2 0 22 898 189 159
p 2 0 34 886 207 168
p 2 0 26 894 187 160
p 2 0 13 907 162 148
p 2 0 26 894 187 161
p 2 0 15 905 162 150
p 2 0 22 898 178 156
p 2 0 30 890 204 165
p 2 0 34 886 207 167
p 2 0 16 904 167 150
p 2 0 21 899 175 156
p 2 0 10 910 156 147
p 2 0 29 891 186 162
p 2 0 31 889 196 164
p 2 0 25 895 181 158
p 2 0 12 908 158 148
p 2 0 30 890 195 165
p 2 0 21 899 180 155
p 2 0 14 906 159 150
p 2 0 33 887 203 168
p 2 0 14 906 162 151
p 2 0 17 903 171 153
p 2 0 22 898 179 158
p 2 0 31 889 185 164
p 2 0 19 901 172 154
p 2 0 47 873 236 181
p 2 0 31 889 202 165
p 2 0 30 890 189 164
p 2 0 18 902 163 152
p 2 0 27 893 194 161
p 2 0 18 902 168 154
p 2 0 22 898 179 157
p 2 0 16 904 166 151
p 2 0 13 907 161 148
p 2 0 25 895 175 158
p 2 0 15 905 163 150
p 2 0 13 907 157 148
p 2 0 26 894 179 160
p 2 0 18 902 175 154
p 2 0 10 910 155 146
p 2 0 21 899 179 156
p 2 0 18 902 170 153
p 2 0 410 510 1386 547
p 2 0 88 832 320 218
p 2 0 50 870 233 184
p 2 0 33 887 192 168
p 2 0 29 891 185 164
p 2 0 32 888 199 167
p 2 0 52 868 250 192
p 2 0 105 815 437 251
p 2 0 89 831 449 240
p 2 0 89 831 506 244
p 2 0 109 811 598 266
p 2 0 101 819 598 256
p 2 0 96 824 606 261
p 2 0 94 826 623 256
p 2 0 105 815 679 267
p 2 0 100 820 660 263
p 2 0 102 818 649 264
p 2 0 96 824 655 259
p 2 0 89 831 631 245
p 2 0 105 815 741 271
p 2 0 100 820 685 256
p 2 0 81 839 672 242
p 2 0 119 801 709 273
p 2 0 97 823 677 253
p 2 0 91 829 686 250
p 2 0 104 816 707 259
p 2 0 103 817 726 261
p 2 0 80 840 646 234
p 2 0 106 814 694 261
p 2 0 98 822 693 255
p 2 0 80 840 649 235
p 2 0 95 825 689 247
p 2 0 87 833 687 242
p 2 0 91 829 656 239
p 2 0 90 830 647 236
p 2 0 91 829 645 237
p 2 0 94 826 695 248
p 2 0 96 824 682 245
p 2 0 90 830 704 244
p 2 0 91 829 646 237
p 2 0 93 827 665 242
p 2 0 87 833 657 236
p 2 0 84 836 651 234
p 2 0 100 820 696 250
p 2 0 93 827 698 245
p 2 0 89 831 672 241
p 2 0 95 825 688 243
p 2 0 90 830 690 242
p 2 0 86 834 692 239
p 2 0 102 818 720 249
p 2 0 85 835 682 235
p 2 0 82 838 670 231
p 2 0 95 825 675 246
p 2 0 96 824 712 242
p 2 0 91 829 721 245
p 2 0 103 817 698 253
p 2 0 97 823 674 247
p 2 0 87 833 663 236
p 2 0 92 828 672 240
p 2 0 91 829 706 238
p 2 0 78 842 680 230
p 2 0 97 823 711 248
p 2 0 87 833 697 237
p 2 0 83 837 690 235
p 2 0 94 826 714 244
p 2 0 91 829 692 240
p 2 0 87 833 705 237
p 2 0 98 822 706 249
p 2 0 83 837 689 235
p 2 0 82 838 669 234
p 2 0 86 834 705 235
p 2 0 94 826 713 244
p 2 0 84 836 690 235
p 2 0 100 820 726 254
p 2 0 84 836 674 237
p 2 0 81 839 662 235
p 2 0 93 827 707 247
p 2 0 90 830 698 241
p 2 0 88 832 720 239
p 2 0 94 826 718 246
p 2 0 92 828 694 241
p 2 0 87 833 693 241
p 2 0 89 831 722 242
p 2 0 98 822 776 253
p 2 0 84 836 709 237
p 2 0 91 829 749 246
p 2 0 84 836 721 239
p 2 0 89 831 713 244
p 2 0 94 826 733 248
p 2 0 83 837 713 237
p 2 0 86 834 733 241
p 2 0 106 814 743 258
p 2 0 91 829 745 244
p 2 0 85 835 698 237
p 2 0 87 833 708 241
p 2 0 88 832 658 241
p 2 0 86 834 627 233
p 2 0 93 827 497 239
p 2 0 84 836 466 225
p 2 0 50 870 251 184
p 2 0 61 859 271 195
p 2 0 49 871 249 183
p 2 0 38 882 221 172
p 2 0 55 865 262 189
p 2 0 41 879 231 176
p 2 0 30 890 206 166
p 2 0 47 873 239 180
p 2 0 36 884 212 172
p 2 0 32 888 203 166
p 2 0 48 872 235 182
p 2 0 34 886 209 169
p 2 0 33 887 198 168
p 2 0 40 880 220 174
p 2 0 39 881 208 173
p 2 0 26 894 182 160
p 2 0 46 874 232 180
p 2 0 38 882 207 172
p 2 0 25 895 179 159
p 2 0 41 879 217 173
p 2 0 33 887 201 167
p 2 0 26 894 185 160
p 2 0 33 887 202 167
p 2 0 27 893 184 160
p 2 0 24 896 189 159
p 2 0 29 891 197 164
p 2 0 38 882 210 173
p 2 0 26 894 188 160
p 2 0 42 878 216 174
p 2 0 34 886 201 169
p 2 0 9 911 154 145
p 2 0 27 893 186 162
p 2 0 25 895 184 159
p 2 0 12 908 160 148
p 2 0 36 884 211 171
p 2 0 25 895 178 159
p 2 0 13 907 155 149
p 2 0 25 895 189 161
p 2 0 15 905 162 150
p 2 0 16 904 168 151
p 2 0 31 889 199 166
p 2 0 18 902 171 153
p 2 0 17 903 166 151
p 2 0 27 893 189 160
p 2 0 22 898 178 159
p 2 0 16 904 168 152
p 2 0 27 893 185 162
p 2 0 20 900 171 155
p 2 0 22 898 181 157
p 2 0 24 896 186 159
p 2 0 22 898 180 157
p 2 0 18 902 166 153
p 2 0 30 890 197 164
p 2 0 27 893 190 161
p 2 0 26 894 191 161
p 2 0 38 882 199 170
p 2 0 51 869 229 184
p 2 0 66 854 274 198
p 2 0 326 594 2333 513
p 2 0 328 592 2532 517
p 2 0 336 584 2868 562
p 2 0 328 592 2805 540
p 2 0 337 583 3246 571
p 2 0 340 580 3068 557
p 2 0 338 582 3267 576
p 2 0 369 551 3269 594
p 2 0 372 548 3542 618
p 2 0 381 539 3304 610
p 2 0 372 548 3603 621
p 2 0 390 530 3502 624
p 2 0 422 498 3878 700
p 2 0 427 493 3750 694
p 2 0 425 495 3959 717
p 2 0 443 477 3578 718
p 2 0 449 471 4026 740
p 2 1 476 443 3797 753
p 2 0 455 465 4080 761
p 2 1 452 467 3777 737
p 2 0 456 464 4325 772
p 2 3 468 449 3861 767
p 2 0 470 450 4191 777
p 2 1 455 464 3759 754
p 2 0 460 460 3909 754
p 2 0 473 447 3805 766
p 2 1 471 448 4122 782
p 2 1 471 448 3770 764
p 2 1 475 444 4008 795
p 2 2 474 444 3881 785
p 2 1 483 436 4090 798
p 2 2 491 427 3819 799
p 2 3 467 450 3966 800
p 2 2 464 454 3459 754
p 2 2 479 439 3856 810
p 2 2 494 424 3747 826
p 2 2 489 429 3772 828
p 2 2 471 447 3551 786
p 2 2 485 433 3672 806
p 2 1 486 433 3571 804
p 2 5 493 422 3540 830
p 2 6 469 445 3407 802
p 2 8 467 445 3372 829
p 2 7 471 442 3417 865
p 2 3 480 437 3365 864
p 2 5 460 455 3347 878
p 2 5 501 414 3275 930
p 2 6 477 437 3216 911
p 2 0 566 354 2305 799
p 2 0 565 355 2322 793
p 2 0 573 347 2527 776
p 2 0 556 364 2455 767
p 2 0 564 356 2729 778
p 2 0 555 365 2642 777
p 2 0 569 351 2848 786
p 2 0 535 385 2533 741
p 2 0 576 344 2855 794
p 2 0 565 355 2855 787
p 2 0 572 348 2878 778
p 2 0 556 364 2801 775
p 2 0 570 350 3070 791
p 2 0 551 369 2907 772
p 2 0 585 335 3099 812
p 2 0 545 375 2883 762
p 2 0 560 360 2951 779
p 2 0 547 373 2868 771
p 2 0 565 355 2975 789
p 2 0 546 374 2920 768
p 2 0 581 339 3124 803
p 2 0 558 362 3000 788
p 2 0 556 364 2964 771
p 2 0 565 355 3023 813
p 2 0 562 358 3129 796
p 2 0 547 373 3024 774
p 2 0 566 354 3182 801
p 2 0 557 363 2992 783
p 2 0 556 364 2978 789
p 2 0 558 362 2987 792
p 2 0 581 339 3180 828
p 2 0 567 353 3071 816
p 2 0 564 356 3019 793
p 2 1 530 389 2896 766
p 2 0 569 351 3191 817
p 2 0 565 355 3018 812
p 2 0 568 352 3134 825
p 2 0 541 379 2803 802
p 2 0 564 356 2922 825
p 2 1 563 356 2864 826
p 2 0 562 358 2865 827
p 2 1 543 376 2861 833
p 2 1 571 348 2954 880
p 2 1 562 357 2887 870
p 2 1 546 373 2766 851
p 2 4 742 174 3497 1095
p 2 2 572 346 2658 899
p 2 2 543 375 2509 880
p 2 2 889 29 6230 1257
p 2 5 870 45 6280 1269
p 2 4 884 32 6986 1291
p 2 4 862 54 6484 1260
p 2 2 892 26 7327 1308
p 2 4 850 66 6852 1248
p 2 2 884 34 7374 1294
p 2 1 867 52 7029 1260
p 2 1 885 34 7560 1294
p 2 1 860 59 7003 1231
p 2 0 898 22 7717 1320
p 2 1 856 63 7225 1240
p 2 0 903 17 7610 1297
p 2 1 857 62 7189 1237
p 2 0 845 75 7535 1245
p 2 0 840 80 7111 1210
p 2 0 873 47 7521 1273
p 2 0 837 83 7026 1192
p 2 0 852 68 7659 1260
p 2 0 828 92 7073 1203
p 2 0 860 60 7621 1274
p 2 0 831 89 7140 1203
p 2 0 836 84 7064 1226
p 2 5 820 95 7162 1219
p 2 0 854 66 7490 1269
p 2 15 812 93 7154 1248
p 2 0 840 80 7393 1253
p 2 16 797 107 7341 1252
p 2 7 844 69 7616 1306
p 2 10 809 101 7126 1249
p 2 15 824 81 7504 1305
p 2 16 773 131 6576 1204
p 2 16 827 77 7283 1319
p 2 23 799 98 6984 1277
p 2 21 819 80 7174 1338
p 2 23 775 122 6887 1270
p 2 21 824 75 7307 1377
p 2 27 791 102 7041 1327
p 2 24 818 78 7041 1374
p 2 29 782 109 6726 1315
p 2 33 787 100 6629 1324
p 2 31 782 107 6412 1313
p 2 30 811 79 6746 1387
p 2 36 770 114 6539 1330
p 2 30 784 106 6895 1380
p 2 38 782 100 6846 1404
p 2 24 805 91 6868 1406
p 2 1 803 116 5634 1228
p 2 0 798 122 2825 1037
p 2 0 748 172 2645 984
p 2 0 775 145 2860 999
p 2 0 738 182 2631 948
p 2 0 764 156 2755 964
p 2 0 751 169 2817 983
p 2 0 763 157 2818 967
p 2 0 716 204 2680 926
p 2 0 759 161 2780 964
p 2 0 721 199 2633 926
p 2 0 760 160 2920 963
p 2 0 726 194 2845 955
p 2 0 573 347 1572 711
p 2 0 585 335 1615 727
p 2 0 533 387 1415 664
p 2 0 470 450 1358 611
p 2 0 479 441 1528 623
p 2 0 443 477 1347 572
p 2 0 430 490 1258 555
p 2 0 524 396 1506 665
p 2 0 509 411 1360 628
p 2 0 390 530 1212 523
p 2 0 464 456 1366 593
p 2 0 443 477 1433 584
p 2 0 481 439 1425 615
p 2 0 431 489 1355 558
p 2 0 400 520 1272 529
p 2 0 542 378 1570 677
p 2 0 498 422 1428 613
p 2 0 410 510 1309 541
p 2 0 477 443 1415 612
p 2 0 402 518 1318 535
p 2 0 437 483 1294 555
p 2 0 516 404 1453 636
p 2 0 488 432 1434 609
p 2 0 379 541 1225 505
p 2 0 436 484 1330 566
p 2 0 439 481 1517 582
p 2 0 496 424 1508 621
p 2 0 396 524 1302 524
p 2 0 422 498 1243 537
p 2 0 386 534 1247 517
p 2 0 574 346 1618 704
p 2 0 441 479 1410 574
p 2 0 456 464 1326 577
p 2 0 376 544 1277 500
p 2 0 490 430 1430 610
p 2 0 402 518 1326 534
p 2 0 406 514 1300 530
p 2 0 389 531 1244 509
p 2 0 561 359 1580 684
p 2 0 437 483 1378 566
p 2 0 448 472 1300 566
p 2 0 384 536 1337 509
p 2 0 448 472 1432 579
p 2 0 443 477 1498 580
p 2 0 443 477 1377 565
p 2 0 371 549 1251 500
p 2 0 541 379 1627 679
p 2 0 455 465 1471 573
p 2 0 422 498 1364 549
p 2 0 478 442 1616 612
p 2 0 436 484 1369 557
p 2 0 401 519 1314 527
p 2 0 532 388 1524 661
p 2 0 409 511 1315 537
p 2 0 441 479 1402 571
p 2 0 455 465 1512 592
p 2 0 436 484 1365 556
p 2 0 383 537 1315 508
p 2 0 523 397 1559 654
p 2 0 456 464 1460 588
p 2 0 411 509 1323 533
p 2 0 392 528 1360 516
p 2 0 463 457 1520 592
p 2 0 391 529 1348 522
p 2 0 408 512 1352 537
p 2 0 496 424 1574 634
p 2 0 481 439 1419 611
p 2 0 403 517 1362 532
p 2 0 418 502 1405 545
p 2 0 468 452 1579 598
p 2 0 411 509 1381 543
p 2 0 367 553 1296 497
p 2 0 528 392 1577 660
p 2 0 416 504 1311 539
p 2 0 441 479 1387 566
p 2 0 415 505 1413 550
p 2 0 455 465 1377 575
p 2 0 352 568 1287 484
p 2 0 547 373 1561 674
p 2 0 403 517 1336 531
p 2 0 435 485 1361 563
p 2 0 432 488 1475 568
p 2 0 395 525 1370 528
p 2 0 364 556 1256 496
p 2 0 556 364 1620 681
p 2 0 470 450 1510 597
p 2 0 434 486 1394 566
p 2 0 411 509 1333 536
p 2 0 470 450 1519 593
p 2 0 443 477 1566 585
p 2 0 406 514 1367 536
p 2 0 346 574 1240 474
p 2 0 400 520 1337 535
p 2 0 509 411 1593 639
p 2 0 499 421 1493 622
p 2 0 390 530 1291 513
p 2 0 421 499 1345 543
p 2 0 454 466 1540 585
p 2 0 494 426 1543 627
p 2 0 403 517 1362 530
p 2 0 413 507 1396 546
p 2 0 492 428 1527 625
p 2 0 479 441 1411 601
p 2 0 376 544 1237 508
p 2 0 428 492 1384 553
p 2 0 420 500 1402 548
p 2 0 471 449 1543 610
p 2 0 416 504 1345 541
p 2 0 434 486 1352 561
p 2 0 508 412 1587 641
p 2 0 494 426 1477 616
p 2 0 428 492 1400 551
p 2 0 407 513 1330 534
p 2 0 432 488 1475 562
p 2 0 466 454 1494 598
p 2 0 407 513 1423 534
p 2 0 395 525 1354 528
p 2 0 514 406 1588 651
p 2 0 494 426 1512 625
p 2 0 429 491 1351 562
p 2 0 421 499 1370 552
p 2 0 463 457 1515 590
p 2 0 441 479 1565 583
p 2 0 393 527 1358 527
p 2 0 389 531 1294 512
p 2 0 524 396 1586 662
p 2 0 486 434 1462 616
p 2 0 409 511 1328 542
p 2 0 419 501 1371 544
p 2 0 437 483 1459 564
p 2 0 453 467 1538 599
p 2 0 393 527 1310 513
p 2 0 413 507 1351 537
p 2 0 506 414 1572 640
p 2 0 477 443 1452 603
p 2 0 405 515 1324 533
p 2 0 431 489 1397 565
p 2 0 420 500 1401 552
p 2 0 495 425 1569 631
p 2 0 408 512 1365 532
p 2 0 418 502 1323 541
p 2 0 476 444 1581 624
p 2 0 458 462 1400 588
p 2 0 376 544 1323 506
p 2 0 483 437 1586 625
p 2 0 435 485 1445 560
p 2 0 448 472 1379 569
p 2 0 525 395 1593 659
p 2 0 488 432 1497 620
p 2 0 424 496 1333 543
p 2 0 402 518 1382 540
p 2 0 461 459 1555 592
p 2 0 435 485 1400 575
p 2 0 397 523 1359 526
p 2 0 546 374 1530 675
p 2 0 445 475 1435 574
p 2 0 415 505 1338 545
p 2 0 400 520 1308 530
p 2 0 469 451 1536 593
p 2 0 411 509 1337 532
p 2 0 429 491 1359 556
p 2 0 513 407 1561 638
p 2 0 500 420 1430 616
p 2 0 387 533 1303 515
p 2 0 434 486 1399 562
p 2 0 423 497 1388 558
p 2 0 455 465 1552 603
p 2 0 419 501 1358 550
p 2 0 425 495 1366 551
p 2 0 511 409 1607 650
p 2 0 498 422 1479 625
p 2 0 419 501 1318 543
p 2 0 433 487 1360 565
p 2 0 430 490 1463 565
p 2 0 486 434 1585 623
p 2 0 408 512 1359 536
p 2 0 418 502 1275 538
p 2 0 405 515 1383 547
p 2 0 414 506 1223 531
p 2 0 396 524 1315 532
p 2 0 416 504 1404 555
p 2 0 397 523 1246 522
p 2 1 752 167 5763 1289
p 2 3 748 169 6402 1335
p 2 1 785 134 6468 1380
p 2 4 765 151 6790 1382
p 2 1 789 130 6508 1403
p 2 4 761 155 7041 1417
p 2 2 799 119 6508 1430
p 2 4 771 145 6657 1414
p 2 2 804 114 6536 1446
p 2 4 760 156 6363 1402
p 2 3 796 121 6598 1459
p 2 4 773 143 6750 1452
p 2 2 802 116 6829 1509
p 2 3 777 140 6468 1455
p 2 3 808 109 6385 1523
p 2 4 772 144 6317 1465
p 2 4 793 123 6266 1521
p 2 4 777 139 6367 1478
p 2 4 806 110 6438 1569
p 2 6 770 144 6285 1476
p 2 2 795 123 6212 1540
p 2 6 785 129 6327 1524
p 2 2 802 116 6052 1548
p 2 7 757 156 5981 1493
p 2 3 803 114 5838 1563
p 2 11 778 131 5859 1565
p 2 6 813 101 5576 1642
p 2 18 756 146 5719 1610
p 2 16 797 107 5269 1642
p 2 25 777 118 5660 1655
p 2 20 796 104 5152 1694
p 2 33 766 121 5250 1691
p 2 33 787 100 4674 1726
p 2 60 725 135 5053 1793
p 2 266 511 143 2977 1949
p 2 0 410 510 799 742
p 2 0 400 520 659 645
p 2 0 308 612 533 523
p 2 0 342 578 519 513
p 2 0 280 640 441 438
p 2 0 330 590 434 432
p 2 0 263 657 377 374
p 2 0 238 682 345 345
p 2 0 179 741 299 299
p 2 0 152 768 269 268
p 2 0 130 790 252 251
p 2 0 98 822 228 227
p 2 0 66 854 196 196
p 2 0 50 870 183 183
p 2 0 27 893 161 161
p 2 0 27 893 161 161
p 2 0 16 904 151 151
p 2 0 12 908 146 146
p 2 0 8 912 143 143
p 2 0 4 916 140 140
p 2 0 2 918 139 139
p 2 0 1 919 138 138
p 2 0 1 919 138 138
p 2 0 1 919 138 138
p 2 0 1 919 138 138
p 2 0 0 920 137 137
p 2 0 0 920 137 137
p 2 0 0 920 137 137
p 2 0 0 920 137 137
p 2 0 0 920 137 137
p 2 0 0 920 137 137
p 2 0 0 920 137 137
p 2 0 0 920 137 137
p 2 0 0 920 137 137
p 2 0 0 920 137 137
p 2 0 0 920 137 137
p 2 0 0 920 137 137
p 2 0 0 920 137 137
p 2 0 0 920 137 137
p 2 0 0 920 137 137
p 2 0 0 920 137 137
p 2 0 0 920 137 137
p 2 0 0 920 137 137
p 2 0 0 920 137 137
p 2 0 0 920 137 137
p 2 0 0 920 137 137
p 2 0 0 920 137 137
p 2 0 0 920 137 137
i 2 920 0 0 2596 2596
p 2 0 0 920 137 137
p 2 0 0 920 137 137
p 2 0 0 920 137 137
p 2 0 0 920 137 137
p 2 0 0 920 137 137
p 2 0 0 920 137 137
p 2 0 0 920 137 137
p 2 0 0 920 137 137
p 2 0 0 920 137 137
p 2 0 0 920 137 137
p 2 0 0 920 137 137
p 2 0 0 920 137 137
p 2 0 0 920 137 137
p 2 0 0 920 137 137
p 2 0 0 920 137 137
p 2 0 0 920 137 137
p 2 0 0 920 137 137
p 2 0 0 920 137 137
p 2 0 0 920 137 137
p 2 0 0 920 137 137
p 2 0 0 920 137 137
p 2 0 0 920 137 137
p 2 0 0 920 137 137
