# XviD 2pass stat file (core version 1.4.-127)
# Please do not modify this file

i 2 920 0 0 2596 2596
p 2 0 0 920 137 137
p 2 0 0 920 137 137
p 2 0 0 920 137 137
p 2 0 0 920 137 137
p 2 0 0 920 137 137
p 2 0 0 920 137 137
p 2 0 0 920 137 137
p 2 0 0 920 137 137
p 2 0 0 920 137 137
p 2 0 0 920 137 137
p 2 0 0 920 137 137
p 2 0 0 920 137 137
p 2 0 0 920 137 137
p 2 0 0 920 137 137
p 2 0 0 920 137 137
p 2 0 0 920 137 137
p 2 0 0 920 137 137
p 2 0 0 920 137 137
p 2 0 0 920 137 137
p 2 0 0 920 137 137
p 2 0 0 920 137 137
p 2 0 0 920 137 137
p 2 0 0 920 137 137
i 2 920 0 0 34249 3809
p 2 0 892 28 5535 1047
p 2 0 915 5 8108 1084
p 2 0 917 3 6697 1014
p 2 0 916 4 7503 1033
p 2 0 911 9 7542 1052
p 2 0 909 11 7347 1036
p 2 0 910 10 7290 1042
p 2 0 907 13 7682 1028
p 2 0 910 10 7762 1014
p 2 0 917 3 7579 1012
p 2 0 912 8 7961 1038
p 2 0 918 2 7667 1024
p 2 0 911 9 7712 1034
p 2 0 913 7 7743 1024
p 2 0 910 10 7725 1025
p 2 0 910 10 7659 1018
p 2 0 912 8 7635 1025
p 2 0 918 2 7892 1025
p 2 0 916 4 7416 1021
p 2 0 915 5 8153 1041
p 2 0 916 4 7422 1010
p 2 0 920 0 7776 1028
p 2 0 917 3 7769 1028
p 2 0 911 9 7658 1036
p 2 0 912 8 7288 1024
p 2 0 917 3 7878 1026
p 2 0 914 6 7615 1001
p 2 0 917 3 7989 1032
p 2 0 918 2 7554 1029
p 2 0 918 2 7992 1022
p 2 0 915 5 7651 1034
p 2 0 911 9 7715 1019
p 2 0 913 7 7610 1003
p 2 0 910 10 7734 1002
p 2 0 917 3 7857 1033
p 2 0 914 6 7881 1020
p 2 0 915 5 7839 1029
p 2 0 917 3 7877 1025
p 2 0 915 5 7504 1020
p 2 0 919 1 7822 1034
p 2 0 913 7 7917 1024
p 2 0 914 6 7734 1028
p 2 0 914 6 8051 1022
p 2 0 918 2 8042 1033
i 2 920 0 0 4966 2722
p 2 10 111 799 4022 442
p 2 3 193 724 5255 553
p 2 5 284 631 5283 678
p 2 0 384 536 7199 784
p 2 0 441 479 8661 886
p 2 0 479 441 7826 898
p 2 0 480 440 6699 853
p 2 1 486 433 6792 863
p 2 14 490 416 7991 927
p 2 6 557 357 7524 936
p 2 0 587 333 7474 949
p 2 0 629 291 8265 990
p 2 795 125 0 12488 3313
p 2 742 178 0 13471 3367
p 2 609 311 0 15603 3284
p 2 566 354 0 16369 3180
p 2 547 373 0 16494 3170
p 2 539 381 0 16298 3162
p 2 557 363 0 16280 3184
p 2 572 348 0 14896 3174
p 2 565 355 0 14881 3146
p 2 564 356 0 14345 3141
p 2 528 392 0 14325 3057
p 2 532 388 0 13735 3043
p 2 498 422 0 13250 3005
p 2 448 472 0 13663 2983
p 2 432 488 0 13094 3011
p 2 399 521 0 13543 2983
p 2 366 554 0 14021 2961
p 2 335 585 0 14375 2911
p 2 0 913 7 6321 1422
p 2 0 875 45 5885 1322
p 2 0 902 18 5679 1295
p 2 0 904 16 5576 1253
p 2 0 911 9 5559 1212
p 2 0 912 8 5646 1196
p 2 0 906 14 5717 1126
p 2 0 906 14 5572 1114
p 2 0 906 14 5497 1127
p 2 0 911 9 5565 1129
p 2 0 907 13 5460 1129
p 2 0 897 23 5504 1119
p 2 0 908 12 5619 1131
p 2 0 912 8 5727 1122
p 2 0 912 8 5759 1162
p 2 0 906 14 5789 1171
p 2 0 910 10 5750 1179
p 2 0 906 14 5718 1187
p 2 0 909 11 5719 1222
p 2 0 903 17 5690 1187
p 2 0 910 10 5604 1134
p 2 0 908 12 5746 1115
p 2 0 906 14 5602 1148
p 2 0 912 8 5427 1103
p 2 0 909 11 5545 1108
p 2 0 906 14 5942 1106
p 2 0 913 7 5956 1160
p 2 0 909 11 6019 1144
p 2 0 905 15 5861 1169
p 2 0 908 12 5921 1144
p 2 0 908 12 6069 1151
p 2 0 895 25 6088 1131
p 2 0 906 14 6287 1153
p 2 0 905 15 6182 1135
p 2 0 908 12 6199 1145
p 2 0 911 9 6318 1139
p 2 0 902 18 6228 1158
p 2 0 908 12 6358 1134
p 2 0 907 13 6537 1160
p 2 0 909 11 6694 1146
p 2 0 908 12 6644 1159
p 2 0 915 5 6442 1153
p 2 0 907 13 6462 1152
p 2 0 906 14 6797 1161
p 2 0 898 22 6519 1123
p 2 0 911 9 6983 1175
p 2 0 907 13 6892 1159
p 2 0 911 9 6792 1156
p 2 0 890 30 6912 1145
p 2 0 909 11 6911 1181
p 2 0 909 11 7008 1182
p 2 0 912 8 7100 1180
p 2 0 908 12 6964 1174
p 2 0 909 11 7110 1202
p 2 0 903 17 6947 1167
p 2 0 911 9 7028 1182
p 2 0 897 23 7022 1155
p 2 0 909 11 7235 1188
i 2 920 0 0 83336 4224
p 2 0 79 841 258 210
p 2 0 31 889 173 167
p 2 0 13 907 151 148
p 2 0 12 908 150 148
p 2 0 4 916 141 141
p 2 0 8 912 149 145
p 2 0 8 912 147 144
p 2 0 9 911 149 145
p 2 0 17 903 159 152
p 2 0 12 908 155 147
p 2 0 25 895 177 158
p 2 0 44 876 209 175
p 2 0 45 875 215 176
i 2 920 0 0 61424 3350
p 2 0 916 4 4743 957
p 2 0 912 8 9319 969
p 2 0 916 4 11107 976
p 2 0 913 7 12654 968
p 2 0 918 2 9196 982
p 2 0 915 5 12596 969
p 2 0 915 5 12368 966
p 2 0 918 2 12209 970
p 2 0 917 3 12190 967
p 2 0 917 3 12097 973
p 2 0 918 2 12688 977
p 2 0 916 4 12161 965
p 2 0 917 3 11974 973
p 2 0 920 0 12714 972
p 2 0 919 1 13032 976
p 2 0 919 1 12255 974
p 2 0 919 1 12774 969
p 2 0 920 0 12581 975
p 2 0 920 0 12820 971
p 2 0 920 0 12947 972
i 2 920 0 0 71158 4583
p 2 0 153 767 360 287
p 2 0 97 823 243 227
p 2 0 59 861 201 192
p 2 0 78 842 227 209
p 2 0 46 874 186 177
p 2 0 51 869 204 184
p 2 0 53 867 193 182
p 2 0 40 880 188 173
p 2 0 39 881 190 170
p 2 0 37 883 183 168
p 2 0 41 879 209 175
p 2 0 48 872 211 181
p 2 0 32 888 186 166
p 2 0 39 881 201 172
p 2 0 47 873 217 181
p 2 0 59 861 233 189
p 2 0 93 827 307 223
p 2 0 134 786 365 257
i 2 920 0 0 70256 4863
p 2 0 889 31 24406 1285
p 2 0 895 25 27546 1324
p 2 0 900 20 28652 1350
p 2 0 891 29 28404 1356
p 2 0 899 21 29378 1371
p 2 0 902 18 28468 1366
p 2 0 897 23 28827 1369
p 2 0 905 15 28770 1370
p 2 0 906 14 28536 1380
p 2 0 901 19 29491 1377
p 2 0 906 14 28351 1369
p 2 0 904 16 28483 1372
p 2 0 907 13 29064 1395
p 2 0 902 18 28662 1381
p 2 0 901 19 29453 1400
p 2 0 901 19 28818 1391
p 2 0 907 13 28672 1396
p 2 0 900 20 28930 1387
p 2 0 902 18 29190 1377
p 2 0 903 17 29403 1387
p 2 0 910 10 28766 1383
p 2 0 903 17 29335 1385
p 2 0 907 13 29007 1385
p 2 0 901 19 29078 1382
p 2 0 909 11 30210 1387
p 2 0 898 22 28992 1372
p 2 0 910 10 29011 1379
p 2 0 903 17 29539 1372
p 2 0 908 12 29743 1392
p 2 0 900 20 29239 1378
p 2 0 906 14 29559 1380
p 2 0 910 10 29806 1378
p 2 0 909 11 29681 1396
p 2 0 905 15 29314 1379
p 2 0 910 10 29500 1390
p 2 0 908 12 29447 1400
p 2 0 909 11 29797 1411
p 2 0 901 19 29781 1394
p 2 0 904 16 29266 1378
p 2 0 909 11 30140 1410
p 2 0 905 15 29443 1390
p 2 0 899 21 29345 1381
p 2 1 907 12 30624 1412
p 2 0 902 18 29230 1383
p 2 0 906 14 29443 1387
p 2 0 896 24 29424 1379
p 2 0 908 12 30185 1387
p 2 0 903 17 29266 1387
p 2 0 908 12 29621 1383
p 2 1 905 14 30299 1391
p 2 0 907 13 30054 1390
p 2 0 902 18 29440 1370
p 2 0 900 20 29704 1381
p 2 0 902 18 29845 1385
p 2 0 909 11 29859 1378
p 2 0 905 15 30367 1389
p 2 0 909 11 29617 1375
p 2 0 901 19 29731 1389
p 2 0 909 11 29990 1393
p 2 0 897 23 29879 1374
p 2 0 906 14 30455 1388
p 2 0 898 22 29896 1363
p 2 0 906 14 29985 1378
p 2 0 902 18 30385 1384
p 2 0 902 18 30359 1393
p 2 0 909 11 30545 1383
p 2 0 908 12 30710 1386
p 2 2 897 21 30817 1389
p 2 0 908 12 30114 1381
p 2 0 898 22 30751 1382
p 2 1 903 16 30954 1405
p 2 0 900 20 30402 1399
p 2 0 900 20 30210 1394
p 2 1 902 17 30809 1394
p 2 0 906 14 30159 1405
p 2 0 903 17 30139 1409
p 2 0 903 17 31426 1416
p 2 0 912 8 29953 1417
p 2 0 906 14 30279 1397
p 2 0 901 19 31189 1408
p 2 0 908 12 29948 1404
p 2 0 900 20 30926 1405
p 2 0 906 14 30822 1411
p 2 0 911 9 30222 1403
p 2 0 906 14 31126 1404
p 2 0 908 12 30484 1414
p 2 0 905 15 31419 1419
p 2 0 910 10 30688 1412
p 2 0 913 7 30582 1401
p 2 0 912 8 30917 1416
p 2 0 911 9 31244 1416
p 2 0 911 9 31219 1422
p 2 49 858 13 37290 1717
p 2 35 877 8 38849 1657
p 2 35 876 9 39583 1627
p 2 32 876 12 39334 1595
p 2 35 873 12 40017 1618
p 2 35 876 9 39038 1614
p 2 39 876 5 39394 1634
p 2 30 879 11 38609 1582
p 2 0 880 40 25953 1345
p 2 0 807 113 25115 1245
p 2 0 800 120 25786 1230
p 2 0 794 126 24985 1220
p 2 0 784 136 25637 1217
p 2 0 793 127 25365 1203
p 2 0 806 114 25034 1223
p 2 0 785 135 25186 1200
p 2 0 801 119 25479 1226
p 2 0 798 122 25510 1225
p 2 0 792 128 25087 1225
p 2 0 780 140 25738 1218
p 2 0 782 138 25632 1206
p 2 0 780 140 25335 1214
p 2 0 791 129 26150 1225
p 2 0 771 149 25203 1191
p 2 0 763 157 25545 1192
p 2 0 758 162 25434 1186
p 2 0 773 147 25633 1191
p 2 0 755 165 25645 1195
p 2 0 763 157 25354 1194
p 2 0 754 166 25315 1190
p 2 0 752 168 25843 1184
p 2 0 750 170 25816 1187
p 2 0 758 162 25771 1194
p 2 0 744 176 25602 1173
p 2 0 749 171 25706 1177
p 2 0 754 166 25692 1195
p 2 0 763 157 26146 1207
p 2 0 736 184 25425 1177
p 2 0 749 171 25931 1188
p 2 0 747 173 25646 1170
p 2 0 749 171 26551 1193
p 2 0 724 196 25627 1159
p 2 0 735 185 25939 1176
p 2 0 737 183 25898 1164
p 2 0 742 178 25910 1191
p 2 0 747 173 25520 1184
p 2 0 739 181 26343 1190
p 2 0 741 179 25337 1178
p 2 0 743 177 26061 1196
p 2 0 728 192 25926 1159
p 2 0 730 190 25636 1157
p 2 0 735 185 25795 1170
p 2 0 735 185 25868 1165
p 2 0 723 197 26031 1160
p 2 0 724 196 25497 1150
p 2 0 723 197 26274 1154
p 2 0 726 194 25754 1149
p 2 0 733 187 26130 1175
i 2 920 0 0 69012 4364
p 2 0 400 520 11261 647
p 2 0 335 585 13117 605
p 2 0 327 593 13067 584
p 2 0 321 599 13342 591
p 2 0 323 597 13098 591
p 2 0 353 567 13798 629
p 2 0 320 600 12723 587
p 2 0 341 579 13116 612
p 2 0 327 593 13197 596
p 2 0 359 561 13184 628
p 2 0 328 592 12595 599
p 2 0 322 598 13298 592
p 2 0 324 596 12603 586
p 2 0 334 586 12903 601
p 2 0 313 607 12913 580
p 2 0 316 604 12495 580
p 2 0 305 615 12267 567
p 2 0 337 583 12820 603
p 2 0 300 620 12170 561
p 2 0 299 621 12284 561
p 2 0 310 610 12562 573
p 2 0 296 624 12280 560
p 2 0 305 615 12055 566
p 2 0 286 634 12302 556
p 2 0 305 615 11948 568
p 2 0 307 613 12072 571
p 2 0 280 640 11939 540
p 2 0 273 647 11834 540
p 2 0 285 635 11796 542
p 2 0 284 636 12169 545
p 2 0 271 649 11672 541
p 2 0 263 657 11490 522
p 2 0 281 639 11785 540
p 2 0 279 641 11797 541
p 2 0 266 654 11427 524
p 2 0 261 659 11725 518
p 2 0 254 666 11355 513
p 2 0 276 644 11654 531
p 2 0 248 672 11226 502
p 2 0 252 668 11364 513
p 2 0 245 675 11185 498
p 2 0 276 644 11604 531
p 2 0 265 655 10912 512
p 2 0 243 677 10937 497
p 2 0 260 660 11228 516
p 2 0 256 664 10996 502
p 2 8 219 693 11230 524
p 2 7 225 688 11319 525
p 2 7 225 688 10718 519
p 2 6 219 695 10231 503
p 2 5 225 690 10286 508
p 2 6 219 695 9511 498
p 2 7 202 711 8710 484
p 2 6 202 712 8628 478
p 2 5 203 712 7994 470
p 2 3 201 716 7222 455
p 2 4 202 714 7369 458
p 2 3 194 723 6733 449
p 2 3 188 729 6020 437
p 2 4 193 723 6304 449
p 2 5 178 737 5461 438
p 2 4 175 741 5023 440
p 2 8 182 730 5021 457
p 2 6 183 731 4532 465
p 2 0 164 756 948 310
p 2 0 171 749 924 311
p 2 0 113 807 437 245
p 2 0 116 804 585 248
p 2 0 109 811 776 241
p 2 0 126 794 462 254
p 2 0 112 808 514 240
p 2 0 94 826 639 222
p 2 0 115 805 410 244
p 2 0 141 779 718 268
p 2 0 171 749 836 294
p 2 0 153 767 713 282
i 2 920 0 0 30868 3627
p 2 0 913 7 2567 967
p 2 102 808 10 23107 1910
p 2 0 913 7 4048 1022
p 2 116 804 0 24132 2028
p 2 0 915 5 3740 1026
p 2 0 917 3 4572 1023
p 2 203 716 1 26945 2275
p 2 1 907 12 3862 1004
p 2 6 904 10 4259 1041
p 2 41 857 22 23902 1650
p 2 0 907 13 4596 1022
p 2 21 890 9 21123 1469
p 2 0 912 8 4542 1049
p 2 0 904 16 4685 1011
p 2 3 904 13 17767 1280
p 2 0 891 29 4755 997
p 2 0 900 20 4752 1013
p 2 7 877 36 19807 1269
p 2 0 901 19 4334 1003
p 2 0 906 14 5083 1006
p 2 0 897 23 4890 1006
p 2 0 899 21 4743 991
p 2 0 908 12 4687 1008
p 2 3 900 17 6646 1038
p 2 0 898 22 4643 1008
p 2 3 904 13 6532 1032
p 2 0 903 17 4774 1002
p 2 0 908 12 7494 1036
p 2 0 903 17 5174 1018
p 2 3 902 15 5009 1008
p 2 0 901 19 5016 1021
p 2 0 909 11 5031 1013
p 2 0 907 13 5113 1006
p 2 0 915 5 4796 1006
p 2 0 911 9 5335 1001
p 2 0 918 2 5056 990
p 2 3 908 9 5249 1014
p 2 2 909 9 4709 1003
p 2 3 904 13 5269 1019
p 2 2 912 6 4941 1015
p 2 0 910 10 4852 1005
p 2 0 913 7 4910 1015
i 2 920 0 0 43238 3737
p 2 0 882 38 13942 1072
p 2 0 885 35 15608 1061
p 2 0 841 79 15506 1026
p 2 0 886 34 15792 1056
p 2 0 865 55 15381 1026
p 2 0 879 41 15553 1045
p 2 0 873 47 15690 1038
p 2 0 893 27 15800 1058
p 2 0 875 45 15579 1042
p 2 0 875 45 15790 1036
p 2 0 866 54 15665 1028
p 2 0 879 41 15834 1034
p 2 0 878 42 15882 1041
p 2 0 872 48 15737 1043
p 2 0 853 67 15769 1035
p 2 0 874 46 15872 1035
p 2 0 854 66 15587 1027
p 2 0 864 56 15708 1029
p 2 0 856 64 15927 1034
p 2 0 857 63 15779 1042
p 2 0 860 60 15700 1035
p 2 0 866 54 15904 1042
p 2 0 855 65 15705 1035
p 2 0 858 62 15846 1038
p 2 0 863 57 15986 1049
p 2 0 875 45 15779 1050
p 2 0 857 63 16168 1051
p 2 0 877 43 16029 1045
p 2 0 863 57 15960 1049
p 2 0 874 46 15791 1063
p 2 0 837 83 15913 1022
p 2 0 862 58 15885 1062
p 2 0 872 48 16205 1058
p 2 0 865 55 16091 1053
p 2 0 845 75 16061 1037
p 2 0 857 63 15893 1046
p 2 0 851 69 16279 1037
p 2 0 855 65 15750 1030
p 2 0 853 67 15981 1036
p 2 0 847 73 15802 1021
p 2 0 879 41 15929 1055
p 2 0 867 53 15833 1038
p 2 0 874 46 15704 1044
p 2 0 871 49 15755 1045
p 2 0 878 42 15749 1048
p 2 0 884 36 16017 1063
p 2 0 873 47 15702 1053
p 2 0 855 65 15699 1030
p 2 0 871 49 15804 1054
p 2 0 860 60 15857 1041
p 2 0 860 60 15825 1034
p 2 0 877 43 15735 1053
p 2 0 846 74 15780 1039
p 2 0 863 57 15268 1033
p 2 0 861 59 15839 1038
p 2 0 853 67 15783 1043
p 2 0 876 44 15641 1052
p 2 0 863 57 15796 1046
p 2 0 829 91 15719 1020
p 2 0 866 54 15909 1039
p 2 0 846 74 15586 1033
p 2 0 857 63 15691 1037
p 2 0 855 65 15469 1041
p 2 0 851 69 15808 1033
p 2 0 877 43 15439 1039
p 2 0 862 58 15557 1037
p 2 0 871 49 15557 1041
p 2 0 881 39 15633 1055
i 2 920 0 0 36866 3680
p 2 0 892 28 9804 1026
p 2 0 901 19 12123 1039
p 2 0 882 38 15863 1072
p 2 0 895 25 11728 1020
p 2 0 869 51 12094 987
p 2 0 884 36 16315 1092
p 2 0 886 34 11608 1007
p 2 0 881 39 12810 1012
p 2 0 884 36 17867 1153
p 2 0 896 24 11863 1012
p 2 0 871 49 12482 1008
p 2 0 884 36 18231 1142
p 2 0 892 28 12140 1027
p 2 0 884 36 12890 1013
p 2 0 870 50 16855 1100
p 2 0 895 25 12021 1017
p 2 0 887 33 12933 1018
p 2 0 883 37 15954 1096
p 2 0 892 28 12039 1008
p 2 0 891 29 12832 1019
p 2 0 888 32 15923 1068
p 2 0 892 28 12497 1013
p 2 0 886 34 13236 1032
p 2 0 896 24 12881 1002
p 2 0 879 41 13066 1011
p 2 0 891 29 13277 1020
p 2 0 890 30 13063 1017
p 2 0 898 22 12523 1013
p 2 0 880 40 13480 1005
p 2 0 876 44 15495 1053
p 2 0 895 25 12776 1014
p 2 0 897 23 13320 1032
p 2 0 868 52 14792 1033
p 2 0 900 20 12712 1020
p 2 0 892 28 12987 1004
p 2 0 886 34 14816 1036
p 2 0 895 25 12878 1008
p 2 0 884 36 13075 1007
p 2 0 891 29 14777 1041
p 2 0 894 26 12453 1008
p 2 0 894 26 13218 1019
p 2 0 899 21 14500 1041
p 2 0 889 31 12086 1003
p 2 0 875 45 13227 1000
p 2 0 889 31 14537 1026
p 2 0 897 23 12419 1010
p 2 0 892 28 12806 1012
p 2 0 888 32 13085 1031
p 2 0 884 36 12589 1034
p 2 0 895 25 13250 1020
p 2 0 891 29 12191 1004
p 2 0 889 31 13183 1023
p 2 0 892 28 13267 1035
p 2 0 898 22 13262 1014
p 2 0 878 42 12856 1007
p 2 0 890 30 12867 1004
p 2 0 894 26 13177 1018
p 2 0 888 32 12568 1006
p 2 0 892 28 12943 1015
p 2 0 897 23 13089 1020
p 2 0 885 35 12738 1022
i 2 920 0 0 11576 3050
p 2 0 801 119 5839 1282
p 2 1 812 107 5627 1251
p 2 0 775 145 5673 1258
p 2 0 773 147 5812 1271
p 2 0 759 161 5508 1250
p 2 0 763 157 5706 1264
p 2 0 753 167 5171 1196
p 2 0 757 163 5045 1211
p 2 0 750 170 4943 1155
p 2 0 760 160 4742 1148
p 2 0 740 180 5757 1201
p 2 1 758 161 5122 1216
p 2 0 750 170 5589 1177
p 2 0 777 143 5444 1249
i 2 920 0 0 21395 3385
p 2 24 885 11 12760 1861
p 2 23 891 6 12880 1848
p 2 27 877 16 12611 1907
p 2 13 900 7 11909 1900
p 2 19 888 13 11020 1839
p 2 21 888 11 10790 1843
p 2 4 898 18 10915 1768
p 2 26 877 17 11359 1841
p 2 7 893 20 11666 1825
p 2 16 889 15 12369 1834
p 2 17 892 11 12207 1868
p 2 15 893 12 12176 1831
p 2 21 887 12 11489 1824
p 2 20 894 6 12146 1810
p 2 29 880 11 11733 1846
p 2 26 885 9 11603 1828
p 2 16 893 11 12500 1873
p 2 17 892 11 12717 1916
p 2 16 892 12 12132 1901
p 2 28 887 5 11716 1882
p 2 18 887 15 10929 1791
p 2 12 894 14 12081 1865
p 2 18 887 15 11338 1863
p 2 19 894 7 12375 1926
p 2 12 897 11 11506 1856
p 2 10 893 17 12099 1804
p 2 27 876 17 11793 1880
p 2 13 895 12 11475 1837
i 2 920 0 0 21813 3516
p 2 0 168 752 339 295
p 2 257 297 366 25483 2400
p 2 0 302 618 792 454
p 2 13 541 366 16061 1330
p 2 0 393 527 1048 540
p 2 10 548 362 14757 1289
p 2 0 418 502 1091 591
p 2 15 537 368 15573 1330
p 2 0 415 505 1175 640
p 2 2 543 375 14057 1248
p 2 0 412 508 1125 599
p 2 3 544 373 13457 1226
p 2 0 413 507 1053 601
p 2 0 268 652 495 385
p 2 7 527 386 14963 1205
p 2 0 388 532 1090 577
p 2 0 303 617 651 430
p 2 0 226 694 490 355
p 2 0 227 693 461 352
p 2 0 228 692 468 352
p 2 0 178 742 393 303
p 2 0 186 734 411 314
p 2 0 168 752 405 294
p 2 0 126 794 339 257
p 2 0 131 789 353 263
p 2 0 134 786 376 264
p 2 0 122 798 326 253
p 2 0 90 830 284 220
p 2 0 114 806 341 244
p 2 0 90 830 287 224
p 2 0 81 839 273 214
p 2 0 115 805 321 244
p 2 0 88 832 287 220
p 2 0 56 864 222 189
p 2 0 75 845 232 206
p 2 0 74 846 239 204
p 2 19 117 784 699 317
p 2 34 109 777 1607 439
p 2 17 146 757 2105 406
p 2 13 146 761 2553 402
p 2 10 163 747 2787 415
p 2 9 184 727 2985 418
p 2 5 189 726 3328 412
p 2 8 186 726 3890 434
p 2 6 218 696 3938 448
p 2 4 201 715 3964 430
p 2 3 203 714 3899 427
p 2 3 205 712 3882 430
p 2 3 220 697 4192 437
p 2 3 225 692 3701 435
p 2 3 211 706 3749 418
p 2 0 154 766 526 294
p 2 0 161 759 370 286
p 2 0 90 830 254 216
p 2 0 126 794 289 250
p 2 0 95 825 285 223
p 2 0 113 807 276 241
p 2 0 58 862 228 191
p 2 0 104 816 282 231
p 2 0 59 861 228 190
p 2 0 76 844 261 207
p 2 0 87 833 273 218
p 2 0 71 849 241 202
p 2 0 50 870 203 182
p 2 0 79 841 239 208
p 2 0 49 871 218 183
p 2 0 42 878 185 176
p 2 0 55 865 226 187
p 2 0 119 801 3436 288
p 2 0 91 829 351 226
p 2 0 71 849 264 207
p 2 1 131 788 3316 307
p 2 0 100 820 350 236
p 2 0 75 845 281 209
p 2 0 128 792 3344 299
p 2 0 116 804 366 248
p 2 0 80 840 261 210
p 2 0 140 780 2852 291
p 2 0 104 816 327 236
p 2 0 70 850 258 203
p 2 0 123 797 2941 274
p 2 0 118 802 364 245
p 2 0 67 853 242 199
p 2 0 60 860 234 192
p 2 0 65 855 228 197
p 2 0 54 866 208 186
p 2 0 67 853 227 194
p 2 0 71 849 212 199
p 2 0 52 868 203 185
p 2 0 40 880 209 175
p 2 0 58 862 215 189
p 2 0 52 868 204 183
p 2 0 28 892 176 162
p 2 0 55 865 214 188
p 2 0 45 875 197 178
p 2 0 51 869 209 182
p 2 0 52 868 216 185
p 2 0 49 871 217 183
p 2 0 63 857 233 196
p 2 0 53 867 212 187
p 2 0 69 851 246 198
p 2 0 39 881 199 172
p 2 0 49 871 215 181
p 2 0 44 876 197 176
p 2 0 52 868 209 184
p 2 0 66 854 234 196
p 2 0 65 855 247 196
p 2 0 680 240 4846 836
p 2 0 694 226 8714 990
p 2 0 715 205 9433 1051
p 2 0 739 181 6424 1006
p 2 0 759 161 8545 1100
p 2 4 783 133 10842 1225
p 2 5 822 93 10974 1263
p 2 1 851 68 4619 1156
p 2 1 866 53 5229 1087
p 2 0 867 53 4893 1106
p 2 0 881 39 6160 1101
p 2 4 867 49 11257 1288
p 2 6 865 49 5134 1181
p 2 1 863 56 10304 1236
p 2 5 856 59 11242 1340
p 2 4 849 67 11311 1318
p 2 2 840 78 11114 1303
p 2 2 822 96 10667 1292
p 2 7 835 78 4609 1136
p 2 3 835 82 10303 1203
p 2 2 828 90 8274 1146
p 2 1 831 88 4673 1124
p 2 1 837 82 5433 1086
p 2 2 822 96 5802 1088
p 2 1 830 89 11378 1247
p 2 0 820 100 12267 1153
p 2 0 797 123 11323 1130
p 2 1 802 117 7156 1057
p 2 0 776 144 10935 1101
p 2 2 783 135 13043 1164
p 2 0 744 176 7132 999
p 2 1 503 416 3078 667
p 2 0 322 598 1610 458
p 2 4 248 668 2393 427
p 2 0 244 676 629 371
p 2 1 205 714 2882 378
p 2 0 151 769 456 282
p 2 2 159 759 2090 328
p 2 2 174 744 1655 328
p 2 2 183 735 1980 350
p 2 0 167 753 481 292
p 2 2 156 762 3103 340
p 2 0 104 816 384 236
p 2 0 121 799 2107 282
p 2 2 102 816 2070 267
p 2 1 112 807 1750 273
p 2 0 100 820 398 232
p 2 0 120 800 2841 290
i 2 920 0 0 28689 3625
p 2 0 464 456 2325 613
p 2 0 492 428 3008 644
p 2 0 377 543 3028 523
p 2 0 399 521 3208 551
p 2 0 354 566 3125 511
p 2 0 343 577 3190 506
p 2 0 321 599 3217 487
p 2 0 321 599 3098 492
p 2 0 322 598 3351 491
p 2 0 324 596 3114 481
p 2 0 306 614 3210 472
p 2 0 329 591 3191 500
p 2 0 316 604 3123 485
p 2 0 339 581 3209 506
p 2 0 322 598 3223 488
p 2 0 320 600 3216 491
p 2 0 342 578 3034 497
p 2 0 317 603 3313 484
p 2 0 323 597 3114 493
p 2 0 330 590 3119 498
p 2 0 666 254 10076 981
p 2 0 485 435 3504 650
p 2 0 479 441 3460 637
p 2 0 635 285 9851 948
p 2 0 535 385 3650 693
p 2 0 412 508 3316 572
p 2 0 648 272 9705 972
p 2 0 526 394 3703 685
p 2 0 472 448 3470 628
p 2 0 642 278 10694 980
p 2 0 515 405 3768 692
p 2 0 426 494 3323 586
p 2 192 469 259 22969 1977
p 2 0 493 427 4712 708
p 2 0 441 479 5218 666
p 2 0 410 510 5221 637
p 2 0 386 534 5146 615
p 2 0 396 524 4955 619
p 2 0 398 522 5096 627
p 2 0 404 516 4897 631
p 2 0 416 504 4845 643
p 2 0 388 532 4974 620
p 2 0 427 493 4883 650
p 2 0 378 542 4912 615
p 2 0 380 540 5069 614
p 2 0 383 537 4942 604
p 2 0 388 532 4878 617
p 2 0 400 520 5034 625
p 2 0 402 518 4717 624
p 2 0 366 554 4539 596
p 2 0 394 526 4664 624
p 2 0 378 542 4478 604
p 2 0 380 540 4445 608
p 2 0 367 553 4566 602
p 2 0 406 514 4542 632
p 2 0 374 546 4565 601
p 2 0 383 537 4892 608
p 2 0 383 537 4572 605
p 2 0 380 540 4482 600
p 2 207 559 154 34809 2412
p 2 0 631 289 5805 813
p 2 0 503 417 7301 709
p 2 1 699 220 13691 1141
p 2 0 605 315 7142 815
p 2 0 504 416 7149 701
p 2 26 725 169 17936 1452
p 2 0 615 305 7402 827
p 2 11 751 158 18933 1483
p 2 0 645 275 7079 862
p 2 5 764 151 17460 1345
p 2 0 665 255 6971 891
p 2 17 756 147 20075 1475
p 2 0 695 225 7088 919
p 2 12 788 120 20833 1497
p 2 0 673 247 6861 899
p 2 19 764 137 21392 1534
p 2 0 675 245 7366 898
p 2 63 740 117 25749 1859
p 2 0 659 261 6697 926
p 2 21 778 121 23148 1611
p 2 0 675 245 6991 915
p 2 25 777 118 22157 1627
p 2 0 676 244 6421 892
p 2 13 794 113 23318 1663
p 2 0 675 245 6192 896
p 2 13 801 106 23644 1654
p 2 0 655 265 5711 905
p 2 0 487 433 5543 666
p 2 0 459 461 5286 639
p 2 0 461 459 5535 650
p 2 8 413 499 9742 781
p 2 6 435 479 10362 825
p 2 12 390 518 10616 832
p 2 13 416 491 10338 868
p 2 17 407 496 10382 894
p 2 19 392 509 10407 898
p 2 28 358 534 9245 880
p 2 31 395 494 9184 942
p 2 41 342 537 8813 930
p 2 38 354 528 7935 926
p 2 50 320 550 7727 940
p 2 49 344 527 6449 950
p 2 69 317 534 6158 995
p 2 60 334 526 5364 1001
p 2 68 317 535 4668 1022
p 2 62 341 517 3543 1017
p 2 58 335 527 2574 979
p 2 0 366 554 1308 685
p 2 0 291 629 694 497
p 2 0 325 595 650 463
p 2 0 192 728 366 328
p 2 0 183 737 349 320
p 2 0 234 686 499 359
i 2 920 0 0 7849 3171
p 2 0 725 195 4045 1113
p 2 0 750 170 4113 1117
p 2 0 735 185 4466 1124
p 2 3 719 198 5622 1320
p 2 9 733 178 5942 1370
p 2 28 707 185 8131 1519
p 2 13 697 210 7370 1380
p 2 10 716 194 8058 1361
p 2 56 657 207 12126 1670
p 2 13 697 210 9707 1439
p 2 13 664 243 10134 1393
p 2 97 587 236 17488 1909
p 2 21 633 266 11494 1468
p 2 26 628 266 11132 1419
p 2 45 602 273 15430 1575
p 2 0 626 294 6478 1026
p 2 0 613 307 6379 973
p 2 11 609 300 14295 1365
p 2 1 597 322 6033 979
p 2 0 604 316 6048 933
p 2 3 586 331 9767 1073
p 2 0 589 331 5838 926
p 2 0 569 351 5875 877
p 2 0 580 340 7441 975
p 2 0 560 360 5777 873
p 2 0 571 349 5630 877
p 2 0 556 364 7094 917
p 2 0 559 361 5167 847
p 2 0 540 380 5322 816
p 2 3 546 371 7842 966
p 2 0 517 403 4989 797
p 2 0 542 378 5310 816
i 2 920 0 0 21636 3404
p 2 97 568 255 6113 1200
p 2 108 609 203 8236 1390
p 2 224 575 121 12311 1984
p 2 170 634 116 12071 1782
p 2 178 616 126 13583 1839
p 2 276 544 100 21362 2471
p 2 171 634 115 17608 2009
p 2 164 652 104 18698 1999
p 2 292 519 109 26761 2730
p 2 143 677 100 19232 2063
p 2 130 680 110 19084 2043
p 2 183 642 95 29120 2514
p 2 0 663 257 5356 926
p 2 0 533 387 4467 759
p 2 25 769 126 27251 1898
p 2 0 667 253 4775 933
p 2 0 561 359 4430 845
p 2 18 766 136 19961 1567
p 2 0 629 291 4917 898
p 2 0 486 434 4121 724
p 2 5 754 161 19285 1515
p 2 0 652 268 4682 904
p 2 0 454 466 4272 689
p 2 0 453 467 5030 684
p 2 0 361 559 4217 597
p 2 0 392 528 3998 608
p 2 0 427 493 4683 648
p 2 0 401 519 4246 606
p 2 0 360 560 3989 578
p 2 0 422 498 4620 634
p 2 0 360 560 4069 578
p 2 0 369 551 3928 576
p 2 0 376 544 4568 597
p 2 0 344 576 3857 550
p 2 0 310 610 3691 528
p 2 0 357 563 4523 575
p 2 0 335 585 3815 548
p 2 0 322 598 3580 526
p 2 0 307 613 3743 518
p 2 0 327 593 3603 531
p 2 0 294 626 3629 503
p 2 0 313 607 3735 515
p 2 0 278 642 3718 490
p 2 0 308 612 3801 520
p 2 0 286 634 3842 506
p 2 0 295 625 3768 521
p 2 0 303 617 3915 520
p 2 0 303 617 3565 528
p 2 0 288 632 3594 502
p 2 0 297 623 3554 509
p 2 0 290 630 3753 492
p 2 0 277 643 3444 475
p 2 0 252 668 3574 457
i 2 920 0 0 32003 3993
p 2 470 450 0 30264 3349
p 2 438 482 0 32892 3384
p 2 434 486 0 33690 3403
p 2 390 530 0 33599 3425
p 2 402 518 0 32089 3326
p 2 0 889 31 6611 1128
p 2 0 885 35 6854 1038
p 2 0 886 34 7275 1067
p 2 0 887 33 7123 1066
p 2 0 879 41 7441 1087
p 2 0 896 24 7539 1095
p 2 0 882 38 7191 1075
p 2 0 887 33 7390 1086
p 2 0 888 32 7670 1116
p 2 0 890 30 7300 1094
p 2 0 886 34 7475 1099
p 2 0 885 35 7312 1088
p 2 0 881 39 7293 1091
p 2 0 888 32 7412 1104
p 2 0 883 37 7350 1113
p 2 0 888 32 7461 1110
p 2 0 882 38 7324 1094
p 2 0 888 32 7229 1086
p 2 0 893 27 7486 1102
p 2 0 888 32 7243 1095
p 2 0 886 34 7360 1099
p 2 0 888 32 7217 1102
p 2 0 893 27 7299 1115
p 2 0 887 33 7214 1099
p 2 0 892 28 7269 1104
p 2 0 879 41 7222 1102
p 2 0 891 29 7279 1109
p 2 0 877 43 7102 1078
p 2 0 887 33 7208 1111
p 2 0 879 41 7201 1093
p 2 0 863 57 7133 1085
p 2 0 855 65 7227 1066
p 2 0 876 44 7178 1073
p 2 0 838 82 7002 1043
p 2 0 885 35 7100 1093
p 2 0 869 51 7167 1053
p 2 0 861 59 7188 1071
p 2 0 859 61 7264 1060
p 2 0 864 56 7004 1062
p 2 0 874 46 7053 1058
p 2 0 879 41 7135 1075
p 2 0 867 53 7097 1063
p 2 0 886 34 7159 1101
p 2 0 881 39 7065 1067
p 2 0 856 64 7073 1072
p 2 0 884 36 6978 1069
p 2 0 862 58 7034 1048
p 2 0 873 47 7051 1069
p 2 0 875 45 7132 1078
p 2 0 884 36 6984 1068
p 2 0 882 38 7006 1083
p 2 0 881 39 7078 1066
p 2 0 883 37 7011 1073
p 2 0 883 37 7016 1071
p 2 0 870 50 7171 1069
p 2 0 877 43 6902 1076
p 2 0 846 74 6869 1040
p 2 0 885 35 6968 1068
p 2 0 873 47 6838 1071
p 2 0 872 48 6990 1064
p 2 0 861 59 6946 1062
p 2 0 871 49 6903 1063
p 2 0 853 67 6918 1045
p 2 0 873 47 6993 1059
p 2 0 871 49 6867 1051
p 2 0 880 40 6960 1073
p 2 0 871 49 7076 1069
p 2 0 876 44 6809 1061
p 2 0 849 71 6908 1040
p 2 0 881 39 6975 1069
p 2 0 871 49 6971 1063
p 2 0 862 58 7011 1071
p 2 0 837 83 6874 1034
p 2 0 871 49 6780 1064
p 2 0 878 42 7079 1055
p 2 0 880 40 6833 1064
p 2 0 861 59 6989 1038
p 2 0 880 40 6973 1057
p 2 0 873 47 6848 1058
p 2 0 883 37 7021 1066
p 2 0 865 55 6787 1054
p 2 0 863 57 7045 1065
p 2 0 840 80 6950 1033
p 2 0 873 47 6824 1063
p 2 0 877 43 6859 1040
p 2 0 863 57 6767 1066
p 2 0 870 50 6892 1060
p 2 0 846 74 6924 1027
p 2 0 849 71 6822 1024
p 2 0 883 37 6897 1064
p 2 0 864 56 6988 1051
p 2 0 860 60 6821 1055
p 2 0 883 37 6797 1049
p 2 0 847 73 6955 1048
p 2 0 868 52 6825 1039
p 2 0 871 49 6900 1049
p 2 0 869 51 6928 1040
p 2 0 866 54 6823 1053
p 2 0 870 50 7036 1050
p 2 0 869 51 6803 1056
p 2 0 870 50 6814 1051
p 2 0 877 43 6912 1056
p 2 0 845 75 6797 1026
p 2 0 882 38 6861 1057
p 2 0 857 63 6956 1049
p 2 0 889 31 6700 1062
p 2 0 842 78 6790 1023
p 2 0 868 52 6904 1061
p 2 0 852 68 6742 1036
p 2 0 867 53 6940 1063
p 2 0 846 74 6740 1037
p 2 0 884 36 6773 1070
p 2 0 854 66 6813 1030
p 2 0 862 58 6940 1061
p 2 0 881 39 6854 1055
p 2 0 877 43 7044 1068
p 2 0 849 71 6626 1029
p 2 0 888 32 6865 1064
p 2 0 867 53 6840 1047
p 2 0 883 37 6801 1065
p 2 0 879 41 6805 1057
p 2 0 870 50 6963 1068
p 2 0 876 44 6645 1048
p 2 0 888 32 6826 1072
p 2 0 874 46 6671 1038
p 2 0 877 43 6624 1061
p 2 0 870 50 6822 1047
p 2 0 868 52 6877 1071
p 2 0 855 65 6672 1038
p 2 0 880 40 6806 1060
p 2 0 870 50 6817 1042
p 2 0 877 43 6620 1059
p 2 0 871 49 6859 1034
p 2 0 882 38 6660 1067
p 2 0 860 60 6703 1031
p 2 0 877 43 6875 1062
p 2 0 859 61 6606 1037
p 2 0 863 57 6849 1061
p 2 0 859 61 6745 1034
p 2 0 872 48 6705 1061
p 2 0 860 60 6790 1027
p 2 0 871 49 6578 1051
p 2 0 875 45 6788 1045
p 2 0 880 40 6702 1056
p 2 0 860 60 6749 1037
p 2 0 889 31 6782 1070
p 2 0 866 54 6663 1034
p 2 0 884 36 6905 1073
p 2 0 875 45 6877 1055
p 2 0 877 43 6588 1054
p 2 0 862 58 6683 1034
p 2 0 884 36 6749 1065
p 2 0 874 46 6690 1047
p 2 0 879 41 6763 1066
p 2 0 882 38 6801 1053
p 2 0 874 46 6418 1052
p 2 0 887 33 6718 1051
p 2 0 889 31 6783 1064
p 2 0 874 46 6526 1046
p 2 0 878 42 6753 1068
p 2 0 873 47 6707 1054
p 2 0 887 33 6673 1077
p 2 0 867 53 6659 1042
p 2 0 887 33 6758 1080
p 2 0 885 35 6661 1057
p 2 0 892 28 6869 1094
p 2 0 848 72 6558 1026
p 2 0 889 31 6660 1059
p 2 0 876 44 6840 1058
p 2 0 888 32 6662 1076
p 2 0 882 38 6702 1050
p 2 0 877 43 6766 1078
p 2 0 871 49 6562 1053
p 2 0 877 43 6684 1052
p 2 0 891 29 6778 1064
p 2 0 888 32 6756 1086
p 2 0 888 32 6590 1054
p 2 0 881 39 6816 1075
p 2 0 867 53 6535 1040
p 2 0 889 31 6693 1078
p 2 0 881 39 6862 1063
p 2 0 886 34 6607 1070
p 2 0 893 27 6705 1064
i 2 920 0 0 69399 4675
p 2 0 205 715 1210 359
p 2 0 145 775 1288 311
p 2 0 159 761 1650 329
p 2 0 156 764 1561 331
p 2 0 156 764 1257 328
p 2 0 174 746 1319 345
p 2 0 157 763 1444 327
p 2 0 159 761 1144 331
p 2 0 168 752 1296 337
p 2 0 171 749 1511 343
p 2 0 169 751 1206 341
p 2 1 175 744 1330 355
p 2 0 168 752 1382 340
p 2 0 162 758 1320 336
p 2 0 188 732 1319 362
p 2 0 174 746 1246 351
p 2 0 169 751 1295 341
p 2 0 186 734 1289 360
p 2 0 194 726 1224 358
p 2 0 212 708 1506 381
p 2 0 190 730 1319 359
p 2 0 202 718 1293 374
p 2 0 205 715 1537 385
p 2 0 212 708 1561 378
p 2 0 233 687 1454 409
p 2 0 248 672 1469 410
i 2 920 0 0 41005 4115
p 2 0 223 697 412 346
p 2 0 182 738 333 305
p 2 0 106 814 252 236
p 2 0 82 838 219 213
p 2 0 72 848 215 203
p 2 0 46 874 184 179
p 2 0 42 878 181 175
p 2 0 69 851 212 197
p 2 0 58 862 197 187
p 2 0 45 875 183 176
p 2 0 52 868 200 184
p 2 0 38 882 180 171
p 2 0 40 880 178 169
p 2 0 50 870 204 182
p 2 0 28 892 170 164
p 2 0 23 897 163 157
p 2 0 47 873 196 179
p 2 0 32 888 176 166
p 2 0 25 895 169 159
p 2 0 45 875 195 178
p 2 0 31 889 179 168
p 2 0 30 890 177 165
p 2 0 52 868 203 184
p 2 0 28 892 176 164
p 2 0 42 878 191 174
p 2 0 41 879 191 175
p 2 0 41 879 187 173
p 2 0 27 893 168 161
p 2 0 36 884 185 169
p 2 0 29 891 176 164
p 2 0 39 881 185 172
p 2 0 25 895 170 158
p 2 0 26 894 171 161
p 2 0 28 892 167 162
p 2 0 43 877 196 176
p 2 0 32 888 175 165
p 2 0 24 896 167 159
p 2 0 35 885 184 169
p 2 0 34 886 172 166
p 2 0 17 903 161 153
p 2 0 39 881 191 173
p 2 0 18 902 158 152
p 2 0 32 888 174 164
p 2 0 36 884 182 170
p 2 0 25 895 172 159
p 2 0 24 896 175 159
p 2 0 30 890 186 163
p 2 0 49 871 205 181
p 2 0 54 866 214 186
p 2 0 143 777 333 271
p 2 241 679 0 15768 2169
p 2 240 680 0 19813 2277
p 2 246 674 0 19237 2264
p 2 233 687 0 21421 2338
p 2 245 675 0 20561 2324
p 2 236 684 0 22337 2368
p 2 249 671 0 21435 2389
p 2 242 678 0 22444 2457
p 2 251 669 0 21780 2446
p 2 248 672 0 22227 2522
p 2 262 658 0 21563 2543
p 2 261 659 0 21946 2631
p 2 264 656 0 21675 2749
p 2 226 694 0 21686 2815
p 2 234 686 0 20685 2853
p 2 223 697 0 19712 2876
p 2 210 710 0 17741 2831
p 2 180 740 0 16134 2746
p 2 0 750 170 1686 898
p 2 0 612 308 937 693
p 2 0 415 505 582 505
p 2 0 568 352 917 659
p 2 0 512 408 826 600
p 2 0 525 395 863 616
p 2 0 492 428 836 579
p 2 0 424 496 606 501
p 2 0 373 547 549 456
p 2 0 396 524 628 492
p 2 0 321 599 480 404
p 2 0 286 634 466 384
p 2 0 265 655 415 353
p 2 0 257 663 456 360
p 2 0 245 675 410 338
p 2 0 226 694 396 325
p 2 0 168 752 326 276
p 2 0 164 756 375 286
p 2 0 190 730 343 295
p 2 0 190 730 358 297
p 2 0 229 691 397 324
p 2 0 281 639 445 365
p 2 0 137 783 296 251
p 2 0 120 800 325 249
p 2 0 192 728 348 293
p 2 0 91 829 260 219
p 2 0 162 758 338 272
p 2 0 120 800 307 248
p 2 0 67 853 226 195
p 2 0 88 832 260 217
p 2 0 102 818 251 225
p 2 0 68 852 218 197
p 2 0 141 779 302 253
p 2 0 92 828 264 221
p 2 0 80 840 250 206
p 2 0 146 774 311 255
p 2 0 152 768 1960 305
p 2 0 143 777 370 263
p 2 0 240 680 2214 360
p 2 0 105 815 353 239
p 2 0 237 683 2220 356
p 2 0 159 761 458 284
p 2 0 241 679 1785 355
p 2 0 134 786 1629 285
p 2 0 155 765 413 274
p 2 0 64 856 229 193
p 2 0 178 742 335 284
p 2 0 128 792 278 246
p 2 0 175 745 291 263
p 2 0 121 799 251 231
p 2 0 103 817 241 217
p 2 0 91 829 240 211
p 2 0 161 759 305 266
p 2 0 76 844 217 198
p 2 0 94 826 242 213
p 2 0 212 708 348 310
i 2 920 0 0 12525 3120
p 2 0 667 253 782 700
p 2 0 546 374 628 609
p 2 89 592 239 6577 1240
p 2 0 531 389 784 622
p 2 133 564 223 11562 1534
p 2 0 467 453 776 578
p 2 84 586 250 13360 1429
p 2 42 526 352 12282 1203
p 2 37 616 267 11954 1256
p 2 0 491 429 880 602
p 2 0 480 440 671 555
p 2 0 433 487 4321 622
p 2 0 448 472 3823 616
p 2 0 427 493 3924 597
p 2 0 420 500 988 516
p 2 0 350 570 3794 527
p 2 0 364 556 733 456
p 2 0 312 608 3761 503
p 2 0 363 557 897 464
p 2 0 330 590 3737 507
p 2 0 415 505 3808 564
p 2 0 355 565 3825 519
p 2 0 396 524 3854 556
p 2 0 343 577 3715 500
p 2 0 439 481 3869 569
p 2 0 244 676 799 366
p 2 0 308 612 3820 488
p 2 0 135 785 549 270
p 2 0 342 578 3724 505
p 2 0 434 486 3863 576
p 2 0 393 527 3825 545
p 2 0 233 687 628 342
p 2 0 312 608 3769 487
p 2 0 300 620 3759 470
p 2 0 209 711 632 328
p 2 0 318 602 3744 480
p 2 0 165 755 564 287
p 2 0 104 816 341 236
p 2 0 214 706 379 310
p 2 0 83 837 260 211
p 2 0 148 772 311 260
p 2 0 106 814 278 232
p 2 0 172 748 400 295
i 2 920 0 0 18504 3369
p 2 0 564 356 755 650
p 2 0 481 439 587 553
p 2 0 353 567 2861 488
p 2 0 379 541 553 464
p 2 0 213 707 347 316
p 2 1 299 620 2468 428
p 2 0 180 740 401 299
p 2 0 167 753 324 277
p 2 0 175 745 2863 341
p 2 0 206 714 425 314
p 2 0 97 823 259 221
p 2 1 142 777 3515 344
p 2 0 162 758 391 280
p 2 0 128 792 325 253
p 2 2 154 764 3664 368
p 2 0 137 783 390 264
p 2 0 134 786 311 256
p 2 0 121 799 3005 319
p 2 0 144 776 375 266
p 2 0 163 757 330 272
p 2 0 146 774 3075 347
p 2 0 146 774 394 268
p 2 0 112 808 306 238
p 2 0 179 741 2679 358
p 2 0 85 835 350 221
p 2 0 127 793 288 243
p 2 0 140 780 2514 321
p 2 0 139 781 392 264
p 2 0 88 832 279 217
p 2 0 158 762 3156 350
p 2 0 74 846 340 217
p 2 0 100 820 281 223
p 2 0 108 812 243 221
p 2 0 83 837 234 207
p 2 0 110 810 248 222
p 2 0 106 814 242 224
p 2 0 34 886 177 165
p 2 0 49 871 213 183
p 2 0 45 875 200 179
p 2 0 54 866 193 182
p 2 0 79 841 221 201
p 2 0 66 854 206 192
p 2 0 33 887 178 167
p 2 0 70 850 216 197
p 2 0 45 875 185 179
p 2 0 51 869 186 178
p 2 0 85 835 226 205
p 2 0 95 825 220 209
p 2 0 34 886 172 165
p 2 0 50 870 202 182
p 2 0 75 845 215 201
p 2 0 30 890 175 164
p 2 0 51 869 211 183
p 2 0 49 871 198 181
p 2 0 54 866 191 181
p 2 0 68 852 213 194
p 2 0 87 833 219 206
p 2 0 61 859 198 189
p 2 0 104 816 266 227
p 2 0 186 734 343 299
p 2 14 888 18 8262 1708
p 2 18 898 4 10466 1876
p 2 14 904 2 11653 1967
p 2 17 903 0 13456 2052
p 2 23 897 0 13994 2117
p 2 31 889 0 14720 2213
p 2 22 898 0 14987 2213
p 2 25 895 0 15056 2251
p 2 27 893 0 14976 2282
p 2 35 885 0 14599 2318
p 2 39 881 0 14364 2336
p 2 34 886 0 13979 2313
p 2 1 917 2 7788 1677
p 2 0 920 0 6572 1511
p 2 0 917 3 5516 1384
p 2 1 916 3 5602 1370
p 2 0 918 2 6540 1385
p 2 0 919 1 5209 1347
p 2 0 919 1 4649 1300
p 2 0 920 0 6043 1358
p 2 0 920 0 6838 1370
p 2 1 919 0 6398 1372
p 2 0 919 1 6431 1359
p 2 0 919 1 5109 1283
p 2 0 919 1 4322 1222
p 2 0 918 2 5176 1240
p 2 0 920 0 5751 1252
p 2 0 919 1 6212 1292
p 2 8 912 0 5636 1237
p 2 16 904 0 5486 1236
p 2 1 919 0 6247 1278
p 2 0 920 0 5999 1230
p 2 0 920 0 6635 1290
p 2 0 920 0 6074 1329
p 2 1 916 3 5861 1267
p 2 0 920 0 5785 1240
p 2 0 920 0 5246 1263
p 2 0 920 0 5440 1231
p 2 0 919 1 5775 1247
p 2 0 920 0 5389 1202
p 2 0 920 0 5630 1228
p 2 0 920 0 5648 1208
p 2 0 919 1 5516 1206
p 2 1 918 1 5734 1187
p 2 1 917 2 5653 1245
p 2 0 918 2 5957 1209
p 2 2 918 0 5667 1214
p 2 0 920 0 5844 1204
p 2 0 918 2 6130 1242
p 2 0 920 0 6747 1284
p 2 1 918 1 6618 1292
p 2 0 919 1 6624 1265
p 2 1 919 0 7065 1340
p 2 1 917 2 6926 1346
p 2 0 919 1 6669 1319
p 2 1 919 0 6996 1365
p 2 1 919 0 7093 1369
p 2 1 919 0 7168 1391
p 2 0 919 1 6593 1366
p 2 2 918 0 7199 1346
p 2 0 920 0 7339 1367
p 2 0 919 1 7344 1366
p 2 1 919 0 7411 1372
p 2 1 919 0 7640 1389
p 2 1 919 0 7065 1411
p 2 0 920 0 7657 1316
p 2 1 919 0 5694 1308
p 2 2 918 0 6413 1319
p 2 0 920 0 6635 1315
p 2 2 918 0 7184 1301
p 2 2 918 0 6802 1298
p 2 3 917 0 7049 1328
p 2 2 918 0 6829 1304
p 2 1 919 0 6161 1281
p 2 4 916 0 5462 1214
p 2 2 918 0 5375 1249
p 2 1 919 0 5338 1201
p 2 3 917 0 6127 1227
p 2 2 918 0 5708 1205
p 2 4 916 0 5762 1189
p 2 9 911 0 5704 1175
p 2 8 912 0 8572 1326
p 2 10 910 0 7292 1227
p 2 10 910 0 7784 1297
p 2 5 915 0 7310 1246
p 2 3 917 0 7885 1281
p 2 2 918 0 8802 1310
p 2 5 915 0 9255 1318
p 2 6 914 0 10380 1298
p 2 12 908 0 14394 1437
p 2 13 907 0 9690 1324
p 2 5 915 0 9503 1311
p 2 9 911 0 9990 1354
p 2 8 912 0 10962 1375
p 2 1 919 0 11570 1326
p 2 5 915 0 11855 1356
p 2 6 914 0 12282 1357
p 2 3 917 0 14568 1443
p 2 4 916 0 10473 1356
p 2 10 910 0 11095 1386
p 2 6 914 0 13326 1377
p 2 7 913 0 14201 1440
p 2 8 912 0 13960 1426
p 2 2 918 0 13839 1370
p 2 4 916 0 14170 1364
p 2 3 917 0 16274 1401
p 2 3 917 0 10715 1327
p 2 1 919 0 12545 1364
p 2 4 916 0 13964 1346
p 2 6 914 0 14341 1424
i 2 920 0 0 34120 3971
p 2 97 557 266 13475 1786
p 2 337 583 0 44298 3534
p 2 24 728 168 13984 1879
p 2 57 863 0 31412 2651
p 2 10 862 48 14691 1938
p 2 117 801 2 35404 2775
p 2 33 801 86 13544 1939
p 2 92 828 0 38450 2786
p 2 24 832 64 14346 1920
p 2 105 811 4 38025 2859
p 2 29 790 101 12875 1778
p 2 396 524 0 49170 3740
p 2 38 694 188 12568 1590
p 2 57 840 23 32802 2334
p 2 29 780 111 12982 1691
p 2 45 849 26 30780 2262
p 2 35 748 137 11412 1625
p 2 70 825 25 34817 2447
p 2 42 770 108 12720 1728
p 2 49 857 14 35770 2444
p 2 36 754 130 12453 1720
p 2 84 831 5 40228 2664
p 2 17 776 127 12173 1703
p 2 126 793 1 48475 2940
p 2 33 873 14 26684 2218
p 2 57 857 6 33904 2403
p 2 43 870 7 27998 2255
p 2 42 873 5 24758 2196
p 2 27 882 11 29511 2212
p 2 39 864 17 25463 2215
p 2 27 885 8 28230 2164
p 2 26 888 6 30764 2303
p 2 25 890 5 29163 2245
p 2 54 862 4 30032 2369
p 2 36 868 16 28861 2228
p 2 32 886 2 24859 2211
p 2 46 861 13 28627 2301
p 2 47 857 16 29925 2332
p 2 40 874 6 28470 2294
p 2 24 893 3 26603 2200
p 2 36 871 13 27220 2275
p 2 30 882 8 29100 2236
p 2 41 873 6 26564 2244
p 2 36 871 13 28060 2259
p 2 35 878 7 29911 2318
p 2 34 876 10 23913 2191
p 2 32 883 5 27202 2252
p 2 37 873 10 27195 2215
p 2 32 873 15 27314 2214
p 2 48 865 7 28756 2307
p 2 42 868 10 26789 2228
p 2 42 866 12 29845 2323
p 2 52 865 3 29238 2284
p 2 25 883 12 28910 2252
p 2 55 853 12 27679 2231
p 2 28 887 5 25033 2153
p 2 31 876 13 28963 2243
p 2 39 875 6 31262 2328
p 2 34 873 13 32154 2329
p 2 44 868 8 26668 2205
p 2 35 872 13 29338 2246
p 2 37 872 11 29213 2292
p 2 38 865 17 25877 2214
p 2 41 866 13 29127 2294
p 2 48 860 12 25676 2229
p 2 52 855 13 28969 2280
p 2 15 897 8 29920 2208
p 2 65 847 8 29821 2370
i 2 920 0 0 54015 4615
p 2 1 701 218 7112 945
p 2 2 693 225 13123 1038
p 2 1 694 225 11264 1022
p 2 3 691 226 12960 1080
p 2 3 699 218 12123 1063
p 2 2 686 232 13398 1076
p 2 8 698 214 13122 1137
p 2 13 708 199 13790 1173
p 2 12 689 219 14002 1170
p 2 5 697 218 13130 1110
p 2 0 689 231 10583 1010
p 2 9 682 229 14891 1174
p 2 0 691 229 9781 1011
p 2 3 690 227 14041 1084
p 2 0 692 228 11375 1048
p 2 12 664 244 12894 1083
p 2 1 667 252 10201 982
p 2 11 689 220 14462 1162
p 2 0 689 231 9525 997
p 2 10 675 235 15023 1141
p 2 3 680 237 11171 1037
p 2 5 711 204 15007 1155
p 2 1 709 210 11522 1056
p 2 2 688 230 13715 1080
p 2 0 699 221 11401 1041
p 2 5 703 212 15737 1147
p 2 0 688 232 10619 1009
p 2 4 693 223 14921 1130
p 2 1 732 187 12777 1112
p 2 6 723 191 13054 1136
p 2 0 709 211 11096 1034
p 2 12 725 183 15022 1190
p 2 0 713 207 11061 1061
p 2 4 718 198 13832 1144
p 2 5 739 176 13069 1144
p 2 7 696 217 13802 1124
p 2 0 722 198 11942 1069
p 2 2 750 168 15295 1162
p 2 0 708 212 10886 1036
p 2 12 682 226 12518 1090
p 2 0 699 221 11692 1024
p 2 12 700 208 13204 1136
p 2 0 693 227 9272 976
p 2 9 662 249 14145 1100
p 2 3 654 263 11560 1018
p 2 5 686 229 13758 1101
p 2 0 670 250 10268 980
p 2 2 663 255 14243 1069
p 2 0 650 270 10056 967
p 2 5 674 241 14743 1106
p 2 0 652 268 10640 980
p 2 3 646 271 13022 1036
p 2 0 648 272 9736 941
p 2 5 652 263 12775 1066
p 2 0 650 270 9372 952
p 2 13 624 283 13171 1066
p 2 0 621 299 10809 952
p 2 5 645 270 12330 1063
p 2 2 618 300 9928 951
p 2 7 623 290 13722 1040
p 2 0 634 286 10597 950
p 2 2 620 298 13764 1016
p 2 0 622 298 9696 928
p 2 12 624 284 12967 1037
p 2 0 615 305 9055 908
p 2 13 586 321 10001 969
p 2 0 550 370 6544 802
p 2 9 552 359 9958 924
p 2 3 522 395 7425 808
p 2 5 562 353 10459 915
i 2 920 0 0 20280 3334
p 2 0 786 134 4617 906
p 2 0 779 141 5680 895
p 2 0 773 147 5826 899
p 2 0 766 154 5738 898
p 2 0 785 135 5920 927
p 2 0 794 126 6041 894
p 2 0 793 127 5769 913
p 2 0 757 163 6016 900
p 2 0 796 124 6141 935
p 2 0 778 142 6001 929
p 2 0 766 154 6191 930
p 2 0 788 132 6072 919
p 2 0 789 131 5892 912
p 2 0 794 126 6189 944
p 2 0 775 145 6075 926
p 2 0 793 127 6096 927
p 2 0 786 134 6233 934
p 2 0 778 142 6261 918
p 2 0 814 106 6094 938
p 2 0 779 141 6222 923
p 2 0 831 89 6489 952
p 2 0 772 148 6198 916
p 2 0 795 125 6505 943
p 2 0 777 143 6448 929
p 2 0 808 112 6552 954
p 2 0 768 152 6354 936
p 2 0 806 114 6473 960
p 2 0 807 113 6360 962
p 2 0 794 126 6532 956
p 2 0 796 124 6359 953
p 2 0 803 117 6361 953
p 2 0 781 139 6345 938
p 2 0 803 117 6475 958
p 2 0 782 138 6383 942
p 2 0 827 93 6532 978
p 2 0 794 126 6419 938
p 2 0 822 98 6414 962
p 2 0 783 137 6398 947
p 2 0 833 87 6657 979
p 2 0 797 123 6448 944
p 2 0 813 107 6640 968
p 2 0 796 124 6359 948
p 2 0 831 89 6603 981
p 2 0 788 132 6377 938
p 2 0 828 92 6488 986
p 2 0 786 134 6527 956
p 2 0 823 97 6571 976
p 2 0 783 137 6444 943
p 2 0 824 96 6859 1003
p 2 0 774 146 6580 956
p 2 0 820 100 6630 984
p 2 0 793 127 6632 970
p 2 0 834 86 6969 993
p 2 0 813 107 6653 978
p 2 0 835 85 6836 1000
p 2 0 809 111 6692 959
p 2 0 828 92 6838 1012
p 2 0 815 105 6802 975
p 2 0 818 102 6824 988
p 2 0 781 139 6758 951
p 2 0 848 72 6862 1003
p 2 0 802 118 6732 968
p 2 0 830 90 6758 989
p 2 0 800 120 6638 960
p 2 0 828 92 6855 998
p 2 0 814 106 6712 969
p 2 0 829 91 6698 976
p 2 0 803 117 6728 978
p 2 0 832 88 6693 987
p 2 0 822 98 6787 979
p 2 0 846 74 6760 1002
p 2 0 801 119 6905 968
p 2 0 848 72 6823 1004
i 2 920 0 0 21757 3403
p 2 0 499 421 682 582
p 2 0 438 482 536 512
p 2 120 340 460 16800 1428
p 2 0 377 543 769 482
p 2 0 165 755 390 294
p 2 154 351 415 18661 1607
p 2 0 203 717 593 348
p 2 0 229 691 414 341
p 2 151 265 504 20543 1618
p 2 0 343 577 733 454
p 2 0 144 776 350 276
p 2 17 405 498 14678 1043
p 2 0 279 641 843 420
p 2 0 213 707 438 331
p 2 2 393 525 12516 893
p 2 0 324 596 928 461
p 2 0 213 707 566 342
p 2 13 407 500 15612 1031
p 2 0 269 651 919 413
p 2 0 223 697 561 346
p 2 11 163 746 2636 389
p 2 0 155 765 429 283
p 2 0 125 795 353 252
p 2 9 199 712 2912 417
p 2 0 151 769 447 280
p 2 0 184 736 481 304
p 2 9 140 771 3843 406
p 2 0 133 787 396 261
p 2 0 84 836 273 214
p 2 0 75 845 269 207
p 2 0 85 835 293 216
p 2 0 58 862 245 190
p 2 0 118 802 341 246
p 2 0 68 852 242 198
p 2 0 61 859 239 191
p 2 0 80 840 264 209
p 2 0 61 859 228 192
p 2 0 59 861 234 189
p 2 0 75 845 275 207
p 2 0 42 878 207 175
p 2 0 41 879 206 176
p 2 0 96 824 306 223
p 2 0 63 857 243 195
p 2 0 49 871 217 179
p 2 0 70 850 260 201
p 2 0 45 875 204 175
p 2 0 40 880 201 174
p 2 0 89 831 271 214
p 2 0 48 872 225 182
p 2 0 67 853 267 199
p 2 0 108 812 319 235
i 2 920 0 0 26052 3699
p 2 0 261 659 453 385
p 2 0 238 682 384 359
p 2 0 138 782 284 266
p 2 0 184 736 323 305
p 2 0 100 820 227 224
p 2 0 89 831 224 218
p 2 0 82 838 211 206
p 2 0 113 807 240 234
p 2 0 86 834 217 209
p 2 1 128 791 2554 293
p 2 0 69 851 257 200
p 2 0 76 844 247 210
p 2 0 68 852 212 197
p 2 0 62 858 209 193
p 2 0 51 869 196 181
p 2 0 53 867 195 185
p 2 0 53 867 193 185
p 2 0 34 886 174 168
p 2 0 58 862 197 187
p 2 0 72 848 211 198
p 2 0 34 886 173 168
p 2 0 33 887 180 166
p 2 0 45 875 184 178
p 2 0 34 886 175 169
p 2 0 68 852 224 200
i 2 920 0 0 25042 3617
p 2 0 817 103 5431 1040
p 2 0 851 69 6586 1085
p 2 0 785 135 6485 1020
p 2 0 833 87 7095 1115
p 2 0 797 123 6661 1031
p 2 0 781 139 6772 1056
p 2 0 796 124 6725 1021
p 2 0 819 101 6998 1086
p 2 0 754 166 6819 1006
p 2 0 803 117 6788 1070
p 2 0 774 146 6997 1046
p 2 45 819 56 25636 2049
p 2 0 819 101 6749 1166
p 2 3 857 60 18248 1698
p 2 6 836 78 19137 1737
p 2 0 830 90 6856 1140
p 2 0 813 107 11799 1245
p 2 0 837 83 6960 1115
p 2 0 799 121 11367 1201
p 2 0 852 68 7222 1124
p 2 0 785 135 11363 1168
p 2 0 851 69 7026 1122
p 2 0 785 135 11623 1169
p 2 0 825 95 6862 1083
p 2 0 733 187 7340 1012
p 2 6 829 85 17158 1593
p 2 0 776 144 7038 1067
p 2 0 843 77 7476 1115
p 2 1 843 76 15853 1509
p 2 0 832 88 7026 1118
p 2 0 784 136 7586 1071
p 2 4 849 67 16429 1594
p 2 0 849 71 6809 1147
p 2 0 813 107 7045 1080
p 2 0 842 78 17619 1615
p 2 0 767 153 6876 1061
p 2 0 789 131 7245 1067
p 2 0 808 112 7223 1080
p 2 0 805 115 7518 1084
p 2 0 789 131 7506 1082
p 2 0 743 177 7385 1046
p 2 0 829 91 7371 1114
p 2 0 799 121 7651 1093
p 2 0 794 126 7448 1093
p 2 0 771 149 7329 1056
p 2 0 790 130 7174 1077
p 2 0 689 231 7486 1011
p 2 0 791 129 7525 1081
p 2 0 800 120 7325 1076
p 2 0 793 127 7501 1080
p 2 0 741 179 7706 1046
p 2 0 759 161 7501 1057
p 2 0 725 195 7227 1021
p 2 0 804 116 7427 1090
p 2 0 835 85 7619 1107
p 2 0 818 102 7538 1103
p 2 0 719 201 7358 1013
p 2 0 815 105 7451 1105
p 2 0 751 169 7440 1020
p 2 0 747 173 7229 1029
p 2 0 803 117 7220 1060
p 2 0 774 146 7414 1080
p 2 0 809 111 7562 1071
p 2 0 766 154 7324 1035
p 2 0 808 112 7315 1053
p 2 0 778 142 7579 1061
p 2 0 714 206 7507 1009
p 2 0 729 191 7268 1003
p 2 0 777 143 7256 1038
p 2 0 795 125 7620 1083
p 2 0 805 115 7523 1061
p 2 0 787 133 7305 1061
p 2 0 784 136 7294 1039
p 2 0 780 140 7669 1078
i 2 920 0 0 49029 3934
p 2 0 907 13 19442 1317
p 2 13 897 10 27113 1458
p 2 2 897 21 20982 1293
p 2 11 897 12 29126 1487
p 2 9 901 10 21644 1343
p 2 13 888 19 24517 1400
p 2 0 916 4 21060 1294
p 2 14 897 9 24891 1407
p 2 11 898 11 21980 1363
p 2 14 900 6 27588 1504
p 2 0 909 11 21877 1319
p 2 10 888 22 26196 1470
p 2 0 908 12 21902 1318
p 2 5 900 15 24736 1401
p 2 1 909 10 21893 1341
p 2 2 911 7 24079 1403
p 2 0 908 12 21597 1356
i 2 920 0 0 40036 3966
p 2 0 901 19 13332 1316
p 2 14 899 7 27636 1738
p 2 0 899 21 14385 1316
p 2 13 900 7 26851 1717
p 2 1 906 13 14182 1376
p 2 25 887 8 31612 1960
p 2 0 911 9 15006 1442
p 2 49 863 8 33129 2090
p 2 1 910 9 14525 1372
p 2 27 887 6 28577 1912
p 2 0 917 3 14140 1409
p 2 21 899 0 27307 1869
p 2 0 914 6 13847 1401
p 2 47 870 3 28495 1946
p 2 0 912 8 13673 1438
p 2 22 897 1 23707 1709
p 2 2 906 12 14293 1403
i 2 920 0 0 61173 4636
p 2 0 895 25 15473 1279
p 2 4 910 6 21400 1408
p 2 0 903 17 18738 1377
p 2 0 910 10 22026 1432
p 2 0 908 12 18978 1395
p 2 1 907 12 21809 1438
p 2 0 908 12 19680 1412
p 2 0 908 12 21550 1444
p 2 0 908 12 19939 1423
p 2 1 910 9 21331 1446
p 2 0 900 20 20049 1423
p 2 1 909 10 22464 1462
p 2 0 909 11 20221 1416
p 2 1 912 7 22033 1464
p 2 0 909 11 20080 1423
p 2 1 908 11 22509 1457
p 2 0 906 14 20582 1426
p 2 0 904 16 22206 1444
p 2 0 909 11 20585 1424
p 2 0 908 12 22593 1463
p 2 0 906 14 21263 1442
p 2 0 908 12 21026 1450
p 2 0 909 11 31496 1601
p 2 0 912 8 20116 1431
p 2 0 911 9 21726 1438
p 2 0 910 10 28840 1546
p 2 0 909 11 20967 1434
p 2 0 914 6 21757 1437
p 2 0 909 11 29012 1544
p 2 0 909 11 20815 1422
p 2 0 910 10 23854 1472
p 2 0 913 7 21432 1415
p 2 0 908 12 24237 1461
p 2 0 913 7 21305 1430
p 2 1 907 12 23981 1463
p 2 0 912 8 21801 1445
p 2 0 915 5 23913 1455
p 2 0 913 7 21700 1432
p 2 0 915 5 23639 1451
p 2 0 916 4 21980 1434
p 2 1 912 7 24756 1479
p 2 0 916 4 22474 1446
i 2 920 0 0 19625 3380
p 2 0 762 158 1714 919
p 2 5 895 20 11050 1361
p 2 0 833 87 2477 1029
p 2 1 892 27 9822 1332
p 2 0 844 76 2590 1047
p 2 0 908 12 9757 1309
p 2 0 856 64 2445 1059
p 2 3 903 14 11128 1392
p 2 0 870 50 2619 1083
p 2 1 902 17 10606 1373
p 2 0 874 46 2633 1079
p 2 1 902 17 11661 1420
p 2 0 870 50 2828 1104
p 2 14 889 17 14607 1585
p 2 0 871 49 2897 1124
p 2 11 879 30 15956 1591
p 2 0 871 49 2901 1109
p 2 46 868 6 14363 1630
p 2 0 868 52 2955 1125
p 2 12 882 26 16030 1563
p 2 0 876 44 2953 1132
p 2 26 886 8 18095 1637
p 2 0 834 86 2965 1094
p 2 14 897 9 18993 1620
p 2 0 863 57 3341 1140
p 2 44 868 8 22262 1757
p 2 0 817 103 3419 1099
p 2 57 857 6 23008 1862
p 2 0 858 62 3582 1147
p 2 55 856 9 24231 1982
p 2 0 841 79 3458 1128
p 2 45 866 9 22614 1862
p 2 0 855 65 3636 1159
p 2 25 886 9 24411 1842
p 2 0 847 73 3648 1155
p 2 34 873 13 26649 1923
p 2 0 838 82 4065 1184
p 2 220 694 6 32418 2619
p 2 0 822 98 3639 1161
p 2 78 841 1 31408 2354
p 2 0 838 82 4552 1289
p 2 146 772 2 28866 2586
p 2 0 811 109 4896 1335
p 2 85 825 10 28822 2432
p 2 0 819 101 5610 1401
p 2 107 811 2 25809 2470
p 2 4 803 113 5212 1439
p 2 75 839 6 23581 2330
p 2 0 797 123 4897 1347
p 2 77 827 16 20004 2289
p 2 12 889 19 6099 1660
i 2 920 0 0 12765 3175
p 2 784 136 0 12036 3471
p 2 812 108 0 8902 3400
p 2 861 59 0 9659 3391
p 2 863 57 0 11158 3461
i 2 920 0 0 10780 3065
p 2 174 738 8 8515 2250
p 2 83 835 2 7410 2095
p 2 29 889 2 9578 1965
p 2 10 910 0 8135 1997
p 2 34 882 4 8774 2085
p 2 24 892 4 6973 2038
p 2 53 858 9 6997 2038
p 2 22 894 4 6433 1922
p 2 36 878 6 6077 1973
p 2 17 902 1 6045 1934
p 2 26 892 2 6284 1986
p 2 35 883 2 5762 2007
p 2 5 904 11 5844 1835
p 2 5 914 1 4648 1799
p 2 2 912 6 4751 1751
p 2 0 916 4 3985 1645
p 2 7 900 13 4780 1673
p 2 0 915 5 4346 1647
p 2 6 908 6 4944 1687
p 2 4 913 3 4680 1728
p 2 15 904 1 5399 1777
p 2 3 916 1 5038 1683
p 2 4 911 5 5505 1647
p 2 1 918 1 5400 1659
p 2 8 910 2 5627 1675
p 2 7 913 0 5301 1685
p 2 5 912 3 5226 1685
p 2 1 918 1 4856 1640
p 2 3 911 6 4847 1596
p 2 2 916 2 4633 1570
p 2 4 907 9 5102 1571
p 2 1 905 14 4800 1517
p 2 5 902 13 4894 1496
p 2 0 905 15 4476 1499
p 2 0 901 19 4778 1537
p 2 1 908 11 4761 1511
p 2 4 901 15 5223 1514
p 2 1 909 10 4727 1533
p 2 2 901 17 4582 1544
p 2 1 908 11 4236 1536
p 2 3 905 12 4393 1539
p 2 0 904 16 4131 1504
p 2 0 900 20 4713 1543
p 2 1 907 12 4679 1557
p 2 2 896 22 4628 1539
p 2 2 892 26 4334 1524
p 2 3 891 26 4096 1517
p 2 0 903 17 3987 1495
p 2 0 888 32 4310 1487
p 2 3 882 35 4480 1505
p 2 1 887 32 5561 1532
p 2 1 900 19 5616 1555
p 2 1 889 30 5994 1516
p 2 1 903 16 6112 1556
p 2 1 898 21 6117 1523
p 2 0 895 25 5906 1537
p 2 0 887 33 5898 1502
p 2 4 895 21 5959 1566
p 2 2 884 34 6221 1525
p 2 0 901 19 6376 1537
p 2 0 901 19 6610 1549
p 2 0 912 8 6480 1558
p 2 1 907 12 6090 1523
p 2 2 904 14 6448 1538
p 2 2 902 16 6410 1507
p 2 1 898 21 6311 1504
p 2 1 907 12 6729 1525
p 2 1 900 19 6473 1475
p 2 0 900 20 7024 1512
p 2 2 906 12 7026 1518
p 2 0 901 19 7051 1495
p 2 0 903 17 7016 1492
p 2 2 911 7 6668 1490
p 2 3 897 20 7064 1521
p 2 3 904 13 6961 1519
p 2 3 897 20 6871 1518
p 2 0 906 14 6960 1514
p 2 0 909 11 6855 1502
p 2 0 905 15 6505 1504
p 2 0 910 10 6665 1496
p 2 0 910 10 6304 1467
p 2 0 910 10 6663 1493
p 2 0 910 10 6497 1498
p 2 0 916 4 6708 1498
i 2 920 0 0 46565 4062
p 2 0 208 712 381 325
p 2 0 161 759 307 283
p 2 0 121 799 262 246
p 2 0 132 788 271 254
p 2 0 55 865 193 189
p 2 0 93 827 231 217
p 2 0 34 886 177 170
p 2 0 65 855 200 192
p 2 0 33 887 177 168
p 2 0 64 856 195 191
p 2 0 59 861 202 190
p 2 0 59 861 196 190
p 2 0 28 892 169 162
p 2 0 81 839 222 207
p 2 0 42 878 187 175
p 2 0 38 882 176 170
p 2 0 60 860 206 190
p 2 0 55 865 187 181
p 2 0 34 886 175 167
p 2 0 80 840 228 204
p 2 0 30 890 180 166
p 2 0 66 854 199 188
p 2 0 41 879 189 173
p 2 0 37 883 179 169
p 2 0 36 884 185 169
p 2 0 57 863 206 187
p 2 0 35 885 179 167
p 2 0 77 843 219 198
p 2 0 46 874 188 176
p 2 0 72 848 208 195
p 2 0 75 845 207 195
p 2 0 35 885 175 167
p 2 0 22 898 168 159
p 2 0 30 890 174 161
p 2 0 31 889 172 165
p 2 0 21 899 159 156
p 2 0 33 887 186 168
p 2 0 28 892 160 159
p 2 0 21 899 159 153
p 2 0 90 830 220 206
p 2 0 32 888 168 163
p 2 0 36 884 175 167
p 2 0 41 879 186 171
p 2 0 19 901 156 152
p 2 0 57 863 199 184
p 2 0 9 911 146 145
p 2 0 38 882 177 168
p 2 0 46 874 183 174
p 2 0 57 863 192 183
p 2 0 63 857 201 186
p 2 0 63 857 228 194
i 2 920 0 0 2596 2596
p 2 0 0 920 137 137
p 2 0 0 920 137 137
p 2 0 0 920 137 137
p 2 0 0 920 137 137
p 2 0 0 920 137 137
p 2 0 0 920 137 137
p 2 0 0 920 137 137
p 2 0 0 920 137 137
p 2 0 0 920 137 137
p 2 0 0 920 137 137
p 2 0 0 920 137 137
p 2 0 0 920 137 137
p 2 0 0 920 137 137
p 2 0 0 920 137 137
p 2 0 0 920 137 137
p 2 0 0 920 137 137
p 2 0 0 920 137 137
p 2 0 0 920 137 137
p 2 0 0 920 137 137
p 2 0 0 920 137 137
p 2 0 0 920 137 137
p 2 0 0 920 137 137
p 2 0 0 920 137 137
p 2 0 0 920 137 137
p 2 0 0 920 137 137
p 2 0 0 920 137 137
p 2 0 0 920 137 137
p 2 0 0 920 137 137
p 2 0 0 920 137 137
p 2 0 0 920 137 137
p 2 0 0 920 137 137
p 2 0 0 920 137 137
p 2 0 0 920 137 137
p 2 0 0 920 137 137
p 2 0 0 920 137 137
p 2 0 0 920 137 137
p 2 0 0 920 137 137
p 2 0 0 920 137 137
p 2 0 0 920 137 137
p 2 0 0 920 137 137
p 2 0 0 920 137 137
p 2 0 0 920 137 137
p 2 0 0 920 137 137
p 2 0 0 920 137 137
p 2 0 0 920 137 137
p 2 0 0 920 137 137
p 2 0 0 920 137 137
p 2 0 0 920 137 137
p 2 0 0 920 137 137
p 2 0 0 920 137 137
p 2 0 0 920 137 137
p 2 0 0 920 137 137
p 2 0 0 920 137 137
p 2 0 0 920 137 137
p 2 0 0 920 137 137
p 2 0 0 920 137 137
p 2 0 0 920 137 137
p 2 0 0 920 137 137
p 2 0 0 920 137 137
p 2 0 0 920 137 137
p 2 0 0 920 137 137
p 2 0 0 920 137 137
p 2 0 0 920 137 137
p 2 0 0 920 137 137
p 2 0 0 920 137 137
p 2 0 0 920 137 137
p 2 0 0 920 137 137
p 2 0 0 920 137 137
i 2 920 0 0 2596 2596
p 2 0 0 920 137 137
p 2 0 0 920 137 137
p 2 0 0 920 137 137
p 2 0 0 920 137 137
p 2 0 0 920 137 137
p 2 0 0 920 137 137
p 2 0 0 920 137 137
p 2 0 0 920 137 137
p 2 0 0 920 137 137
p 2 0 0 920 137 137
p 2 0 0 920 137 137
p 2 0 0 920 137 137
p 2 0 0 920 137 137
p 2 0 0 920 137 137
p 2 0 0 920 137 137
p 2 0 0 920 137 137
p 2 0 0 920 137 137
p 2 0 0 920 137 137
p 2 0 0 920 137 137
p 2 0 0 920 137 137
p 2 0 0 920 137 137
p 2 0 0 920 137 137
p 2 0 0 920 137 137
